node   1  (   0,    0) (   3,    3) (   4,    4) (   2,    2) (   0,    0) (   3,    0) (   0,    9) (   0,    0) (   0,    0) (   0,    0)
          (   3,    0) (   0,    7) (   0,    0) (   0,    0) (   0,    0) (   3,    0) (   0,    2) (   0,    0) (   0,    0) (   0,    0)
          (   3,    0) (   0,    3) (   0,    0) (   0,    0) (   0,    0) (   3,    0) (   0,    3) (   0,    0) (   0,    0) (   0,    0)
          (   3,    0) (   0,    3) (   0,    0) (   0,    0) (   0,    0) (   3,    0) (   0,    6) (   0,    0) (   0,    0) (   0,    0)
          (   3,    0) (   0,    1) (   0,    0) (   0,    0) (   0,    0) (   3,    0) (   0,    5) (   0,    0) (   0,    0) (   0,    0)
          (   3,    0) (   0,    6) (   0,    0) (   0,    0) (   0,    0) (   3,    0) (   0,    2) (   0,    0) (   0,    0) (   0,    0)
          (   3,    0) (   0,    1) (   0,    0) (   0,    0) (   0,    0) (   1,    0) (   0,    2) (   0,    0) (   0,    0) (   0,    0)
          (   3,    0) (   0,    2) (   0,    0) (   0,    0) (   0,    0) (   3,    0) (   0,    4) (   0,    0) (   0,    0) (   0,    0)
          (   3,    0) (   0,    1) (   0,    0) (   0,    0) (   0,    0) (   3,    0) (   0,    2) (   0,    0) (   0,    0) (   0,    0)
          (   2,    0) (   0,    3) (   0,    0) (   0,    0) (   0,    0) (   2,    0) (   0,    5) (   0,    0) (   0,    0) (   0,    0)
          (   3,    0) (   0,    6) (   0,    0) (   0,    0) (   0,    0) (   3,    0) (   0,    3) (   0,    0) (   0,    0) (   0,    0)
          (   3,    0) (   0,    2) (   0,    0) (   0,    0) (   0,    0) (   3,    0) (   0,    4) (   0,    0) (   0,    0) (   0,    0)
          (   3,    0) (   0,    5) (   0,    0) (   0,    0) (   0,    0) (   3,    0) (   0,    3) (   0,    0) (   0,    0) (   0,    0)
          (   3,    0) (   0,    1) (   0,    0) (   0,    0) (   0,    0) (   3,    0) (   0,    2) (   0,    0) (   0,    0) (   0,    0)
          (   3,    0) (   0,    4) (   0,    0) (   0,    0) (   0,    0) (   3,    0) (   0,    1) (   0,    0) (   0,    0) (   0,    0)
          (   3,    0) (   0,    3) (   0,    0) (   0,    0) (   0,    0) (   2,    0) (   0,    1) (   0,    0) (   0,    0) (   0,    0)
          (   3,    0) (   0,    2) (   0,    0) (   0,    0) (   0,    0) (   2,    0) (   0,    3) (   0,    0) (   0,    0) (   0,    0)
          (   3,    0) (   0,    5) (   0,    0) (   0,    0) (   0,    0) (   3,    0) (   0,    3) (   0,    0) (   0,    0) (   0,    0)
          (   3,    0) (   0,    3) (   0,    0) (   0,    0) (   0,    0) (   3,    0) (   0,    3) (   0,    0) (   0,    0) (   0,    0)
          (   3,    0) (   0,    2) (   0,    0) (   0,    0) (   0,    0) (   3,    0) (   0,    2) (   0,    0) (   0,    0) (   0,    0)
          (   3,    0) (   0,    3) (   0,    0) (   0,    0) (   0,    0) (   2,    0) (   0,    3) (   0,    0) (   0,    0) (   0,    0)
          (   3,    0) (   0,    4) (   0,    0) (   0,    0) (   0,    0) (   3,    0) (   0,    2) (   0,    0) (   0,    0) (   0,    0)
          (   3,    0) (   0,    4) (   0,    0) (   0,    0) (   0,    0) (   3,    0) (   0,    3) (   0,    0) (   0,    0) (   0,    0)
          (   3,    0) (   0,    2) (   0,    0) (   0,    0) (   0,    0) (   3,    0) (   0,    2) (   0,    0) (   0,    0) (   0,    0)
          (   3,    0) (   0,    3) (   0,    0) (   0,    0) (   0,    0) (   3,    0) (   0,    4) (   0,    0) (   0,    0) (   0,    0)
          (   3,    0) (   0,    4) (   0,    0) (   0,    0) (   0,    0) (   3,    0) (   0,    3) (   0,    0) (   0,    0) (   0,    0)
          (   3,    0) (   0,    3) (   0,    0) (   0,    0) (   0,    0) (   3,    0) (   0,    4) (   0,    0) (   0,    0) (   0,    0)
          (   3,    0) (   0,    3) (   0,    0) (   0,    0) (   0,    0) (   3,    0) (   0,    3) (   0,    0) (   0,    0) (   0,    0)
          (   2,    0) (   0,    1) (   0,    0) (   0,    0) (   0,    0) (   3,    0) (   0,    3) (   0,    0) (   0,    0) (   0,    0)
          (   3,    0) (   0,    5) (   0,    0) (   0,    0) (   0,    0) (   2,    0) (   0,    1) (   0,    0) (   0,    0) (   0,    0)
          (   3,    0) (   0,    2) (   0,    0) (   0,    0) (   0,    0) (   3,    0) (   0,    2) (   0,    0) (   0,    0) (   0,    0)
          (   3,    0) (   0,    4) (   0,    0) (   0,    0) (   0,    0) (   3,    0) (   0,    2) (   0,    0) (   0,    0) (   0,    0)
          (   3,    0) (   0,    3) (   0,    0) (   0,    0) (   0,    0) (   3,    0) (   0,    5) (   0,    0) (   0,    0) (   0,    0)
          (   3,    0) (   0,    2) (   0,    0) (   0,    0) (   0,    0) (   3,    0) (   0,    3) (   0,    0) (   0,    0) (   0,    0)
          (   3,    0) (   0,    1) (   0,    0) (   0,    0) (   0,    0) (   3,    0) (   0,    3) (   0,    0) (   0,    0) (   0,    0)
          (   3,    0) (   0,    1) (   0,    0) (   0,    0) (   0,    0) (   3,    0) (   0,    2) (   0,    0) (   0,    0) (   0,    0)
          (   3,    0) (   0,    4) (   0,    0) (   0,    0) (   0,    0) (   3,    0) (   0,    4) (   0,    0) (   0,    0) (   0,    0)
          (   3,    0) (   0,    3) (   0,    0) (   0,    0) (   0,    0) (   3,    0) (   0,    3) (   0,    0) (   0,    0) (   0,    0)
          (   3,    0) (   0,    5) (   0,    0) (   0,    0) (   0,    0) (   3,    0) (   0,    6) (   0,    0) (   0,    0) (   0,    0)
          (   3,    0) (   0,    3) (   0,    0) (   0,    0) (   0,    0) (   3,    0) (   0,    2) (   0,    0) (   0,    0) (   0,    0)
          (   3,    0) (   0,    2) (   0,    0) (   0,    0) (   0,    0) (   3,    0) (   0,    3) (   0,    0) (   0,    0) (   0,    0)
          (   3,    0) (   0,    2) (   0,    0) (   0,    0) (   0,    0) (   3,    0) (   0,    2) (   0,    0) (   0,    0) (   0,    0)
          (   3,    0) (   0,    1) (   0,    0) (   0,    0) (   0,    0) (   3,    0) (   0,    2) (   0,    0) (   0,    0) (   0,    0)
          (   3,    0) (   0,    4) (   0,    0) (   0,    0) (   0,    0) (   3,    0) (   0,    3) (   0,    0) (   0,    0) (   0,    0)
          (   3,    0) (   0,    4) (   0,    0) (   0,    0) (   0,    0) (   3,    0) (   0,    2) (   0,    0) (   0,    0) (   0,    0)
          (   3,    0) (   0,    4) (   0,    0) (   0,    0) (   0,    0) (   3,    0) (   0,    3) (   0,    0) (   0,    0) (   0,    0)
          (   3,    0) (   0,    3) (   0,    0) (   0,    0) (   0,    0) (   3,    0) (   0,    1) (   0,    0) (   0,    0) (   0,    0)
          (   3,    0) (   0,    5) (   0,    0) (   0,    0) (   0,    0) (   3,    0) (   0,    3) (   0,    0) (   0,    0) (   0,    0)
          (   3,    0) (   0,    5) (   0,    0) (   0,    0) (   0,    0) (   3,    0) (   0,    2) (   0,    0) (   0,    0) (   0,    0)
          (   3,    0) (   0,    3) (   0,    0) (   0,    0) (   0,    0) (   3,    0) (   0,    3) (   0,    0) (   0,    0) (   0,    0)
          (   3,    0) (   0,    4) (   0,    0) (   0,    0) (   0,    0) (   3,    0) (   0,    4) (   0,    0) (   0,    0) (   0,    0)
          (   3,    0) (   0,    2) (   0,    0) (   0,    0) (   0,    0) (   3,    0) (   0,    4) (   0,    0) (   0,    0) (   0,    0)
          (   3,    0) (   0,    3) (   0,    0) (   0,    0) (   0,    0) (   3,    0) (   0,    2) (   0,    0) (   0,    0) (   0,    0)
          (   3,    0) (   0,    3) (   0,    0) (   0,    0) (   0,    0) (   3,    0) (   0,    4) (   0,    0) (   0,    0) (   0,    0)
          (   3,    0) (   0,    3) (   0,    0) (   0,    0) (   0,    0) (   3,    0) (   0,    4) (   0,    0) (   0,    0) (   0,    0)
          (   3,    0) (   0,    4) (   0,    0) (   0,    0) (   0,    0) (   3,    0) (   0,    4) (   0,    0) (   0,    0) (   0,    0)
          (   3,    0) (   0,    0) (   0,    0) (   0,    0) (   0,    0) (   3,    0) (   0,    4) (   0,    0) (   0,    0) (   0,    0)
          (   3,    0) (   0,    3) (   0,    0) (   0,    0) (   0,    0) (   3,    0) (   0,    1) (   0,    0) (   0,    0) (   0,    0)
          (   3,    0) (   0,    5) (   0,    0) (   0,    0) (   0,    0) (   3,    0) (   0,    2) (   0,    0) (   0,    0) (   0,    0)
          (   3,    0) (   0,    6) (   0,    0) (   0,    0) (   0,    0) (   3,    0) (   0,    4) (   0,    0) (   0,    0) (   0,    0)
          (   3,    0) (   0,    3) (   0,    0) (   0,    0) (   0,    0) (   3,    0) (   0,    0) (   0,    0) (   0,    0) (   0,    0)
          (   3,    0) (   0,    2) (   0,    0) (   0,    0) (   0,    0) (   3,    0) (   0,    2) (   0,    0) (   0,    0) (   0,    0)
          (   3,    0) (   0,    4) (   0,    0) (   0,    0) (   0,    0) (   3,    0) (   0,    2) (   0,    0) (   0,    0) (   0,    0)
          (   3,    0) (   0,    2) (   0,    0) (   0,    0) (   0,    0) (   3,    0) (   0,    4) (   0,    0) (   0,    0) (   0,    0)
          (   3,    0) (   0,    3) (   0,    0) (   0,    0) (   0,    0) (   3,    0) (   0,    2) (   0,    0) (   0,    0) (   0,    0)
          (   3,    0) (   0,    5) (   0,    0) (   0,    0) (   0,    0) (   3,    0) (   0,    6) (   0,    0) (   0,    0) (   0,    0)
          (   3,    0) (   0,    3) (   0,    0) (   0,    0) (   0,    0) (   3,    0) (   0,    2) (   0,    0) (   0,    0) (   0,    0)
          (   3,    0) (   0,    1) (   0,    0) (   0,    0) (   0,    0) (   3,    0) (   0,    4) (   0,    0) (   0,    0) (   0,    0)
          (   3,    0) (   0,    3) (   0,    0) (   0,    0) (   0,    0) (   3,    0) (   0,    3) (   0,    0) (   0,    0) (   0,    0)
          (   3,    0) (   0,    6) (   0,    0) (   0,    0) (   0,    0) (   3,    0) (   0,    3) (   0,    0) (   0,    0) (   0,    0)
         
node   1 sent_total    417  recv_total    437

node   2  (   1,    0) (   0,    0) (   0,    1) (   0,    0) (   0,    0) (   1,    0) (   0,    1) (   0,    0) (   0,    0) (   0,    0)
          (   3,    0) (   0,    0) (   0,    0) (   0,    0) (   0,    0) (   3,    0) (   0,    2) (   0,    0) (   0,    0) (   0,    0)
          (   3,    0) (   0,    2) (   0,    0) (   0,    0) (   0,    0) (   3,    0) (   0,    3) (   0,    0) (   0,    0) (   0,    0)
          (   3,    0) (   0,    1) (   0,    0) (   0,    0) (   0,    0) (   3,    0) (   0,    4) (   0,    0) (   0,    0) (   0,    0)
          (   3,    0) (   0,    3) (   0,    0) (   0,    0) (   0,    0) (   3,    0) (   0,    2) (   0,    0) (   0,    0) (   0,    0)
          (   3,    0) (   0,    2) (   0,    0) (   0,    0) (   0,    0) (   3,    0) (   0,    3) (   0,    0) (   0,    0) (   0,    0)
          (   3,    0) (   0,    5) (   0,    0) (   0,    0) (   0,    0) (   3,    0) (   0,    2) (   0,    0) (   0,    0) (   0,    0)
          (   3,    0) (   0,    3) (   0,    0) (   0,    0) (   0,    0) (   3,    0) (   0,    5) (   0,    0) (   0,    0) (   0,    0)
          (   3,    0) (   0,    4) (   0,    0) (   0,    0) (   0,    0) (   1,    0) (   0,    3) (   0,    0) (   0,    0) (   0,    0)
          (   3,    0) (   0,    3) (   0,    0) (   0,    0) (   0,    0) (   3,    0) (   0,    3) (   0,    0) (   0,    0) (   0,    0)
          (   2,    0) (   0,    3) (   0,    0) (   0,    0) (   0,    0) (   3,    0) (   0,    2) (   0,    0) (   0,    0) (   0,    0)
          (   3,    0) (   0,    5) (   0,    0) (   0,    0) (   0,    0) (   3,    0) (   0,    3) (   0,    0) (   0,    0) (   0,    0)
          (   3,    0) (   0,    2) (   0,    0) (   0,    0) (   0,    0) (   1,    0) (   0,    2) (   0,    0) (   0,    0) (   0,    0)
          (   2,    0) (   0,    4) (   0,    0) (   0,    0) (   0,    0) (   3,    0) (   0,    5) (   0,    0) (   0,    0) (   0,    0)
          (   3,    0) (   0,    2) (   0,    0) (   0,    0) (   0,    0) (   3,    0) (   0,    1) (   0,    0) (   0,    0) (   0,    0)
          (   3,    0) (   0,    2) (   0,    0) (   0,    0) (   0,    0) (   3,    0) (   0,    3) (   0,    0) (   0,    0) (   0,    0)
          (   3,    0) (   0,    3) (   0,    0) (   0,    0) (   0,    0) (   3,    0) (   0,    3) (   0,    0) (   0,    0) (   0,    0)
          (   3,    0) (   0,    3) (   0,    0) (   0,    0) (   0,    0) (   3,    0) (   0,    4) (   0,    0) (   0,    0) (   0,    0)
          (   2,    0) (   0,    2) (   0,    0) (   0,    0) (   0,    0) (   3,    0) (   0,    4) (   0,    0) (   0,    0) (   0,    0)
          (   3,    0) (   0,    4) (   0,    0) (   0,    0) (   0,    0) (   3,    0) (   0,    4) (   0,    0) (   0,    0) (   0,    0)
          (   2,    0) (   0,    2) (   0,    0) (   0,    0) (   0,    0) (   1,    0) (   0,    5) (   0,    0) (   0,    0) (   0,    0)
          (   2,    0) (   0,    1) (   0,    0) (   0,    0) (   0,    0) (   3,    0) (   0,    4) (   0,    0) (   0,    0) (   0,    0)
          (   3,    0) (   0,    2) (   0,    0) (   0,    0) (   0,    0) (   3,    0) (   0,    3) (   0,    0) (   0,    0) (   0,    0)
          (   3,    0) (   0,    3) (   0,    0) (   0,    0) (   0,    0) (   3,    0) (   0,    3) (   0,    0) (   0,    0) (   0,    0)
          (   2,    0) (   0,    4) (   0,    0) (   0,    0) (   0,    0) (   3,    0) (   0,    4) (   0,    0) (   0,    0) (   0,    0)
          (   3,    0) (   0,    1) (   0,    0) (   0,    0) (   0,    0) (   3,    0) (   0,    2) (   0,    0) (   0,    0) (   0,    0)
          (   3,    0) (   0,    1) (   0,    0) (   0,    0) (   0,    0) (   3,    0) (   0,    2) (   0,    0) (   0,    0) (   0,    0)
          (   3,    0) (   0,    4) (   0,    0) (   0,    0) (   0,    0) (   2,    0) (   0,    3) (   0,    0) (   0,    0) (   0,    0)
          (   3,    0) (   0,    3) (   0,    0) (   0,    0) (   0,    0) (   3,    0) (   0,    0) (   0,    0) (   0,    0) (   0,    0)
          (   2,    0) (   0,    2) (   0,    0) (   0,    0) (   0,    0) (   3,    0) (   0,    3) (   0,    0) (   0,    0) (   0,    0)
          (   3,    0) (   0,    3) (   0,    0) (   0,    0) (   0,    0) (   3,    0) (   0,    2) (   0,    0) (   0,    0) (   0,    0)
          (   3,    0) (   0,    5) (   0,    0) (   0,    0) (   0,    0) (   3,    0) (   0,    4) (   0,    0) (   0,    0) (   0,    0)
          (   3,    0) (   0,    1) (   0,    0) (   0,    0) (   0,    0) (   3,    0) (   0,    2) (   0,    0) (   0,    0) (   0,    0)
          (   3,    0) (   0,    0) (   0,    0) (   0,    0) (   0,    0) (   3,    0) (   0,    4) (   0,    0) (   0,    0) (   0,    0)
          (   3,    0) (   0,    2) (   0,    0) (   0,    0) (   0,    0) (   3,    0) (   0,    3) (   0,    0) (   0,    0) (   0,    0)
          (   3,    0) (   0,    3) (   0,    0) (   0,    0) (   0,    0) (   3,    0) (   0,    4) (   0,    0) (   0,    0) (   0,    0)
          (   3,    0) (   0,    4) (   0,    0) (   0,    0) (   0,    0) (   3,    0) (   0,    4) (   0,    0) (   0,    0) (   0,    0)
          (   3,    0) (   0,    3) (   0,    0) (   0,    0) (   0,    0) (   3,    0) (   0,    1) (   0,    0) (   0,    0) (   0,    0)
          (   3,    0) (   0,    2) (   0,    0) (   0,    0) (   0,    0) (   3,    0) (   0,    3) (   0,    0) (   0,    0) (   0,    0)
          (   3,    0) (   0,    4) (   0,    0) (   0,    0) (   0,    0) (   3,    0) (   0,    2) (   0,    0) (   0,    0) (   0,    0)
          (   3,    0) (   0,    4) (   0,    0) (   0,    0) (   0,    0) (   3,    0) (   0,    3) (   0,    0) (   0,    0) (   0,    0)
          (   3,    0) (   0,    3) (   0,    0) (   0,    0) (   0,    0) (   3,    0) (   0,    5) (   0,    0) (   0,    0) (   0,    0)
          (   3,    0) (   0,    5) (   0,    0) (   0,    0) (   0,    0) (   3,    0) (   0,    3) (   0,    0) (   0,    0) (   0,    0)
          (   3,    0) (   0,    3) (   0,    0) (   0,    0) (   0,    0) (   3,    0) (   0,    4) (   0,    0) (   0,    0) (   0,    0)
          (   3,    0) (   0,    1) (   0,    0) (   0,    0) (   0,    0) (   3,    0) (   0,    1) (   0,    0) (   0,    0) (   0,    0)
          (   3,    0) (   0,    1) (   0,    0) (   0,    0) (   0,    0) (   3,    0) (   0,    6) (   0,    0) (   0,    0) (   0,    0)
          (   3,    0) (   0,    4) (   0,    0) (   0,    0) (   0,    0) (   3,    0) (   0,    5) (   0,    0) (   0,    0) (   0,    0)
          (   3,    0) (   0,    2) (   0,    0) (   0,    0) (   0,    0) (   3,    0) (   0,    3) (   0,    0) (   0,    0) (   0,    0)
          (   3,    0) (   0,    1) (   0,    0) (   0,    0) (   0,    0) (   3,    0) (   0,    3) (   0,    0) (   0,    0) (   0,    0)
          (   3,    0) (   0,    2) (   0,    0) (   0,    0) (   0,    0) (   3,    0) (   0,    4) (   0,    0) (   0,    0) (   0,    0)
          (   3,    0) (   0,    2) (   0,    0) (   0,    0) (   0,    0) (   3,    0) (   0,    3) (   0,    0) (   0,    0) (   0,    0)
          (   3,    0) (   0,    2) (   0,    0) (   0,    0) (   0,    0) (   3,    0) (   0,    3) (   0,    0) (   0,    0) (   0,    0)
          (   3,    0) (   0,    3) (   0,    0) (   0,    0) (   0,    0) (   3,    0) (   0,    1) (   0,    0) (   0,    0) (   0,    0)
          (   3,    0) (   0,    6) (   0,    0) (   0,    0) (   0,    0) (   3,    0) (   0,    2) (   0,    0) (   0,    0) (   0,    0)
          (   3,    0) (   0,    2) (   0,    0) (   0,    0) (   0,    0) (   3,    0) (   0,    2) (   0,    0) (   0,    0) (   0,    0)
          (   3,    0) (   0,    3) (   0,    0) (   0,    0) (   0,    0) (   3,    0) (   0,    2) (   0,    0) (   0,    0) (   0,    0)
          (   3,    0) (   0,    4) (   0,    0) (   0,    0) (   0,    0) (   3,    0) (   0,    3) (   0,    0) (   0,    0) (   0,    0)
          (   3,    0) (   0,    1) (   0,    0) (   0,    0) (   0,    0) (   3,    0) (   0,    4) (   0,    0) (   0,    0) (   0,    0)
          (   3,    0) (   0,    3) (   0,    0) (   0,    0) (   0,    0) (   3,    0) (   0,    5) (   0,    0) (   0,    0) (   0,    0)
          (   3,    0) (   0,    2) (   0,    0) (   0,    0) (   0,    0) (   3,    0) (   0,    2) (   0,    0) (   0,    0) (   0,    0)
          (   3,    0) (   0,    1) (   0,    0) (   0,    0) (   0,    0) (   3,    0) (   0,    2) (   0,    0) (   0,    0) (   0,    0)
          (   3,    0) (   0,    3) (   0,    0) (   0,    0) (   0,    0) (   3,    0) (   0,    1) (   0,    0) (   0,    0) (   0,    0)
          (   3,    0) (   0,    4) (   0,    0) (   0,    0) (   0,    0) (   3,    0) (   0,    2) (   0,    0) (   0,    0) (   0,    0)
          (   3,    0) (   0,    3) (   0,    0) (   0,    0) (   0,    0) (   3,    0) (   0,    1) (   0,    0) (   0,    0) (   0,    0)
          (   3,    0) (   0,    4) (   0,    0) (   0,    0) (   0,    0) (   3,    0) (   0,    1) (   0,    0) (   0,    0) (   0,    0)
          (   3,    0) (   0,    0) (   0,    0) (   0,    0) (   0,    0) (   3,    0) (   0,    1) (   0,    0) (   0,    0) (   0,    0)
          (   3,    0) (   0,    5) (   0,    0) (   0,    0) (   0,    0) (   3,    0) (   0,    4) (   0,    0) (   0,    0) (   0,    0)
          (   3,    0) (   0,    3) (   0,    0) (   0,    0) (   0,    0) (   3,    0) (   0,    5) (   0,    0) (   0,    0) (   0,    0)
          (   3,    0) (   0,    1) (   0,    0) (   0,    0) (   0,    0) (   3,    0) (   0,    5) (   0,    0) (   0,    0) (   0,    0)
          (   3,    0) (   0,    3) (   0,    0) (   0,    0) (   0,    0) (   3,    0) (   0,    2) (   0,    0) (   0,    0) (   0,    0)
         
node   2 sent_total    402  recv_total    390

node   3  (   1,    0) (   0,    0) (   0,    1) (   0,    0) (   0,    0) (   1,    0) (   0,    1) (   0,    0) (   0,    0) (   0,    0)
          (   3,    0) (   0,    1) (   0,    0) (   0,    0) (   0,    0) (   3,    0) (   0,    1) (   0,    0) (   0,    0) (   0,    0)
          (   3,    0) (   0,    3) (   0,    0) (   0,    0) (   0,    0) (   3,    0) (   0,    4) (   0,    0) (   0,    0) (   0,    0)
          (   3,    0) (   0,    2) (   0,    0) (   0,    0) (   0,    0) (   3,    0) (   0,    4) (   0,    0) (   0,    0) (   0,    0)
          (   3,    0) (   0,    5) (   0,    0) (   0,    0) (   0,    0) (   3,    0) (   0,    2) (   0,    0) (   0,    0) (   0,    0)
          (   3,    0) (   0,    5) (   0,    0) (   0,    0) (   0,    0) (   3,    0) (   0,    4) (   0,    0) (   0,    0) (   0,    0)
          (   3,    0) (   0,    3) (   0,    0) (   0,    0) (   0,    0) (   3,    0) (   0,    5) (   0,    0) (   0,    0) (   0,    0)
          (   2,    0) (   0,    4) (   0,    0) (   0,    0) (   0,    0) (   3,    0) (   0,    2) (   0,    0) (   0,    0) (   0,    0)
          (   2,    0) (   0,    2) (   0,    0) (   0,    0) (   0,    0) (   3,    0) (   0,    1) (   0,    0) (   0,    0) (   0,    0)
          (   2,    0) (   0,    3) (   0,    0) (   0,    0) (   0,    0) (   3,    0) (   0,    1) (   0,    0) (   0,    0) (   0,    0)
          (   3,    0) (   0,    1) (   0,    0) (   0,    0) (   0,    0) (   3,    0) (   0,    2) (   0,    0) (   0,    0) (   0,    0)
          (   3,    0) (   0,    3) (   0,    0) (   0,    0) (   0,    0) (   2,    0) (   0,    2) (   0,    0) (   0,    0) (   0,    0)
          (   3,    0) (   0,    2) (   0,    0) (   0,    0) (   0,    0) (   3,    0) (   0,    1) (   0,    0) (   0,    0) (   0,    0)
          (   3,    0) (   0,    2) (   0,    0) (   0,    0) (   0,    0) (   3,    0) (   0,    2) (   0,    0) (   0,    0) (   0,    0)
          (   3,    0) (   0,    3) (   0,    0) (   0,    0) (   0,    0) (   3,    0) (   0,    2) (   0,    0) (   0,    0) (   0,    0)
          (   3,    0) (   0,    4) (   0,    0) (   0,    0) (   0,    0) (   3,    0) (   0,    0) (   0,    0) (   0,    0) (   0,    0)
          (   1,    0) (   0,    1) (   0,    0) (   0,    0) (   0,    0) (   3,    0) (   0,    3) (   0,    0) (   0,    0) (   0,    0)
          (   3,    0) (   0,    0) (   0,    0) (   0,    0) (   0,    0) (   3,    0) (   0,    1) (   0,    0) (   0,    0) (   0,    0)
          (   2,    0) (   0,    0) (   0,    0) (   0,    0) (   0,    0) (   3,    0) (   0,    4) (   0,    0) (   0,    0) (   0,    0)
          (   3,    0) (   0,    2) (   0,    0) (   0,    0) (   0,    0) (   2,    0) (   0,    3) (   0,    0) (   0,    0) (   0,    0)
          (   2,    0) (   0,    1) (   0,    0) (   0,    0) (   0,    0) (   3,    0) (   0,    2) (   0,    0) (   0,    0) (   0,    0)
          (   3,    0) (   0,    3) (   0,    0) (   0,    0) (   0,    0) (   3,    0) (   0,    1) (   0,    0) (   0,    0) (   0,    0)
          (   3,    0) (   0,    4) (   0,    0) (   0,    0) (   0,    0) (   2,    0) (   0,    0) (   0,    0) (   0,    0) (   0,    0)
          (   3,    0) (   0,    3) (   0,    0) (   0,    0) (   0,    0) (   3,    0) (   0,    2) (   0,    0) (   0,    0) (   0,    0)
          (   3,    0) (   0,    2) (   0,    0) (   0,    0) (   0,    0) (   2,    0) (   0,    4) (   0,    0) (   0,    0) (   0,    0)
          (   3,    0) (   0,    3) (   0,    0) (   0,    0) (   0,    0) (   3,    0) (   0,    4) (   0,    0) (   0,    0) (   0,    0)
          (   2,    0) (   0,    4) (   0,    0) (   0,    0) (   0,    0) (   3,    0) (   0,    3) (   0,    0) (   0,    0) (   0,    0)
          (   3,    0) (   0,    0) (   0,    0) (   0,    0) (   0,    0) (   3,    0) (   0,    3) (   0,    0) (   0,    0) (   0,    0)
          (   2,    0) (   0,    3) (   0,    0) (   0,    0) (   0,    0) (   3,    0) (   0,    1) (   0,    0) (   0,    0) (   0,    0)
          (   3,    0) (   0,    4) (   0,    0) (   0,    0) (   0,    0) (   2,    0) (   0,    0) (   0,    0) (   0,    0) (   0,    0)
          (   3,    0) (   0,    2) (   0,    0) (   0,    0) (   0,    0) (   3,    0) (   0,    4) (   0,    0) (   0,    0) (   0,    0)
          (   3,    0) (   0,    4) (   0,    0) (   0,    0) (   0,    0) (   3,    0) (   0,    1) (   0,    0) (   0,    0) (   0,    0)
          (   3,    0) (   0,    1) (   0,    0) (   0,    0) (   0,    0) (   3,    0) (   0,    3) (   0,    0) (   0,    0) (   0,    0)
          (   3,    0) (   0,    2) (   0,    0) (   0,    0) (   0,    0) (   3,    0) (   0,    3) (   0,    0) (   0,    0) (   0,    0)
          (   3,    0) (   0,    4) (   0,    0) (   0,    0) (   0,    0) (   3,    0) (   0,    4) (   0,    0) (   0,    0) (   0,    0)
          (   3,    0) (   0,    3) (   0,    0) (   0,    0) (   0,    0) (   3,    0) (   0,    4) (   0,    0) (   0,    0) (   0,    0)
          (   3,    0) (   0,    2) (   0,    0) (   0,    0) (   0,    0) (   3,    0) (   0,    1) (   0,    0) (   0,    0) (   0,    0)
          (   3,    0) (   0,    3) (   0,    0) (   0,    0) (   0,    0) (   3,    0) (   0,    3) (   0,    0) (   0,    0) (   0,    0)
          (   3,    0) (   0,    2) (   0,    0) (   0,    0) (   0,    0) (   3,    0) (   0,    2) (   0,    0) (   0,    0) (   0,    0)
          (   3,    0) (   0,    3) (   0,    0) (   0,    0) (   0,    0) (   3,    0) (   0,    3) (   0,    0) (   0,    0) (   0,    0)
          (   3,    0) (   0,    3) (   0,    0) (   0,    0) (   0,    0) (   3,    0) (   0,    2) (   0,    0) (   0,    0) (   0,    0)
          (   3,    0) (   0,    2) (   0,    0) (   0,    0) (   0,    0) (   3,    0) (   0,    3) (   0,    0) (   0,    0) (   0,    0)
          (   3,    0) (   0,    1) (   0,    0) (   0,    0) (   0,    0) (   3,    0) (   0,    3) (   0,    0) (   0,    0) (   0,    0)
          (   3,    0) (   0,    4) (   0,    0) (   0,    0) (   0,    0) (   3,    0) (   0,    3) (   0,    0) (   0,    0) (   0,    0)
          (   3,    0) (   0,    6) (   0,    0) (   0,    0) (   0,    0) (   3,    0) (   0,    3) (   0,    0) (   0,    0) (   0,    0)
          (   3,    0) (   0,    2) (   0,    0) (   0,    0) (   0,    0) (   3,    0) (   0,    4) (   0,    0) (   0,    0) (   0,    0)
          (   3,    0) (   0,    4) (   0,    0) (   0,    0) (   0,    0) (   3,    0) (   0,    4) (   0,    0) (   0,    0) (   0,    0)
          (   3,    0) (   0,    4) (   0,    0) (   0,    0) (   0,    0) (   3,    0) (   0,    1) (   0,    0) (   0,    0) (   0,    0)
          (   3,    0) (   0,    2) (   0,    0) (   0,    0) (   0,    0) (   3,    0) (   0,    2) (   0,    0) (   0,    0) (   0,    0)
          (   3,    0) (   0,    4) (   0,    0) (   0,    0) (   0,    0) (   3,    0) (   0,    1) (   0,    0) (   0,    0) (   0,    0)
          (   3,    0) (   0,    5) (   0,    0) (   0,    0) (   0,    0) (   3,    0) (   0,    1) (   0,    0) (   0,    0) (   0,    0)
          (   3,    0) (   0,    2) (   0,    0) (   0,    0) (   0,    0) (   3,    0) (   0,    3) (   0,    0) (   0,    0) (   0,    0)
          (   3,    0) (   0,    2) (   0,    0) (   0,    0) (   0,    0) (   3,    0) (   0,    2) (   0,    0) (   0,    0) (   0,    0)
          (   3,    0) (   0,    3) (   0,    0) (   0,    0) (   0,    0) (   3,    0) (   0,    2) (   0,    0) (   0,    0) (   0,    0)
          (   3,    0) (   0,    1) (   0,    0) (   0,    0) (   0,    0) (   3,    0) (   0,    4) (   0,    0) (   0,    0) (   0,    0)
          (   3,    0) (   0,    4) (   0,    0) (   0,    0) (   0,    0) (   3,    0) (   0,    2) (   0,    0) (   0,    0) (   0,    0)
          (   3,    0) (   0,    2) (   0,    0) (   0,    0) (   0,    0) (   3,    0) (   0,    4) (   0,    0) (   0,    0) (   0,    0)
          (   3,    0) (   0,    3) (   0,    0) (   0,    0) (   0,    0) (   3,    0) (   0,    5) (   0,    0) (   0,    0) (   0,    0)
          (   3,    0) (   0,    5) (   0,    0) (   0,    0) (   0,    0) (   3,    0) (   0,    4) (   0,    0) (   0,    0) (   0,    0)
          (   3,    0) (   0,    3) (   0,    0) (   0,    0) (   0,    0) (   3,    0) (   0,    5) (   0,    0) (   0,    0) (   0,    0)
          (   3,    0) (   0,    3) (   0,    0) (   0,    0) (   0,    0) (   3,    0) (   0,    1) (   0,    0) (   0,    0) (   0,    0)
          (   3,    0) (   0,    5) (   0,    0) (   0,    0) (   0,    0) (   3,    0) (   0,    3) (   0,    0) (   0,    0) (   0,    0)
          (   3,    0) (   0,    4) (   0,    0) (   0,    0) (   0,    0) (   3,    0) (   0,    2) (   0,    0) (   0,    0) (   0,    0)
          (   3,    0) (   0,    2) (   0,    0) (   0,    0) (   0,    0) (   3,    0) (   0,    3) (   0,    0) (   0,    0) (   0,    0)
          (   3,    0) (   0,    4) (   0,    0) (   0,    0) (   0,    0) (   3,    0) (   0,    1) (   0,    0) (   0,    0) (   0,    0)
          (   3,    0) (   0,    2) (   0,    0) (   0,    0) (   0,    0) (   3,    0) (   0,    2) (   0,    0) (   0,    0) (   0,    0)
          (   3,    0) (   0,    3) (   0,    0) (   0,    0) (   0,    0) (   3,    0) (   0,    2) (   0,    0) (   0,    0) (   0,    0)
          (   3,    0) (   0,    3) (   0,    0) (   0,    0) (   0,    0) (   3,    0) (   0,    3) (   0,    0) (   0,    0) (   0,    0)
          (   3,    0) (   0,    2) (   0,    0) (   0,    0) (   0,    0) (   3,    0) (   0,    2) (   0,    0) (   0,    0) (   0,    0)
          (   3,    0) (   0,    1) (   0,    0) (   0,    0) (   0,    0) (   3,    0) (   0,    2) (   0,    0) (   0,    0) (   0,    0)
         
node   3 sent_total    402  recv_total    363

node   4  (   1,    0) (   0,    0) (   0,    1) (   0,    0) (   0,    0) (   1,    0) (   0,    0) (   0,    0) (   0,    0) (   0,    0)
          (   1,    0) (   0,    2) (   0,    0) (   0,    0) (   0,    0) (   3,    0) (   0,    4) (   0,    0) (   0,    0) (   0,    0)
          (   3,    0) (   0,    3) (   0,    0) (   0,    0) (   0,    0) (   3,    0) (   0,    2) (   0,    0) (   0,    0) (   0,    0)
          (   3,    0) (   0,    2) (   0,    0) (   0,    0) (   0,    0) (   3,    0) (   0,    1) (   0,    0) (   0,    0) (   0,    0)
          (   3,    0) (   0,    4) (   0,    0) (   0,    0) (   0,    0) (   3,    0) (   0,    4) (   0,    0) (   0,    0) (   0,    0)
          (   3,    0) (   0,    2) (   0,    0) (   0,    0) (   0,    0) (   2,    0) (   0,    4) (   0,    0) (   0,    0) (   0,    0)
          (   2,    0) (   0,    3) (   0,    0) (   0,    0) (   0,    0) (   3,    0) (   0,    4) (   0,    0) (   0,    0) (   0,    0)
          (   3,    0) (   0,    2) (   0,    0) (   0,    0) (   0,    0) (   2,    0) (   0,    3) (   0,    0) (   0,    0) (   0,    0)
          (   3,    0) (   0,    0) (   0,    0) (   0,    0) (   0,    0) (   3,    0) (   0,    3) (   0,    0) (   0,    0) (   0,    0)
          (   3,    0) (   0,    1) (   0,    0) (   0,    0) (   0,    0) (   3,    0) (   0,    0) (   0,    0) (   0,    0) (   0,    0)
          (   3,    0) (   0,    4) (   0,    0) (   0,    0) (   0,    0) (   3,    0) (   0,    0) (   0,    0) (   0,    0) (   0,    0)
          (   3,    0) (   0,    1) (   0,    0) (   0,    0) (   0,    0) (   3,    0) (   0,    3) (   0,    0) (   0,    0) (   0,    0)
          (   3,    0) (   0,    4) (   0,    0) (   0,    0) (   0,    0) (   3,    0) (   0,    2) (   0,    0) (   0,    0) (   0,    0)
          (   3,    0) (   0,    2) (   0,    0) (   0,    0) (   0,    0) (   1,    0) (   0,    1) (   0,    0) (   0,    0) (   0,    0)
          (   3,    0) (   0,    4) (   0,    0) (   0,    0) (   0,    0) (   2,    0) (   0,    4) (   0,    0) (   0,    0) (   0,    0)
          (   2,    0) (   0,    2) (   0,    0) (   0,    0) (   0,    0) (   3,    0) (   0,    1) (   0,    0) (   0,    0) (   0,    0)
          (   3,    0) (   0,    1) (   0,    0) (   0,    0) (   0,    0) (   0,    0) (   0,    2) (   0,    0) (   0,    0) (   0,    0)
          (   2,    0) (   0,    4) (   0,    0) (   0,    0) (   0,    0) (   3,    0) (   0,    3) (   0,    0) (   0,    0) (   0,    0)
          (   1,    0) (   0,    3) (   0,    0) (   0,    0) (   0,    0) (   3,    0) (   0,    1) (   0,    0) (   0,    0) (   0,    0)
          (   3,    0) (   0,    1) (   0,    0) (   0,    0) (   0,    0) (   3,    0) (   0,    3) (   0,    0) (   0,    0) (   0,    0)
          (   3,    0) (   0,    1) (   0,    0) (   0,    0) (   0,    0) (   2,    0) (   0,    0) (   0,    0) (   0,    0) (   0,    0)
          (   1,    0) (   0,    2) (   0,    0) (   0,    0) (   0,    0) (   3,    0) (   0,    5) (   0,    0) (   0,    0) (   0,    0)
          (   3,    0) (   0,    1) (   0,    0) (   0,    0) (   0,    0) (   3,    0) (   0,    1) (   0,    0) (   0,    0) (   0,    0)
          (   3,    0) (   0,    3) (   0,    0) (   0,    0) (   0,    0) (   2,    0) (   0,    5) (   0,    0) (   0,    0) (   0,    0)
          (   2,    0) (   0,    2) (   0,    0) (   0,    0) (   0,    0) (   3,    0) (   0,    1) (   0,    0) (   0,    0) (   0,    0)
          (   3,    0) (   0,    2) (   0,    0) (   0,    0) (   0,    0) (   3,    0) (   0,    1) (   0,    0) (   0,    0) (   0,    0)
          (   3,    0) (   0,    5) (   0,    0) (   0,    0) (   0,    0) (   3,    0) (   0,    4) (   0,    0) (   0,    0) (   0,    0)
          (   3,    0) (   0,    4) (   0,    0) (   0,    0) (   0,    0) (   2,    0) (   0,    4) (   0,    0) (   0,    0) (   0,    0)
          (   3,    0) (   0,    3) (   0,    0) (   0,    0) (   0,    0) (   3,    0) (   0,    2) (   0,    0) (   0,    0) (   0,    0)
          (   3,    0) (   0,    2) (   0,    0) (   0,    0) (   0,    0) (   3,    0) (   0,    0) (   0,    0) (   0,    0) (   0,    0)
          (   3,    0) (   0,    3) (   0,    0) (   0,    0) (   0,    0) (   3,    0) (   0,    2) (   0,    0) (   0,    0) (   0,    0)
          (   3,    0) (   0,    4) (   0,    0) (   0,    0) (   0,    0) (   3,    0) (   0,    4) (   0,    0) (   0,    0) (   0,    0)
          (   3,    0) (   0,    5) (   0,    0) (   0,    0) (   0,    0) (   3,    0) (   0,    1) (   0,    0) (   0,    0) (   0,    0)
          (   3,    0) (   0,    6) (   0,    0) (   0,    0) (   0,    0) (   3,    0) (   0,    2) (   0,    0) (   0,    0) (   0,    0)
          (   3,    0) (   0,    4) (   0,    0) (   0,    0) (   0,    0) (   3,    0) (   0,    1) (   0,    0) (   0,    0) (   0,    0)
          (   3,    0) (   0,    4) (   0,    0) (   0,    0) (   0,    0) (   3,    0) (   0,    4) (   0,    0) (   0,    0) (   0,    0)
          (   3,    0) (   0,    1) (   0,    0) (   0,    0) (   0,    0) (   3,    0) (   0,    5) (   0,    0) (   0,    0) (   0,    0)
          (   3,    0) (   0,    6) (   0,    0) (   0,    0) (   0,    0) (   3,    0) (   0,    2) (   0,    0) (   0,    0) (   0,    0)
          (   3,    0) (   0,    1) (   0,    0) (   0,    0) (   0,    0) (   3,    0) (   0,    3) (   0,    0) (   0,    0) (   0,    0)
          (   3,    0) (   0,    1) (   0,    0) (   0,    0) (   0,    0) (   3,    0) (   0,    3) (   0,    0) (   0,    0) (   0,    0)
          (   3,    0) (   0,    4) (   0,    0) (   0,    0) (   0,    0) (   3,    0) (   0,    4) (   0,    0) (   0,    0) (   0,    0)
          (   3,    0) (   0,    3) (   0,    0) (   0,    0) (   0,    0) (   3,    0) (   0,    1) (   0,    0) (   0,    0) (   0,    0)
          (   3,    0) (   0,    4) (   0,    0) (   0,    0) (   0,    0) (   3,    0) (   0,    5) (   0,    0) (   0,    0) (   0,    0)
          (   3,    0) (   0,    2) (   0,    0) (   0,    0) (   0,    0) (   3,    0) (   0,    3) (   0,    0) (   0,    0) (   0,    0)
          (   3,    0) (   0,    1) (   0,    0) (   0,    0) (   0,    0) (   3,    0) (   0,    6) (   0,    0) (   0,    0) (   0,    0)
          (   3,    0) (   0,    3) (   0,    0) (   0,    0) (   0,    0) (   3,    0) (   0,    3) (   0,    0) (   0,    0) (   0,    0)
          (   3,    0) (   0,    5) (   0,    0) (   0,    0) (   0,    0) (   3,    0) (   0,    4) (   0,    0) (   0,    0) (   0,    0)
          (   3,    0) (   0,    3) (   0,    0) (   0,    0) (   0,    0) (   3,    0) (   0,    2) (   0,    0) (   0,    0) (   0,    0)
          (   3,    0) (   0,    3) (   0,    0) (   0,    0) (   0,    0) (   3,    0) (   0,    2) (   0,    0) (   0,    0) (   0,    0)
          (   3,    0) (   0,    5) (   0,    0) (   0,    0) (   0,    0) (   3,    0) (   0,    4) (   0,    0) (   0,    0) (   0,    0)
          (   3,    0) (   0,    2) (   0,    0) (   0,    0) (   0,    0) (   3,    0) (   0,    3) (   0,    0) (   0,    0) (   0,    0)
          (   3,    0) (   0,    1) (   0,    0) (   0,    0) (   0,    0) (   3,    0) (   0,    3) (   0,    0) (   0,    0) (   0,    0)
          (   3,    0) (   0,    3) (   0,    0) (   0,    0) (   0,    0) (   3,    0) (   0,    4) (   0,    0) (   0,    0) (   0,    0)
          (   3,    0) (   0,    1) (   0,    0) (   0,    0) (   0,    0) (   3,    0) (   0,    3) (   0,    0) (   0,    0) (   0,    0)
          (   3,    0) (   0,    2) (   0,    0) (   0,    0) (   0,    0) (   3,    0) (   0,    3) (   0,    0) (   0,    0) (   0,    0)
          (   3,    0) (   0,    0) (   0,    0) (   0,    0) (   0,    0) (   3,    0) (   0,    3) (   0,    0) (   0,    0) (   0,    0)
          (   3,    0) (   0,    2) (   0,    0) (   0,    0) (   0,    0) (   3,    0) (   0,    2) (   0,    0) (   0,    0) (   0,    0)
          (   3,    0) (   0,    4) (   0,    0) (   0,    0) (   0,    0) (   3,    0) (   0,    4) (   0,    0) (   0,    0) (   0,    0)
          (   3,    0) (   0,    3) (   0,    0) (   0,    0) (   0,    0) (   3,    0) (   0,    3) (   0,    0) (   0,    0) (   0,    0)
          (   3,    0) (   0,    4) (   0,    0) (   0,    0) (   0,    0) (   3,    0) (   0,    5) (   0,    0) (   0,    0) (   0,    0)
          (   3,    0) (   0,    5) (   0,    0) (   0,    0) (   0,    0) (   3,    0) (   0,    4) (   0,    0) (   0,    0) (   0,    0)
          (   3,    0) (   0,    3) (   0,    0) (   0,    0) (   0,    0) (   3,    0) (   0,    6) (   0,    0) (   0,    0) (   0,    0)
          (   3,    0) (   0,    2) (   0,    0) (   0,    0) (   0,    0) (   3,    0) (   0,    5) (   0,    0) (   0,    0) (   0,    0)
          (   3,    0) (   0,    3) (   0,    0) (   0,    0) (   0,    0) (   3,    0) (   0,    4) (   0,    0) (   0,    0) (   0,    0)
          (   3,    0) (   0,    4) (   0,    0) (   0,    0) (   0,    0) (   3,    0) (   0,    4) (   0,    0) (   0,    0) (   0,    0)
          (   3,    0) (   0,    4) (   0,    0) (   0,    0) (   0,    0) (   3,    0) (   0,    2) (   0,    0) (   0,    0) (   0,    0)
          (   3,    0) (   0,    2) (   0,    0) (   0,    0) (   0,    0) (   3,    0) (   0,    4) (   0,    0) (   0,    0) (   0,    0)
          (   3,    0) (   0,    2) (   0,    0) (   0,    0) (   0,    0) (   3,    0) (   0,    1) (   0,    0) (   0,    0) (   0,    0)
          (   3,    0) (   0,    4) (   0,    0) (   0,    0) (   0,    0) (   3,    0) (   0,    5) (   0,    0) (   0,    0) (   0,    0)
          (   3,    0) (   0,    2) (   0,    0) (   0,    0) (   0,    0) (   3,    0) (   0,    1) (   0,    0) (   0,    0) (   0,    0)
         
node   4 sent_total    395  recv_total    390

node   5  (   0,    0) (   1,    0) (   0,    0) (   0,    1) (   0,    0) (   1,    0) (   0,    0) (   0,    0) (   0,    0) (   0,    0)
          (   1,    0) (   0,    1) (   0,    0) (   0,    0) (   0,    0) (   3,    0) (   0,    5) (   0,    0) (   0,    0) (   0,    0)
          (   3,    0) (   0,    2) (   0,    0) (   0,    0) (   0,    0) (   3,    0) (   0,    2) (   0,    0) (   0,    0) (   0,    0)
          (   3,    0) (   0,    5) (   0,    0) (   0,    0) (   0,    0) (   3,    0) (   0,    3) (   0,    0) (   0,    0) (   0,    0)
          (   3,    0) (   0,    4) (   0,    0) (   0,    0) (   0,    0) (   3,    0) (   0,    5) (   0,    0) (   0,    0) (   0,    0)
          (   3,    0) (   0,    3) (   0,    0) (   0,    0) (   0,    0) (   2,    0) (   0,    3) (   0,    0) (   0,    0) (   0,    0)
          (   1,    0) (   0,    3) (   0,    0) (   0,    0) (   0,    0) (   3,    0) (   0,    3) (   0,    0) (   0,    0) (   0,    0)
          (   3,    0) (   0,    0) (   0,    0) (   0,    0) (   0,    0) (   3,    0) (   0,    1) (   0,    0) (   0,    0) (   0,    0)
          (   3,    0) (   0,    3) (   0,    0) (   0,    0) (   0,    0) (   3,    0) (   0,    4) (   0,    0) (   0,    0) (   0,    0)
          (   3,    0) (   0,    4) (   0,    0) (   0,    0) (   0,    0) (   3,    0) (   0,    3) (   0,    0) (   0,    0) (   0,    0)
          (   3,    0) (   0,    1) (   0,    0) (   0,    0) (   0,    0) (   3,    0) (   0,    3) (   0,    0) (   0,    0) (   0,    0)
          (   3,    0) (   0,    0) (   0,    0) (   0,    0) (   0,    0) (   3,    0) (   0,    5) (   0,    0) (   0,    0) (   0,    0)
          (   1,    0) (   0,    1) (   0,    0) (   0,    0) (   0,    0) (   3,    0) (   0,    3) (   0,    0) (   0,    0) (   0,    0)
          (   3,    0) (   0,    3) (   0,    0) (   0,    0) (   0,    0) (   2,    0) (   0,    3) (   0,    0) (   0,    0) (   0,    0)
          (   3,    0) (   0,    1) (   0,    0) (   0,    0) (   0,    0) (   3,    0) (   0,    1) (   0,    0) (   0,    0) (   0,    0)
          (   1,    0) (   0,    1) (   0,    0) (   0,    0) (   0,    0) (   3,    0) (   0,    4) (   0,    0) (   0,    0) (   0,    0)
          (   2,    0) (   0,    3) (   0,    0) (   0,    0) (   0,    0) (   2,    0) (   0,    2) (   0,    0) (   0,    0) (   0,    0)
          (   3,    0) (   0,    4) (   0,    0) (   0,    0) (   0,    0) (   2,    0) (   0,    3) (   0,    0) (   0,    0) (   0,    0)
          (   3,    0) (   0,    3) (   0,    0) (   0,    0) (   0,    0) (   3,    0) (   0,    6) (   0,    0) (   0,    0) (   0,    0)
          (   2,    0) (   0,    4) (   0,    0) (   0,    0) (   0,    0) (   2,    0) (   0,    1) (   0,    0) (   0,    0) (   0,    0)
          (   3,    0) (   0,    5) (   0,    0) (   0,    0) (   0,    0) (   3,    0) (   0,    3) (   0,    0) (   0,    0) (   0,    0)
          (   2,    0) (   0,    2) (   0,    0) (   0,    0) (   0,    0) (   2,    0) (   0,    2) (   0,    0) (   0,    0) (   0,    0)
          (   3,    0) (   0,    4) (   0,    0) (   0,    0) (   0,    0) (   3,    0) (   0,    5) (   0,    0) (   0,    0) (   0,    0)
          (   3,    0) (   0,    2) (   0,    0) (   0,    0) (   0,    0) (   3,    0) (   0,    1) (   0,    0) (   0,    0) (   0,    0)
          (   2,    0) (   0,    2) (   0,    0) (   0,    0) (   0,    0) (   3,    0) (   0,    1) (   0,    0) (   0,    0) (   0,    0)
          (   3,    0) (   0,    2) (   0,    0) (   0,    0) (   0,    0) (   1,    0) (   0,    3) (   0,    0) (   0,    0) (   0,    0)
          (   2,    0) (   0,    2) (   0,    0) (   0,    0) (   0,    0) (   3,    0) (   0,    2) (   0,    0) (   0,    0) (   0,    0)
          (   3,    0) (   0,    5) (   0,    0) (   0,    0) (   0,    0) (   3,    0) (   0,    0) (   0,    0) (   0,    0) (   0,    0)
          (   3,    0) (   0,    4) (   0,    0) (   0,    0) (   0,    0) (   3,    0) (   0,    4) (   0,    0) (   0,    0) (   0,    0)
          (   2,    0) (   0,    5) (   0,    0) (   0,    0) (   0,    0) (   3,    0) (   0,    3) (   0,    0) (   0,    0) (   0,    0)
          (   3,    0) (   0,    5) (   0,    0) (   0,    0) (   0,    0) (   3,    0) (   0,    4) (   0,    0) (   0,    0) (   0,    0)
          (   3,    0) (   0,    2) (   0,    0) (   0,    0) (   0,    0) (   3,    0) (   0,    4) (   0,    0) (   0,    0) (   0,    0)
          (   3,    0) (   0,    3) (   0,    0) (   0,    0) (   0,    0) (   3,    0) (   0,    5) (   0,    0) (   0,    0) (   0,    0)
          (   3,    0) (   0,    1) (   0,    0) (   0,    0) (   0,    0) (   3,    0) (   0,    4) (   0,    0) (   0,    0) (   0,    0)
          (   3,    0) (   0,    5) (   0,    0) (   0,    0) (   0,    0) (   3,    0) (   0,    3) (   0,    0) (   0,    0) (   0,    0)
          (   3,    0) (   0,    4) (   0,    0) (   0,    0) (   0,    0) (   3,    0) (   0,    4) (   0,    0) (   0,    0) (   0,    0)
          (   3,    0) (   0,    1) (   0,    0) (   0,    0) (   0,    0) (   3,    0) (   0,    0) (   0,    0) (   0,    0) (   0,    0)
          (   3,    0) (   0,    1) (   0,    0) (   0,    0) (   0,    0) (   3,    0) (   0,    5) (   0,    0) (   0,    0) (   0,    0)
          (   3,    0) (   0,    2) (   0,    0) (   0,    0) (   0,    0) (   3,    0) (   0,    4) (   0,    0) (   0,    0) (   0,    0)
          (   3,    0) (   0,    1) (   0,    0) (   0,    0) (   0,    0) (   3,    0) (   0,    2) (   0,    0) (   0,    0) (   0,    0)
          (   3,    0) (   0,    2) (   0,    0) (   0,    0) (   0,    0) (   3,    0) (   0,    2) (   0,    0) (   0,    0) (   0,    0)
          (   3,    0) (   0,    5) (   0,    0) (   0,    0) (   0,    0) (   3,    0) (   0,    5) (   0,    0) (   0,    0) (   0,    0)
          (   3,    0) (   0,    0) (   0,    0) (   0,    0) (   0,    0) (   3,    0) (   0,    3) (   0,    0) (   0,    0) (   0,    0)
          (   3,    0) (   0,    4) (   0,    0) (   0,    0) (   0,    0) (   3,    0) (   0,    2) (   0,    0) (   0,    0) (   0,    0)
          (   3,    0) (   0,    1) (   0,    0) (   0,    0) (   0,    0) (   3,    0) (   0,    3) (   0,    0) (   0,    0) (   0,    0)
          (   3,    0) (   0,    3) (   0,    0) (   0,    0) (   0,    0) (   3,    0) (   0,    6) (   0,    0) (   0,    0) (   0,    0)
          (   3,    0) (   0,    1) (   0,    0) (   0,    0) (   0,    0) (   3,    0) (   0,    2) (   0,    0) (   0,    0) (   0,    0)
          (   3,    0) (   0,    3) (   0,    0) (   0,    0) (   0,    0) (   3,    0) (   0,    4) (   0,    0) (   0,    0) (   0,    0)
          (   3,    0) (   0,    2) (   0,    0) (   0,    0) (   0,    0) (   3,    0) (   0,    6) (   0,    0) (   0,    0) (   0,    0)
          (   3,    0) (   0,    3) (   0,    0) (   0,    0) (   0,    0) (   3,    0) (   0,    2) (   0,    0) (   0,    0) (   0,    0)
          (   3,    0) (   0,    4) (   0,    0) (   0,    0) (   0,    0) (   3,    0) (   0,    4) (   0,    0) (   0,    0) (   0,    0)
          (   3,    0) (   0,    2) (   0,    0) (   0,    0) (   0,    0) (   3,    0) (   0,    0) (   0,    0) (   0,    0) (   0,    0)
          (   3,    0) (   0,    5) (   0,    0) (   0,    0) (   0,    0) (   3,    0) (   0,    5) (   0,    0) (   0,    0) (   0,    0)
          (   3,    0) (   0,    4) (   0,    0) (   0,    0) (   0,    0) (   3,    0) (   0,    4) (   0,    0) (   0,    0) (   0,    0)
          (   3,    0) (   0,    4) (   0,    0) (   0,    0) (   0,    0) (   3,    0) (   0,    3) (   0,    0) (   0,    0) (   0,    0)
          (   3,    0) (   0,    1) (   0,    0) (   0,    0) (   0,    0) (   3,    0) (   0,    2) (   0,    0) (   0,    0) (   0,    0)
          (   3,    0) (   0,    5) (   0,    0) (   0,    0) (   0,    0) (   3,    0) (   0,    4) (   0,    0) (   0,    0) (   0,    0)
          (   3,    0) (   0,    4) (   0,    0) (   0,    0) (   0,    0) (   3,    0) (   0,    3) (   0,    0) (   0,    0) (   0,    0)
          (   3,    0) (   0,    1) (   0,    0) (   0,    0) (   0,    0) (   3,    0) (   0,    2) (   0,    0) (   0,    0) (   0,    0)
          (   3,    0) (   0,    3) (   0,    0) (   0,    0) (   0,    0) (   3,    0) (   0,    1) (   0,    0) (   0,    0) (   0,    0)
          (   3,    0) (   0,    3) (   0,    0) (   0,    0) (   0,    0) (   3,    0) (   0,    3) (   0,    0) (   0,    0) (   0,    0)
          (   3,    0) (   0,    4) (   0,    0) (   0,    0) (   0,    0) (   3,    0) (   0,    4) (   0,    0) (   0,    0) (   0,    0)
          (   3,    0) (   0,    1) (   0,    0) (   0,    0) (   0,    0) (   3,    0) (   0,    3) (   0,    0) (   0,    0) (   0,    0)
          (   3,    0) (   0,    3) (   0,    0) (   0,    0) (   0,    0) (   3,    0) (   0,    0) (   0,    0) (   0,    0) (   0,    0)
          (   3,    0) (   0,    2) (   0,    0) (   0,    0) (   0,    0) (   3,    0) (   0,    5) (   0,    0) (   0,    0) (   0,    0)
          (   3,    0) (   0,    5) (   0,    0) (   0,    0) (   0,    0) (   3,    0) (   0,    4) (   0,    0) (   0,    0) (   0,    0)
          (   3,    0) (   0,    3) (   0,    0) (   0,    0) (   0,    0) (   3,    0) (   0,    2) (   0,    0) (   0,    0) (   0,    0)
          (   3,    0) (   0,    4) (   0,    0) (   0,    0) (   0,    0) (   3,    0) (   0,    0) (   0,    0) (   0,    0) (   0,    0)
          (   3,    0) (   0,    4) (   0,    0) (   0,    0) (   0,    0) (   3,    0) (   0,    2) (   0,    0) (   0,    0) (   0,    0)
          (   3,    0) (   0,    3) (   0,    0) (   0,    0) (   0,    0) (   3,    0) (   0,    5) (   0,    0) (   0,    0) (   0,    0)
         
node   5 sent_total    394  recv_total    404

node   6  (   0,    0) (   1,    0) (   0,    0) (   0,    1) (   0,    0) (   1,    0) (   0,    0) (   0,    0) (   0,    0) (   0,    0)
          (   1,    0) (   0,    1) (   0,    0) (   0,    0) (   0,    0) (   3,    0) (   0,    2) (   0,    0) (   0,    0) (   0,    0)
          (   3,    0) (   0,    1) (   0,    0) (   0,    0) (   0,    0) (   3,    0) (   0,    5) (   0,    0) (   0,    0) (   0,    0)
          (   3,    0) (   0,    4) (   0,    0) (   0,    0) (   0,    0) (   3,    0) (   0,    3) (   0,    0) (   0,    0) (   0,    0)
          (   3,    0) (   0,    2) (   0,    0) (   0,    0) (   0,    0) (   3,    0) (   0,    4) (   0,    0) (   0,    0) (   0,    0)
          (   3,    0) (   0,    1) (   0,    0) (   0,    0) (   0,    0) (   3,    0) (   0,    5) (   0,    0) (   0,    0) (   0,    0)
          (   2,    0) (   0,    3) (   0,    0) (   0,    0) (   0,    0) (   3,    0) (   0,    1) (   0,    0) (   0,    0) (   0,    0)
          (   2,    0) (   0,    1) (   0,    0) (   0,    0) (   0,    0) (   3,    0) (   0,    2) (   0,    0) (   0,    0) (   0,    0)
          (   3,    0) (   0,    2) (   0,    0) (   0,    0) (   0,    0) (   3,    0) (   0,    3) (   0,    0) (   0,    0) (   0,    0)
          (   3,    0) (   0,    2) (   0,    0) (   0,    0) (   0,    0) (   3,    0) (   0,    2) (   0,    0) (   0,    0) (   0,    0)
          (   3,    0) (   0,    0) (   0,    0) (   0,    0) (   0,    0) (   3,    0) (   0,    1) (   0,    0) (   0,    0) (   0,    0)
          (   3,    0) (   0,    3) (   0,    0) (   0,    0) (   0,    0) (   3,    0) (   0,    1) (   0,    0) (   0,    0) (   0,    0)
          (   3,    0) (   0,    3) (   0,    0) (   0,    0) (   0,    0) (   3,    0) (   0,    5) (   0,    0) (   0,    0) (   0,    0)
          (   3,    0) (   0,    1) (   0,    0) (   0,    0) (   0,    0) (   3,    0) (   0,    2) (   0,    0) (   0,    0) (   0,    0)
          (   3,    0) (   0,    1) (   0,    0) (   0,    0) (   0,    0) (   3,    0) (   0,    2) (   0,    0) (   0,    0) (   0,    0)
          (   3,    0) (   0,    1) (   0,    0) (   0,    0) (   0,    0) (   3,    0) (   0,    3) (   0,    0) (   0,    0) (   0,    0)
          (   3,    0) (   0,    3) (   0,    0) (   0,    0) (   0,    0) (   3,    0) (   0,    2) (   0,    0) (   0,    0) (   0,    0)
          (   3,    0) (   0,    1) (   0,    0) (   0,    0) (   0,    0) (   3,    0) (   0,    2) (   0,    0) (   0,    0) (   0,    0)
          (   2,    0) (   0,    3) (   0,    0) (   0,    0) (   0,    0) (   2,    0) (   0,    1) (   0,    0) (   0,    0) (   0,    0)
          (   3,    0) (   0,    2) (   0,    0) (   0,    0) (   0,    0) (   3,    0) (   0,    2) (   0,    0) (   0,    0) (   0,    0)
          (   3,    0) (   0,    4) (   0,    0) (   0,    0) (   0,    0) (   3,    0) (   0,    0) (   0,    0) (   0,    0) (   0,    0)
          (   2,    0) (   0,    3) (   0,    0) (   0,    0) (   0,    0) (   3,    0) (   0,    5) (   0,    0) (   0,    0) (   0,    0)
          (   3,    0) (   0,    2) (   0,    0) (   0,    0) (   0,    0) (   3,    0) (   0,    4) (   0,    0) (   0,    0) (   0,    0)
          (   2,    0) (   0,    4) (   0,    0) (   0,    0) (   0,    0) (   3,    0) (   0,    1) (   0,    0) (   0,    0) (   0,    0)
          (   2,    0) (   0,    0) (   0,    0) (   0,    0) (   0,    0) (   3,    0) (   0,    2) (   0,    0) (   0,    0) (   0,    0)
          (   3,    0) (   0,    4) (   0,    0) (   0,    0) (   0,    0) (   2,    0) (   0,    2) (   0,    0) (   0,    0) (   0,    0)
          (   2,    0) (   0,    1) (   0,    0) (   0,    0) (   0,    0) (   3,    0) (   0,    3) (   0,    0) (   0,    0) (   0,    0)
          (   3,    0) (   0,    3) (   0,    0) (   0,    0) (   0,    0) (   3,    0) (   0,    4) (   0,    0) (   0,    0) (   0,    0)
          (   3,    0) (   0,    2) (   0,    0) (   0,    0) (   0,    0) (   2,    0) (   0,    4) (   0,    0) (   0,    0) (   0,    0)
          (   3,    0) (   0,    2) (   0,    0) (   0,    0) (   0,    0) (   3,    0) (   0,    4) (   0,    0) (   0,    0) (   0,    0)
          (   3,    0) (   0,    4) (   0,    0) (   0,    0) (   0,    0) (   3,    0) (   0,    4) (   0,    0) (   0,    0) (   0,    0)
          (   3,    0) (   0,    1) (   0,    0) (   0,    0) (   0,    0) (   3,    0) (   0,    3) (   0,    0) (   0,    0) (   0,    0)
          (   3,    0) (   0,    4) (   0,    0) (   0,    0) (   0,    0) (   3,    0) (   0,    2) (   0,    0) (   0,    0) (   0,    0)
          (   3,    0) (   0,    4) (   0,    0) (   0,    0) (   0,    0) (   3,    0) (   0,    2) (   0,    0) (   0,    0) (   0,    0)
          (   3,    0) (   0,    1) (   0,    0) (   0,    0) (   0,    0) (   3,    0) (   0,    4) (   0,    0) (   0,    0) (   0,    0)
          (   3,    0) (   0,    4) (   0,    0) (   0,    0) (   0,    0) (   3,    0) (   0,    4) (   0,    0) (   0,    0) (   0,    0)
          (   3,    0) (   0,    3) (   0,    0) (   0,    0) (   0,    0) (   3,    0) (   0,    3) (   0,    0) (   0,    0) (   0,    0)
          (   3,    0) (   0,    3) (   0,    0) (   0,    0) (   0,    0) (   3,    0) (   0,    5) (   0,    0) (   0,    0) (   0,    0)
          (   3,    0) (   0,    3) (   0,    0) (   0,    0) (   0,    0) (   3,    0) (   0,    2) (   0,    0) (   0,    0) (   0,    0)
          (   3,    0) (   0,    5) (   0,    0) (   0,    0) (   0,    0) (   3,    0) (   0,    3) (   0,    0) (   0,    0) (   0,    0)
          (   3,    0) (   0,    4) (   0,    0) (   0,    0) (   0,    0) (   3,    0) (   0,    0) (   0,    0) (   0,    0) (   0,    0)
          (   3,    0) (   0,    3) (   0,    0) (   0,    0) (   0,    0) (   3,    0) (   0,    0) (   0,    0) (   0,    0) (   0,    0)
          (   3,    0) (   0,    6) (   0,    0) (   0,    0) (   0,    0) (   3,    0) (   0,    4) (   0,    0) (   0,    0) (   0,    0)
          (   3,    0) (   0,    3) (   0,    0) (   0,    0) (   0,    0) (   3,    0) (   0,    3) (   0,    0) (   0,    0) (   0,    0)
          (   3,    0) (   0,    3) (   0,    0) (   0,    0) (   0,    0) (   3,    0) (   0,    4) (   0,    0) (   0,    0) (   0,    0)
          (   3,    0) (   0,    3) (   0,    0) (   0,    0) (   0,    0) (   3,    0) (   0,    2) (   0,    0) (   0,    0) (   0,    0)
          (   3,    0) (   0,    1) (   0,    0) (   0,    0) (   0,    0) (   3,    0) (   0,    2) (   0,    0) (   0,    0) (   0,    0)
          (   3,    0) (   0,    4) (   0,    0) (   0,    0) (   0,    0) (   3,    0) (   0,    5) (   0,    0) (   0,    0) (   0,    0)
          (   3,    0) (   0,    4) (   0,    0) (   0,    0) (   0,    0) (   3,    0) (   0,    4) (   0,    0) (   0,    0) (   0,    0)
          (   3,    0) (   0,    4) (   0,    0) (   0,    0) (   0,    0) (   3,    0) (   0,    3) (   0,    0) (   0,    0) (   0,    0)
          (   3,    0) (   0,    2) (   0,    0) (   0,    0) (   0,    0) (   3,    0) (   0,    3) (   0,    0) (   0,    0) (   0,    0)
          (   3,    0) (   0,    4) (   0,    0) (   0,    0) (   0,    0) (   3,    0) (   0,    5) (   0,    0) (   0,    0) (   0,    0)
          (   3,    0) (   0,    2) (   0,    0) (   0,    0) (   0,    0) (   3,    0) (   0,    4) (   0,    0) (   0,    0) (   0,    0)
          (   3,    0) (   0,    4) (   0,    0) (   0,    0) (   0,    0) (   3,    0) (   0,    2) (   0,    0) (   0,    0) (   0,    0)
          (   3,    0) (   0,    3) (   0,    0) (   0,    0) (   0,    0) (   3,    0) (   0,    3) (   0,    0) (   0,    0) (   0,    0)
          (   3,    0) (   0,    4) (   0,    0) (   0,    0) (   0,    0) (   3,    0) (   0,    1) (   0,    0) (   0,    0) (   0,    0)
          (   3,    0) (   0,    5) (   0,    0) (   0,    0) (   0,    0) (   3,    0) (   0,    2) (   0,    0) (   0,    0) (   0,    0)
          (   3,    0) (   0,    5) (   0,    0) (   0,    0) (   0,    0) (   3,    0) (   0,    2) (   0,    0) (   0,    0) (   0,    0)
          (   3,    0) (   0,    3) (   0,    0) (   0,    0) (   0,    0) (   3,    0) (   0,    2) (   0,    0) (   0,    0) (   0,    0)
          (   3,    0) (   0,    2) (   0,    0) (   0,    0) (   0,    0) (   3,    0) (   0,    2) (   0,    0) (   0,    0) (   0,    0)
          (   3,    0) (   0,    4) (   0,    0) (   0,    0) (   0,    0) (   3,    0) (   0,    3) (   0,    0) (   0,    0) (   0,    0)
          (   3,    0) (   0,    2) (   0,    0) (   0,    0) (   0,    0) (   3,    0) (   0,    0) (   0,    0) (   0,    0) (   0,    0)
          (   3,    0) (   0,    0) (   0,    0) (   0,    0) (   0,    0) (   3,    0) (   0,    1) (   0,    0) (   0,    0) (   0,    0)
          (   3,    0) (   0,    5) (   0,    0) (   0,    0) (   0,    0) (   3,    0) (   0,    5) (   0,    0) (   0,    0) (   0,    0)
          (   3,    0) (   0,    4) (   0,    0) (   0,    0) (   0,    0) (   3,    0) (   0,    3) (   0,    0) (   0,    0) (   0,    0)
          (   3,    0) (   0,    3) (   0,    0) (   0,    0) (   0,    0) (   3,    0) (   0,    2) (   0,    0) (   0,    0) (   0,    0)
          (   3,    0) (   0,    5) (   0,    0) (   0,    0) (   0,    0) (   3,    0) (   0,    2) (   0,    0) (   0,    0) (   0,    0)
          (   3,    0) (   0,    3) (   0,    0) (   0,    0) (   0,    0) (   3,    0) (   0,    5) (   0,    0) (   0,    0) (   0,    0)
          (   3,    0) (   0,    4) (   0,    0) (   0,    0) (   0,    0) (   3,    0) (   0,    3) (   0,    0) (   0,    0) (   0,    0)
          (   3,    0) (   0,    2) (   0,    0) (   0,    0) (   0,    0) (   3,    0) (   0,    4) (   0,    0) (   0,    0) (   0,    0)
         
node   6 sent_total    404  recv_total    384

node   7  (   0,    0) (   1,    0) (   0,    0) (   0,    1) (   0,    0) (   1,    0) (   0,    0) (   0,    0) (   0,    0) (   0,    0)
          (   1,    0) (   0,    0) (   0,    0) (   0,    0) (   0,    0) (   1,    0) (   0,    6) (   0,    0) (   0,    0) (   0,    0)
          (   3,    0) (   0,    5) (   0,    0) (   0,    0) (   0,    0) (   3,    0) (   0,    3) (   0,    0) (   0,    0) (   0,    0)
          (   3,    0) (   0,    3) (   0,    0) (   0,    0) (   0,    0) (   3,    0) (   0,    2) (   0,    0) (   0,    0) (   0,    0)
          (   3,    0) (   0,    6) (   0,    0) (   0,    0) (   0,    0) (   3,    0) (   0,    2) (   0,    0) (   0,    0) (   0,    0)
          (   3,    0) (   0,    3) (   0,    0) (   0,    0) (   0,    0) (   3,    0) (   0,    2) (   0,    0) (   0,    0) (   0,    0)
          (   2,    0) (   0,    3) (   0,    0) (   0,    0) (   0,    0) (   3,    0) (   0,    3) (   0,    0) (   0,    0) (   0,    0)
          (   2,    0) (   0,    3) (   0,    0) (   0,    0) (   0,    0) (   2,    0) (   0,    3) (   0,    0) (   0,    0) (   0,    0)
          (   3,    0) (   0,    2) (   0,    0) (   0,    0) (   0,    0) (   3,    0) (   0,    1) (   0,    0) (   0,    0) (   0,    0)
          (   3,    0) (   0,    0) (   0,    0) (   0,    0) (   0,    0) (   3,    0) (   0,    5) (   0,    0) (   0,    0) (   0,    0)
          (   3,    0) (   0,    4) (   0,    0) (   0,    0) (   0,    0) (   1,    0) (   0,    3) (   0,    0) (   0,    0) (   0,    0)
          (   3,    0) (   0,    5) (   0,    0) (   0,    0) (   0,    0) (   3,    0) (   0,    2) (   0,    0) (   0,    0) (   0,    0)
          (   3,    0) (   0,    1) (   0,    0) (   0,    0) (   0,    0) (   3,    0) (   0,    3) (   0,    0) (   0,    0) (   0,    0)
          (   3,    0) (   0,    2) (   0,    0) (   0,    0) (   0,    0) (   2,    0) (   0,    2) (   0,    0) (   0,    0) (   0,    0)
          (   3,    0) (   0,    4) (   0,    0) (   0,    0) (   0,    0) (   2,    0) (   0,    4) (   0,    0) (   0,    0) (   0,    0)
          (   2,    0) (   0,    3) (   0,    0) (   0,    0) (   0,    0) (   3,    0) (   0,    5) (   0,    0) (   0,    0) (   0,    0)
          (   3,    0) (   0,    3) (   0,    0) (   0,    0) (   0,    0) (   3,    0) (   0,    0) (   0,    0) (   0,    0) (   0,    0)
          (   2,    0) (   0,    0) (   0,    0) (   0,    0) (   0,    0) (   3,    0) (   0,    4) (   0,    0) (   0,    0) (   0,    0)
          (   3,    0) (   0,    3) (   0,    0) (   0,    0) (   0,    0) (   3,    0) (   0,    2) (   0,    0) (   0,    0) (   0,    0)
          (   3,    0) (   0,    2) (   0,    0) (   0,    0) (   0,    0) (   3,    0) (   0,    4) (   0,    0) (   0,    0) (   0,    0)
          (   3,    0) (   0,    4) (   0,    0) (   0,    0) (   0,    0) (   2,    0) (   0,    2) (   0,    0) (   0,    0) (   0,    0)
          (   3,    0) (   0,    2) (   0,    0) (   0,    0) (   0,    0) (   3,    0) (   0,    2) (   0,    0) (   0,    0) (   0,    0)
          (   3,    0) (   0,    2) (   0,    0) (   0,    0) (   0,    0) (   3,    0) (   0,    2) (   0,    0) (   0,    0) (   0,    0)
          (   3,    0) (   0,    3) (   0,    0) (   0,    0) (   0,    0) (   3,    0) (   0,    4) (   0,    0) (   0,    0) (   0,    0)
          (   1,    0) (   0,    2) (   0,    0) (   0,    0) (   0,    0) (   3,    0) (   0,    4) (   0,    0) (   0,    0) (   0,    0)
          (   3,    0) (   0,    5) (   0,    0) (   0,    0) (   0,    0) (   3,    0) (   0,    2) (   0,    0) (   0,    0) (   0,    0)
          (   2,    0) (   0,    2) (   0,    0) (   0,    0) (   0,    0) (   3,    0) (   0,    4) (   0,    0) (   0,    0) (   0,    0)
          (   3,    0) (   0,    3) (   0,    0) (   0,    0) (   0,    0) (   3,    0) (   0,    2) (   0,    0) (   0,    0) (   0,    0)
          (   3,    0) (   0,    2) (   0,    0) (   0,    0) (   0,    0) (   3,    0) (   0,    4) (   0,    0) (   0,    0) (   0,    0)
          (   3,    0) (   0,    2) (   0,    0) (   0,    0) (   0,    0) (   2,    0) (   0,    5) (   0,    0) (   0,    0) (   0,    0)
          (   3,    0) (   0,    5) (   0,    0) (   0,    0) (   0,    0) (   3,    0) (   0,    3) (   0,    0) (   0,    0) (   0,    0)
          (   3,    0) (   0,    2) (   0,    0) (   0,    0) (   0,    0) (   3,    0) (   0,    3) (   0,    0) (   0,    0) (   0,    0)
          (   3,    0) (   0,    4) (   0,    0) (   0,    0) (   0,    0) (   3,    0) (   0,    4) (   0,    0) (   0,    0) (   0,    0)
          (   3,    0) (   0,    2) (   0,    0) (   0,    0) (   0,    0) (   3,    0) (   0,    5) (   0,    0) (   0,    0) (   0,    0)
          (   3,    0) (   0,    3) (   0,    0) (   0,    0) (   0,    0) (   3,    0) (   0,    3) (   0,    0) (   0,    0) (   0,    0)
          (   3,    0) (   0,    2) (   0,    0) (   0,    0) (   0,    0) (   3,    0) (   0,    0) (   0,    0) (   0,    0) (   0,    0)
          (   3,    0) (   0,    5) (   0,    0) (   0,    0) (   0,    0) (   3,    0) (   0,    5) (   0,    0) (   0,    0) (   0,    0)
          (   3,    0) (   0,    3) (   0,    0) (   0,    0) (   0,    0) (   3,    0) (   0,    3) (   0,    0) (   0,    0) (   0,    0)
          (   3,    0) (   0,    2) (   0,    0) (   0,    0) (   0,    0) (   3,    0) (   0,    3) (   0,    0) (   0,    0) (   0,    0)
          (   3,    0) (   0,    4) (   0,    0) (   0,    0) (   0,    0) (   3,    0) (   0,    3) (   0,    0) (   0,    0) (   0,    0)
          (   3,    0) (   0,    2) (   0,    0) (   0,    0) (   0,    0) (   3,    0) (   0,    5) (   0,    0) (   0,    0) (   0,    0)
          (   3,    0) (   0,    2) (   0,    0) (   0,    0) (   0,    0) (   3,    0) (   0,    4) (   0,    0) (   0,    0) (   0,    0)
          (   3,    0) (   0,    3) (   0,    0) (   0,    0) (   0,    0) (   3,    0) (   0,    2) (   0,    0) (   0,    0) (   0,    0)
          (   3,    0) (   0,    2) (   0,    0) (   0,    0) (   0,    0) (   3,    0) (   0,    4) (   0,    0) (   0,    0) (   0,    0)
          (   3,    0) (   0,    4) (   0,    0) (   0,    0) (   0,    0) (   3,    0) (   0,    4) (   0,    0) (   0,    0) (   0,    0)
          (   3,    0) (   0,    6) (   0,    0) (   0,    0) (   0,    0) (   3,    0) (   0,    1) (   0,    0) (   0,    0) (   0,    0)
          (   3,    0) (   0,    4) (   0,    0) (   0,    0) (   0,    0) (   3,    0) (   0,    2) (   0,    0) (   0,    0) (   0,    0)
          (   3,    0) (   0,    2) (   0,    0) (   0,    0) (   0,    0) (   3,    0) (   0,    3) (   0,    0) (   0,    0) (   0,    0)
          (   3,    0) (   0,    2) (   0,    0) (   0,    0) (   0,    0) (   3,    0) (   0,    1) (   0,    0) (   0,    0) (   0,    0)
          (   3,    0) (   0,    3) (   0,    0) (   0,    0) (   0,    0) (   3,    0) (   0,    4) (   0,    0) (   0,    0) (   0,    0)
          (   3,    0) (   0,    1) (   0,    0) (   0,    0) (   0,    0) (   3,    0) (   0,    2) (   0,    0) (   0,    0) (   0,    0)
          (   3,    0) (   0,    4) (   0,    0) (   0,    0) (   0,    0) (   3,    0) (   0,    2) (   0,    0) (   0,    0) (   0,    0)
          (   3,    0) (   0,    3) (   0,    0) (   0,    0) (   0,    0) (   3,    0) (   0,    4) (   0,    0) (   0,    0) (   0,    0)
          (   3,    0) (   0,    3) (   0,    0) (   0,    0) (   0,    0) (   3,    0) (   0,    3) (   0,    0) (   0,    0) (   0,    0)
          (   3,    0) (   0,    5) (   0,    0) (   0,    0) (   0,    0) (   3,    0) (   0,    3) (   0,    0) (   0,    0) (   0,    0)
          (   3,    0) (   0,    5) (   0,    0) (   0,    0) (   0,    0) (   3,    0) (   0,    5) (   0,    0) (   0,    0) (   0,    0)
          (   3,    0) (   0,    4) (   0,    0) (   0,    0) (   0,    0) (   3,    0) (   0,    3) (   0,    0) (   0,    0) (   0,    0)
          (   3,    0) (   0,    2) (   0,    0) (   0,    0) (   0,    0) (   3,    0) (   0,    2) (   0,    0) (   0,    0) (   0,    0)
          (   3,    0) (   0,    3) (   0,    0) (   0,    0) (   0,    0) (   3,    0) (   0,    3) (   0,    0) (   0,    0) (   0,    0)
          (   3,    0) (   0,    5) (   0,    0) (   0,    0) (   0,    0) (   3,    0) (   0,    4) (   0,    0) (   0,    0) (   0,    0)
          (   3,    0) (   0,    2) (   0,    0) (   0,    0) (   0,    0) (   3,    0) (   0,    4) (   0,    0) (   0,    0) (   0,    0)
          (   3,    0) (   0,    2) (   0,    0) (   0,    0) (   0,    0) (   3,    0) (   0,    4) (   0,    0) (   0,    0) (   0,    0)
          (   3,    0) (   0,    6) (   0,    0) (   0,    0) (   0,    0) (   3,    0) (   0,    2) (   0,    0) (   0,    0) (   0,    0)
          (   3,    0) (   0,    2) (   0,    0) (   0,    0) (   0,    0) (   3,    0) (   0,    4) (   0,    0) (   0,    0) (   0,    0)
          (   3,    0) (   0,    2) (   0,    0) (   0,    0) (   0,    0) (   3,    0) (   0,    2) (   0,    0) (   0,    0) (   0,    0)
          (   3,    0) (   0,    6) (   0,    0) (   0,    0) (   0,    0) (   3,    0) (   0,    3) (   0,    0) (   0,    0) (   0,    0)
          (   3,    0) (   0,    3) (   0,    0) (   0,    0) (   0,    0) (   3,    0) (   0,    3) (   0,    0) (   0,    0) (   0,    0)
          (   3,    0) (   0,    2) (   0,    0) (   0,    0) (   0,    0) (   3,    0) (   0,    5) (   0,    0) (   0,    0) (   0,    0)
          (   3,    0) (   0,    3) (   0,    0) (   0,    0) (   0,    0) (   3,    0) (   0,    2) (   0,    0) (   0,    0) (   0,    0)
          (   3,    0) (   0,    1) (   0,    0) (   0,    0) (   0,    0) (   3,    0) (   0,    2) (   0,    0) (   0,    0) (   0,    0)
         
node   7 sent_total    398  recv_total    417

node   8  (   0,    0) (   1,    0) (   0,    0) (   0,    1) (   0,    0) (   1,    0) (   0,    0) (   0,    0) (   0,    0) (   0,    0)
          (   1,    0) (   0,    1) (   0,    0) (   0,    0) (   0,    0) (   3,    0) (   0,    3) (   0,    0) (   0,    0) (   0,    0)
          (   3,    0) (   0,    5) (   0,    0) (   0,    0) (   0,    0) (   3,    0) (   0,    3) (   0,    0) (   0,    0) (   0,    0)
          (   3,    0) (   0,    4) (   0,    0) (   0,    0) (   0,    0) (   3,    0) (   0,    3) (   0,    0) (   0,    0) (   0,    0)
          (   3,    0) (   0,    0) (   0,    0) (   0,    0) (   0,    0) (   3,    0) (   0,    1) (   0,    0) (   0,    0) (   0,    0)
          (   3,    0) (   0,    2) (   0,    0) (   0,    0) (   0,    0) (   3,    0) (   0,    1) (   0,    0) (   0,    0) (   0,    0)
          (   3,    0) (   0,    0) (   0,    0) (   0,    0) (   0,    0) (   3,    0) (   0,    3) (   0,    0) (   0,    0) (   0,    0)
          (   3,    0) (   0,    0) (   0,    0) (   0,    0) (   0,    0) (   3,    0) (   0,    2) (   0,    0) (   0,    0) (   0,    0)
          (   3,    0) (   0,    5) (   0,    0) (   0,    0) (   0,    0) (   2,    0) (   0,    3) (   0,    0) (   0,    0) (   0,    0)
          (   3,    0) (   0,    4) (   0,    0) (   0,    0) (   0,    0) (   2,    0) (   0,    3) (   0,    0) (   0,    0) (   0,    0)
          (   2,    0) (   0,    0) (   0,    0) (   0,    0) (   0,    0) (   0,    0) (   0,    0) (   0,    0) (   0,    0) (   0,    0)
          (   0,    0) (   0,    0) (   0,    0) (   0,    0) (   0,    0) (   0,    0) (   0,    0) (   0,    0) (   0,    0) (   0,    0)
          (   0,    0) (   0,    0) (   0,    0) (   0,    0) (   0,    0) (   0,    0) (   0,    0) (   0,    0) (   0,    0) (   0,    0)
          (   0,    0) (   0,    0) (   0,    0) (   0,    0) (   0,    0) (   0,    0) (   0,    0) (   0,    0) (   0,    0) (   0,    0)
          (   0,    0) (   0,    0) (   0,    0) (   0,    0) (   0,    0) (   0,    0) (   0,    0) (   0,    0) (   0,    0) (   0,    0)
          (   0,    0) (   0,    0) (   0,    0) (   0,    0) (   0,    0) (   0,    0) (   0,    0) (   0,    0) (   0,    0) (   0,    0)
          (   0,    0) (   0,    0) (   0,    0) (   0,    0) (   0,    0) (   0,    0) (   0,    0) (   0,    0) (   0,    0) (   0,    0)
          (   0,    0) (   0,    0) (   0,    0) (   0,    0) (   0,    0) (   0,    0) (   0,    0) (   0,    0) (   0,    0) (   0,    0)
          (   0,    0) (   0,    0) (   0,    0) (   0,    0) (   0,    0) (   0,    0) (   0,    0) (   0,    0) (   0,    0) (   0,    0)
          (   0,    0) (   0,    0) (   0,    0) (   0,    0) (   0,    0) (   0,    0) (   0,    0) (   0,    0) (   0,    0) (   0,    0)
          (   0,    0) (   0,    0) (   0,    0) (   0,    0) (   0,    0) (   0,    0) (   0,    0) (   0,    0) (   0,    0) (   0,    0)
          (   0,    0) (   0,    0) (   0,    0) (   0,    0) (   0,    0) (   0,    0) (   0,    0) (   0,    0) (   0,    0) (   0,    0)
          (   0,    0) (   0,    0) (   0,    0) (   0,    0) (   0,    0) (   0,    0) (   0,    0) (   0,    0) (   0,    0) (   0,    0)
          (   0,    0) (   0,    0) (   0,    0) (   0,    0) (   0,    0) (   0,    0) (   0,    0) (   0,    0) (   0,    0) (   0,    0)
          (   0,    0) (   0,    0) (   0,    0) (   0,    0) (   0,    0) (   0,    0) (   0,    0) (   0,    0) (   0,    0) (   0,    0)
          (   0,    0) (   0,    0) (   0,    0) (   0,    0) (   0,    0) (   0,    0) (   0,    0) (   0,    0) (   0,    0) (   0,    0)
          (   0,    0) (   0,    0) (   0,    0) (   0,    0) (   0,    0) (   0,    0) (   0,    0) (   0,    0) (   0,    0) (   0,    0)
          (   0,    0) (   0,    0) (   0,    0) (   0,    0) (   0,    0) (   0,    0) (   0,    0) (   0,    0) (   0,    0) (   0,    0)
          (   0,    0) (   0,    0) (   0,    0) (   0,    0) (   0,    0) (   0,    0) (   0,    0) (   0,    0) (   0,    0) (   0,    0)
          (   0,    0) (   0,    0) (   0,    0) (   0,    0) (   0,    0) (   0,    0) (   0,    0) (   0,    0) (   0,    0) (   0,    0)
          (   0,    0) (   0,    0) (   0,    0) (   0,    0) (   0,    0) (   0,    0) (   0,    0) (   0,    0) (   0,    0) (   0,    0)
          (   0,    0) (   0,    0) (   0,    0) (   0,    0) (   0,    0) (   0,    0) (   0,    0) (   0,    0) (   0,    0) (   0,    0)
          (   0,    0) (   0,    0) (   0,    0) (   0,    0) (   0,    0) (   0,    0) (   0,    0) (   0,    0) (   0,    0) (   0,    0)
          (   0,    0) (   0,    0) (   0,    0) (   0,    0) (   0,    0) (   0,    0) (   0,    0) (   0,    0) (   0,    0) (   0,    0)
          (   0,    0) (   0,    0) (   0,    0) (   0,    0) (   0,    0) (   0,    0) (   0,    0) (   0,    0) (   0,    0) (   0,    0)
          (   0,    0) (   0,    0) (   0,    0) (   0,    0) (   0,    0) (   0,    0) (   0,    0) (   0,    0) (   0,    0) (   0,    0)
          (   0,    0) (   0,    0) (   0,    0) (   0,    0) (   0,    0) (   0,    0) (   0,    0) (   0,    0) (   0,    0) (   0,    0)
          (   0,    0) (   0,    0) (   0,    0) (   0,    0) (   0,    0) (   0,    0) (   0,    0) (   0,    0) (   0,    0) (   0,    0)
          (   0,    0) (   0,    0) (   0,    0) (   0,    0) (   0,    0) (   0,    0) (   0,    0) (   0,    0) (   0,    0) (   0,    0)
          (   0,    0) (   0,    0) (   0,    0) (   0,    0) (   0,    0) (   0,    0) (   0,    0) (   0,    0) (   0,    0) (   0,    0)
          (   0,    0) (   0,    0) (   0,    0) (   0,    0) (   0,    0) (   0,    0) (   0,    0) (   0,    0) (   0,    0) (   0,    0)
          (   0,    0) (   0,    0) (   0,    0) (   0,    0) (   0,    0) (   0,    0) (   0,    0) (   0,    0) (   0,    0) (   0,    0)
          (   0,    0) (   0,    0) (   0,    0) (   0,    0) (   0,    0) (   0,    0) (   0,    0) (   0,    0) (   0,    0) (   0,    0)
          (   0,    0) (   0,    0) (   0,    0) (   0,    0) (   0,    0) (   0,    0) (   0,    0) (   0,    0) (   0,    0) (   0,    0)
          (   0,    0) (   0,    0) (   0,    0) (   0,    0) (   0,    0) (   0,    0) (   0,    0) (   0,    0) (   0,    0) (   0,    0)
          (   0,    0) (   0,    0) (   0,    0) (   0,    0) (   0,    0) (   0,    0) (   0,    0) (   0,    0) (   0,    0) (   0,    0)
          (   0,    0) (   0,    0) (   0,    0) (   0,    0) (   0,    0) (   0,    0) (   0,    0) (   0,    0) (   0,    0) (   0,    0)
          (   0,    0) (   0,    0) (   0,    0) (   0,    0) (   0,    0) (   0,    0) (   0,    0) (   0,    0) (   0,    0) (   0,    0)
          (   0,    0) (   0,    0) (   0,    0) (   0,    0) (   0,    0) (   0,    0) (   0,    0) (   0,    0) (   0,    0) (   0,    0)
          (   0,    0) (   0,    0) (   0,    0) (   0,    0) (   0,    0) (   0,    0) (   0,    0) (   0,    0) (   0,    0) (   0,    0)
          (   0,    0) (   0,    0) (   0,    0) (   0,    0) (   0,    0) (   0,    0) (   0,    0) (   0,    0) (   0,    0) (   0,    0)
          (   0,    0) (   0,    0) (   0,    0) (   0,    0) (   0,    0) (   0,    0) (   0,    0) (   0,    0) (   0,    0) (   0,    0)
          (   0,    0) (   0,    0) (   0,    0) (   0,    0) (   0,    0) (   0,    0) (   0,    0) (   0,    0) (   0,    0) (   0,    0)
          (   0,    0) (   0,    0) (   0,    0) (   0,    0) (   0,    0) (   0,    0) (   0,    0) (   0,    0) (   0,    0) (   0,    0)
          (   0,    0) (   0,    0) (   0,    0) (   0,    0) (   0,    0) (   0,    0) (   0,    0) (   0,    0) (   0,    0) (   0,    0)
          (   0,    0) (   0,    0) (   0,    0) (   0,    0) (   0,    0) (   0,    0) (   0,    0) (   0,    0) (   0,    0) (   0,    0)
          (   0,    0) (   0,    0) (   0,    0) (   0,    0) (   0,    0) (   0,    0) (   0,    0) (   0,    0) (   0,    0) (   0,    0)
          (   0,    0) (   0,    0) (   0,    0) (   0,    0) (   0,    0) (   0,    0) (   0,    0) (   0,    0) (   0,    0) (   0,    0)
          (   0,    0) (   0,    0) (   0,    0) (   0,    0) (   0,    0) (   0,    0) (   0,    0) (   0,    0) (   0,    0) (   0,    0)
          (   0,    0) (   0,    0) (   0,    0) (   0,    0) (   0,    0) (   0,    0) (   0,    0) (   0,    0) (   0,    0) (   0,    0)
          (   0,    0) (   0,    0) (   0,    0) (   0,    0) (   0,    0) (   0,    0) (   0,    0) (   0,    0) (   0,    0) (   0,    0)
          (   0,    0) (   0,    0) (   0,    0) (   0,    0) (   0,    0) (   0,    0) (   0,    0) (   0,    0) (   0,    0) (   0,    0)
          (   0,    0) (   0,    0) (   0,    0) (   0,    0) (   0,    0) (   0,    0) (   0,    0) (   0,    0) (   0,    0) (   0,    0)
          (   0,    0) (   0,    0) (   0,    0) (   0,    0) (   0,    0) (   0,    0) (   0,    0) (   0,    0) (   0,    0) (   0,    0)
          (   0,    0) (   0,    0) (   0,    0) (   0,    0) (   0,    0) (   0,    0) (   0,    0) (   0,    0) (   0,    0) (   0,    0)
          (   0,    0) (   0,    0) (   0,    0) (   0,    0) (   0,    0) (   0,    0) (   0,    0) (   0,    0) (   0,    0) (   0,    0)
          (   0,    0) (   0,    0) (   0,    0) (   0,    0) (   0,    0) (   0,    0) (   0,    0) (   0,    0) (   0,    0) (   0,    0)
          (   0,    0) (   0,    0) (   0,    0) (   0,    0) (   0,    0) (   0,    0) (   0,    0) (   0,    0) (   0,    0) (   0,    0)
          (   0,    0) (   0,    0) (   0,    0) (   0,    0) (   0,    0) (   0,    0) (   0,    0) (   0,    0) (   0,    0) (   0,    0)
          (   0,    0) (   0,    0) (   0,    0) (   0,    0) (   0,    0) (   0,    0) (   0,    0) (   0,    0) (   0,    0) (   0,    0)
         
node   8 sent_total     54  recv_total     44

node   9  (   0,    0) (   0,    0) (   1,    0) (   0,    0) (   0,    1) (   1,    0) (   0,    0) (   0,    0) (   0,    0) (   0,    0)
          (   1,    0) (   0,    3) (   0,    0) (   0,    0) (   0,    0) (   3,    0) (   0,    2) (   0,    0) (   0,    0) (   0,    0)
          (   3,    0) (   0,    4) (   0,    0) (   0,    0) (   0,    0) (   3,    0) (   0,    3) (   0,    0) (   0,    0) (   0,    0)
          (   3,    0) (   0,    4) (   0,    0) (   0,    0) (   0,    0) (   3,    0) (   0,    2) (   0,    0) (   0,    0) (   0,    0)
          (   3,    0) (   0,    2) (   0,    0) (   0,    0) (   0,    0) (   3,    0) (   0,    4) (   0,    0) (   0,    0) (   0,    0)
          (   3,    0) (   0,    3) (   0,    0) (   0,    0) (   0,    0) (   3,    0) (   0,    2) (   0,    0) (   0,    0) (   0,    0)
          (   3,    0) (   0,    2) (   0,    0) (   0,    0) (   0,    0) (   3,    0) (   0,    1) (   0,    0) (   0,    0) (   0,    0)
          (   3,    0) (   0,    8) (   0,    0) (   0,    0) (   0,    0) (   3,    0) (   0,    2) (   0,    0) (   0,    0) (   0,    0)
          (   2,    0) (   0,    7) (   0,    0) (   0,    0) (   0,    0) (   2,    0) (   0,    4) (   0,    0) (   0,    0) (   0,    0)
          (   2,    0) (   0,    4) (   0,    0) (   0,    0) (   0,    0) (   3,    0) (   0,    4) (   0,    0) (   0,    0) (   0,    0)
          (   2,    0) (   0,    2) (   0,    0) (   0,    0) (   0,    0) (   3,    0) (   0,    2) (   0,    0) (   0,    0) (   0,    0)
          (   3,    0) (   0,    1) (   0,    0) (   0,    0) (   0,    0) (   3,    0) (   0,    3) (   0,    0) (   0,    0) (   0,    0)
          (   3,    0) (   0,    2) (   0,    0) (   0,    0) (   0,    0) (   3,    0) (   0,    1) (   0,    0) (   0,    0) (   0,    0)
          (   3,    0) (   0,    3) (   0,    0) (   0,    0) (   0,    0) (   3,    0) (   0,    1) (   0,    0) (   0,    0) (   0,    0)
          (   2,    0) (   0,    1) (   0,    0) (   0,    0) (   0,    0) (   2,    0) (   0,    5) (   0,    0) (   0,    0) (   0,    0)
          (   3,    0) (   0,    1) (   0,    0) (   0,    0) (   0,    0) (   3,    0) (   0,    5) (   0,    0) (   0,    0) (   0,    0)
          (   1,    0) (   0,    3) (   0,    0) (   0,    0) (   0,    0) (   2,    0) (   0,    4) (   0,    0) (   0,    0) (   0,    0)
          (   3,    0) (   0,    3) (   0,    0) (   0,    0) (   0,    0) (   3,    0) (   0,    3) (   0,    0) (   0,    0) (   0,    0)
          (   3,    0) (   0,    3) (   0,    0) (   0,    0) (   0,    0) (   3,    0) (   0,    4) (   0,    0) (   0,    0) (   0,    0)
          (   3,    0) (   0,    5) (   0,    0) (   0,    0) (   0,    0) (   3,    0) (   0,    3) (   0,    0) (   0,    0) (   0,    0)
          (   3,    0) (   0,    3) (   0,    0) (   0,    0) (   0,    0) (   2,    0) (   0,    2) (   0,    0) (   0,    0) (   0,    0)
          (   2,    0) (   0,    2) (   0,    0) (   0,    0) (   0,    0) (   2,    0) (   0,    3) (   0,    0) (   0,    0) (   0,    0)
          (   3,    0) (   0,    1) (   0,    0) (   0,    0) (   0,    0) (   3,    0) (   0,    5) (   0,    0) (   0,    0) (   0,    0)
          (   3,    0) (   0,    3) (   0,    0) (   0,    0) (   0,    0) (   3,    0) (   0,    3) (   0,    0) (   0,    0) (   0,    0)
          (   3,    0) (   0,    3) (   0,    0) (   0,    0) (   0,    0) (   3,    0) (   0,    1) (   0,    0) (   0,    0) (   0,    0)
          (   2,    0) (   0,    3) (   0,    0) (   0,    0) (   0,    0) (   3,    0) (   0,    5) (   0,    0) (   0,    0) (   0,    0)
          (   2,    0) (   0,    1) (   0,    0) (   0,    0) (   0,    0) (   3,    0) (   0,    3) (   0,    0) (   0,    0) (   0,    0)
          (   3,    0) (   0,    1) (   0,    0) (   0,    0) (   0,    0) (   3,    0) (   0,    3) (   0,    0) (   0,    0) (   0,    0)
          (   2,    0) (   0,    1) (   0,    0) (   0,    0) (   0,    0) (   3,    0) (   0,    5) (   0,    0) (   0,    0) (   0,    0)
          (   3,    0) (   0,    1) (   0,    0) (   0,    0) (   0,    0) (   3,    0) (   0,    1) (   0,    0) (   0,    0) (   0,    0)
          (   3,    0) (   0,    1) (   0,    0) (   0,    0) (   0,    0) (   3,    0) (   0,    4) (   0,    0) (   0,    0) (   0,    0)
          (   3,    0) (   0,    2) (   0,    0) (   0,    0) (   0,    0) (   3,    0) (   0,    5) (   0,    0) (   0,    0) (   0,    0)
          (   3,    0) (   0,    4) (   0,    0) (   0,    0) (   0,    0) (   3,    0) (   0,    1) (   0,    0) (   0,    0) (   0,    0)
          (   3,    0) (   0,    5) (   0,    0) (   0,    0) (   0,    0) (   3,    0) (   0,    2) (   0,    0) (   0,    0) (   0,    0)
          (   3,    0) (   0,    5) (   0,    0) (   0,    0) (   0,    0) (   3,    0) (   0,    3) (   0,    0) (   0,    0) (   0,    0)
          (   3,    0) (   0,    5) (   0,    0) (   0,    0) (   0,    0) (   3,    0) (   0,    4) (   0,    0) (   0,    0) (   0,    0)
          (   3,    0) (   0,    4) (   0,    0) (   0,    0) (   0,    0) (   3,    0) (   0,    2) (   0,    0) (   0,    0) (   0,    0)
          (   3,    0) (   0,    1) (   0,    0) (   0,    0) (   0,    0) (   3,    0) (   0,    3) (   0,    0) (   0,    0) (   0,    0)
          (   3,    0) (   0,    5) (   0,    0) (   0,    0) (   0,    0) (   3,    0) (   0,    4) (   0,    0) (   0,    0) (   0,    0)
          (   3,    0) (   0,    5) (   0,    0) (   0,    0) (   0,    0) (   3,    0) (   0,    5) (   0,    0) (   0,    0) (   0,    0)
          (   3,    0) (   0,    2) (   0,    0) (   0,    0) (   0,    0) (   3,    0) (   0,    3) (   0,    0) (   0,    0) (   0,    0)
          (   3,    0) (   0,    3) (   0,    0) (   0,    0) (   0,    0) (   3,    0) (   0,    3) (   0,    0) (   0,    0) (   0,    0)
          (   3,    0) (   0,    6) (   0,    0) (   0,    0) (   0,    0) (   3,    0) (   0,    2) (   0,    0) (   0,    0) (   0,    0)
          (   3,    0) (   0,    3) (   0,    0) (   0,    0) (   0,    0) (   3,    0) (   0,    1) (   0,    0) (   0,    0) (   0,    0)
          (   3,    0) (   0,    3) (   0,    0) (   0,    0) (   0,    0) (   3,    0) (   0,    3) (   0,    0) (   0,    0) (   0,    0)
          (   3,    0) (   0,    3) (   0,    0) (   0,    0) (   0,    0) (   3,    0) (   0,    0) (   0,    0) (   0,    0) (   0,    0)
          (   3,    0) (   0,    3) (   0,    0) (   0,    0) (   0,    0) (   3,    0) (   0,    2) (   0,    0) (   0,    0) (   0,    0)
          (   3,    0) (   0,    1) (   0,    0) (   0,    0) (   0,    0) (   3,    0) (   0,    2) (   0,    0) (   0,    0) (   0,    0)
          (   3,    0) (   0,    4) (   0,    0) (   0,    0) (   0,    0) (   3,    0) (   0,    6) (   0,    0) (   0,    0) (   0,    0)
          (   3,    0) (   0,    1) (   0,    0) (   0,    0) (   0,    0) (   3,    0) (   0,    4) (   0,    0) (   0,    0) (   0,    0)
          (   3,    0) (   0,    4) (   0,    0) (   0,    0) (   0,    0) (   3,    0) (   0,    2) (   0,    0) (   0,    0) (   0,    0)
          (   3,    0) (   0,    5) (   0,    0) (   0,    0) (   0,    0) (   3,    0) (   0,    3) (   0,    0) (   0,    0) (   0,    0)
          (   3,    0) (   0,    3) (   0,    0) (   0,    0) (   0,    0) (   3,    0) (   0,    3) (   0,    0) (   0,    0) (   0,    0)
          (   3,    0) (   0,    1) (   0,    0) (   0,    0) (   0,    0) (   3,    0) (   0,    3) (   0,    0) (   0,    0) (   0,    0)
          (   3,    0) (   0,    6) (   0,    0) (   0,    0) (   0,    0) (   3,    0) (   0,    3) (   0,    0) (   0,    0) (   0,    0)
          (   3,    0) (   0,    3) (   0,    0) (   0,    0) (   0,    0) (   3,    0) (   0,    2) (   0,    0) (   0,    0) (   0,    0)
          (   3,    0) (   0,    3) (   0,    0) (   0,    0) (   0,    0) (   3,    0) (   0,    3) (   0,    0) (   0,    0) (   0,    0)
          (   3,    0) (   0,    2) (   0,    0) (   0,    0) (   0,    0) (   3,    0) (   0,    3) (   0,    0) (   0,    0) (   0,    0)
          (   3,    0) (   0,    3) (   0,    0) (   0,    0) (   0,    0) (   3,    0) (   0,    3) (   0,    0) (   0,    0) (   0,    0)
          (   3,    0) (   0,    0) (   0,    0) (   0,    0) (   0,    0) (   3,    0) (   0,    2) (   0,    0) (   0,    0) (   0,    0)
          (   3,    0) (   0,    2) (   0,    0) (   0,    0) (   0,    0) (   3,    0) (   0,    5) (   0,    0) (   0,    0) (   0,    0)
          (   3,    0) (   0,    1) (   0,    0) (   0,    0) (   0,    0) (   3,    0) (   0,    4) (   0,    0) (   0,    0) (   0,    0)
          (   3,    0) (   0,    1) (   0,    0) (   0,    0) (   0,    0) (   3,    0) (   0,    6) (   0,    0) (   0,    0) (   0,    0)
          (   3,    0) (   0,    5) (   0,    0) (   0,    0) (   0,    0) (   3,    0) (   0,    3) (   0,    0) (   0,    0) (   0,    0)
          (   3,    0) (   0,    3) (   0,    0) (   0,    0) (   0,    0) (   3,    0) (   0,    3) (   0,    0) (   0,    0) (   0,    0)
          (   3,    0) (   0,    1) (   0,    0) (   0,    0) (   0,    0) (   3,    0) (   0,    2) (   0,    0) (   0,    0) (   0,    0)
          (   3,    0) (   0,    2) (   0,    0) (   0,    0) (   0,    0) (   3,    0) (   0,    4) (   0,    0) (   0,    0) (   0,    0)
          (   3,    0) (   0,    5) (   0,    0) (   0,    0) (   0,    0) (   3,    0) (   0,    2) (   0,    0) (   0,    0) (   0,    0)
          (   3,    0) (   0,    4) (   0,    0) (   0,    0) (   0,    0) (   3,    0) (   0,    3) (   0,    0) (   0,    0) (   0,    0)
          (   3,    0) (   0,    3) (   0,    0) (   0,    0) (   0,    0) (   3,    0) (   0,    4) (   0,    0) (   0,    0) (   0,    0)
         
node   9 sent_total    399  recv_total    412

node  10  (   0,    0) (   0,    0) (   1,    0) (   0,    0) (   0,    1) (   1,    0) (   0,    1) (   0,    0) (   0,    0) (   0,    0)
          (   3,    0) (   0,    2) (   0,    0) (   0,    0) (   0,    0) (   3,    0) (   0,    1) (   0,    0) (   0,    0) (   0,    0)
          (   3,    0) (   0,    2) (   0,    0) (   0,    0) (   0,    0) (   3,    0) (   0,    2) (   0,    0) (   0,    0) (   0,    0)
          (   3,    0) (   0,    2) (   0,    0) (   0,    0) (   0,    0) (   3,    0) (   0,    2) (   0,    0) (   0,    0) (   0,    0)
          (   3,    0) (   0,    3) (   0,    0) (   0,    0) (   0,    0) (   3,    0) (   0,    1) (   0,    0) (   0,    0) (   0,    0)
          (   3,    0) (   0,    3) (   0,    0) (   0,    0) (   0,    0) (   3,    0) (   0,    2) (   0,    0) (   0,    0) (   0,    0)
          (   3,    0) (   0,    2) (   0,    0) (   0,    0) (   0,    0) (   2,    0) (   0,    3) (   0,    0) (   0,    0) (   0,    0)
          (   3,    0) (   0,    4) (   0,    0) (   0,    0) (   0,    0) (   2,    0) (   0,    3) (   0,    0) (   0,    0) (   0,    0)
          (   3,    0) (   0,    2) (   0,    0) (   0,    0) (   0,    0) (   2,    0) (   0,    1) (   0,    0) (   0,    0) (   0,    0)
          (   3,    0) (   0,    3) (   0,    0) (   0,    0) (   0,    0) (   2,    0) (   0,    1) (   0,    0) (   0,    0) (   0,    0)
          (   3,    0) (   0,    4) (   0,    0) (   0,    0) (   0,    0) (   3,    0) (   0,    6) (   0,    0) (   0,    0) (   0,    0)
          (   3,    0) (   0,    2) (   0,    0) (   0,    0) (   0,    0) (   3,    0) (   0,    0) (   0,    0) (   0,    0) (   0,    0)
          (   3,    0) (   0,    0) (   0,    0) (   0,    0) (   0,    0) (   3,    0) (   0,    2) (   0,    0) (   0,    0) (   0,    0)
          (   2,    0) (   0,    2) (   0,    0) (   0,    0) (   0,    0) (   3,    0) (   0,    2) (   0,    0) (   0,    0) (   0,    0)
          (   2,    0) (   0,    5) (   0,    0) (   0,    0) (   0,    0) (   3,    0) (   0,    4) (   0,    0) (   0,    0) (   0,    0)
          (   1,    0) (   0,    4) (   0,    0) (   0,    0) (   0,    0) (   3,    0) (   0,    4) (   0,    0) (   0,    0) (   0,    0)
          (   2,    0) (   0,    2) (   0,    0) (   0,    0) (   0,    0) (   3,    0) (   0,    2) (   0,    0) (   0,    0) (   0,    0)
          (   3,    0) (   0,    5) (   0,    0) (   0,    0) (   0,    0) (   2,    0) (   0,    2) (   0,    0) (   0,    0) (   0,    0)
          (   3,    0) (   0,    2) (   0,    0) (   0,    0) (   0,    0) (   2,    0) (   0,    0) (   0,    0) (   0,    0) (   0,    0)
          (   3,    0) (   0,    4) (   0,    0) (   0,    0) (   0,    0) (   2,    0) (   0,    2) (   0,    0) (   0,    0) (   0,    0)
          (   3,    0) (   0,    2) (   0,    0) (   0,    0) (   0,    0) (   2,    0) (   0,    3) (   0,    0) (   0,    0) (   0,    0)
          (   3,    0) (   0,    2) (   0,    0) (   0,    0) (   0,    0) (   3,    0) (   0,    1) (   0,    0) (   0,    0) (   0,    0)
          (   3,    0) (   0,    7) (   0,    0) (   0,    0) (   0,    0) (   3,    0) (   0,    3) (   0,    0) (   0,    0) (   0,    0)
          (   2,    0) (   0,    2) (   0,    0) (   0,    0) (   0,    0) (   2,    0) (   0,    4) (   0,    0) (   0,    0) (   0,    0)
          (   3,    0) (   0,    3) (   0,    0) (   0,    0) (   0,    0) (   3,    0) (   0,    5) (   0,    0) (   0,    0) (   0,    0)
          (   3,    0) (   0,    2) (   0,    0) (   0,    0) (   0,    0) (   3,    0) (   0,    2) (   0,    0) (   0,    0) (   0,    0)
          (   1,    0) (   0,    1) (   0,    0) (   0,    0) (   0,    0) (   2,    0) (   0,    1) (   0,    0) (   0,    0) (   0,    0)
          (   3,    0) (   0,    4) (   0,    0) (   0,    0) (   0,    0) (   3,    0) (   0,    3) (   0,    0) (   0,    0) (   0,    0)
          (   2,    0) (   0,    4) (   0,    0) (   0,    0) (   0,    0) (   3,    0) (   0,    3) (   0,    0) (   0,    0) (   0,    0)
          (   3,    0) (   0,    2) (   0,    0) (   0,    0) (   0,    0) (   3,    0) (   0,    7) (   0,    0) (   0,    0) (   0,    0)
          (   3,    0) (   0,    2) (   0,    0) (   0,    0) (   0,    0) (   3,    0) (   0,    2) (   0,    0) (   0,    0) (   0,    0)
          (   3,    0) (   0,    3) (   0,    0) (   0,    0) (   0,    0) (   3,    0) (   0,    1) (   0,    0) (   0,    0) (   0,    0)
          (   3,    0) (   0,    2) (   0,    0) (   0,    0) (   0,    0) (   3,    0) (   0,    4) (   0,    0) (   0,    0) (   0,    0)
          (   3,    0) (   0,    5) (   0,    0) (   0,    0) (   0,    0) (   3,    0) (   0,    2) (   0,    0) (   0,    0) (   0,    0)
          (   3,    0) (   0,    2) (   0,    0) (   0,    0) (   0,    0) (   3,    0) (   0,    3) (   0,    0) (   0,    0) (   0,    0)
          (   3,    0) (   0,    1) (   0,    0) (   0,    0) (   0,    0) (   3,    0) (   0,    1) (   0,    0) (   0,    0) (   0,    0)
          (   3,    0) (   0,    3) (   0,    0) (   0,    0) (   0,    0) (   3,    0) (   0,    3) (   0,    0) (   0,    0) (   0,    0)
          (   3,    0) (   0,    4) (   0,    0) (   0,    0) (   0,    0) (   3,    0) (   0,    2) (   0,    0) (   0,    0) (   0,    0)
          (   3,    0) (   0,    5) (   0,    0) (   0,    0) (   0,    0) (   3,    0) (   0,    0) (   0,    0) (   0,    0) (   0,    0)
          (   3,    0) (   0,    1) (   0,    0) (   0,    0) (   0,    0) (   3,    0) (   0,    4) (   0,    0) (   0,    0) (   0,    0)
          (   3,    0) (   0,    4) (   0,    0) (   0,    0) (   0,    0) (   3,    0) (   0,    5) (   0,    0) (   0,    0) (   0,    0)
          (   3,    0) (   0,    4) (   0,    0) (   0,    0) (   0,    0) (   3,    0) (   0,    4) (   0,    0) (   0,    0) (   0,    0)
          (   3,    0) (   0,    1) (   0,    0) (   0,    0) (   0,    0) (   3,    0) (   0,    3) (   0,    0) (   0,    0) (   0,    0)
          (   3,    0) (   0,    2) (   0,    0) (   0,    0) (   0,    0) (   3,    0) (   0,    4) (   0,    0) (   0,    0) (   0,    0)
          (   3,    0) (   0,    4) (   0,    0) (   0,    0) (   0,    0) (   3,    0) (   0,    1) (   0,    0) (   0,    0) (   0,    0)
          (   3,    0) (   0,    2) (   0,    0) (   0,    0) (   0,    0) (   3,    0) (   0,    2) (   0,    0) (   0,    0) (   0,    0)
          (   3,    0) (   0,    2) (   0,    0) (   0,    0) (   0,    0) (   3,    0) (   0,    5) (   0,    0) (   0,    0) (   0,    0)
          (   3,    0) (   0,    3) (   0,    0) (   0,    0) (   0,    0) (   3,    0) (   0,    4) (   0,    0) (   0,    0) (   0,    0)
          (   3,    0) (   0,    4) (   0,    0) (   0,    0) (   0,    0) (   3,    0) (   0,    1) (   0,    0) (   0,    0) (   0,    0)
          (   3,    0) (   0,    2) (   0,    0) (   0,    0) (   0,    0) (   3,    0) (   0,    2) (   0,    0) (   0,    0) (   0,    0)
          (   3,    0) (   0,    3) (   0,    0) (   0,    0) (   0,    0) (   3,    0) (   0,    5) (   0,    0) (   0,    0) (   0,    0)
          (   3,    0) (   0,    5) (   0,    0) (   0,    0) (   0,    0) (   3,    0) (   0,    4) (   0,    0) (   0,    0) (   0,    0)
          (   3,    0) (   0,    3) (   0,    0) (   0,    0) (   0,    0) (   3,    0) (   0,    2) (   0,    0) (   0,    0) (   0,    0)
          (   3,    0) (   0,    2) (   0,    0) (   0,    0) (   0,    0) (   3,    0) (   0,    4) (   0,    0) (   0,    0) (   0,    0)
          (   3,    0) (   0,    1) (   0,    0) (   0,    0) (   0,    0) (   3,    0) (   0,    2) (   0,    0) (   0,    0) (   0,    0)
          (   3,    0) (   0,    3) (   0,    0) (   0,    0) (   0,    0) (   3,    0) (   0,    6) (   0,    0) (   0,    0) (   0,    0)
          (   3,    0) (   0,    2) (   0,    0) (   0,    0) (   0,    0) (   3,    0) (   0,    2) (   0,    0) (   0,    0) (   0,    0)
          (   3,    0) (   0,    3) (   0,    0) (   0,    0) (   0,    0) (   3,    0) (   0,    3) (   0,    0) (   0,    0) (   0,    0)
          (   3,    0) (   0,    1) (   0,    0) (   0,    0) (   0,    0) (   3,    0) (   0,    3) (   0,    0) (   0,    0) (   0,    0)
          (   3,    0) (   0,    2) (   0,    0) (   0,    0) (   0,    0) (   3,    0) (   0,    2) (   0,    0) (   0,    0) (   0,    0)
          (   3,    0) (   0,    4) (   0,    0) (   0,    0) (   0,    0) (   3,    0) (   0,    5) (   0,    0) (   0,    0) (   0,    0)
          (   3,    0) (   0,    5) (   0,    0) (   0,    0) (   0,    0) (   3,    0) (   0,    3) (   0,    0) (   0,    0) (   0,    0)
          (   3,    0) (   0,    5) (   0,    0) (   0,    0) (   0,    0) (   3,    0) (   0,    4) (   0,    0) (   0,    0) (   0,    0)
          (   3,    0) (   0,    2) (   0,    0) (   0,    0) (   0,    0) (   3,    0) (   0,    3) (   0,    0) (   0,    0) (   0,    0)
          (   3,    0) (   0,    1) (   0,    0) (   0,    0) (   0,    0) (   3,    0) (   0,    6) (   0,    0) (   0,    0) (   0,    0)
          (   3,    0) (   0,    1) (   0,    0) (   0,    0) (   0,    0) (   3,    0) (   0,    5) (   0,    0) (   0,    0) (   0,    0)
          (   3,    0) (   0,    1) (   0,    0) (   0,    0) (   0,    0) (   3,    0) (   0,    4) (   0,    0) (   0,    0) (   0,    0)
          (   3,    0) (   0,    4) (   0,    0) (   0,    0) (   0,    0) (   3,    0) (   0,    2) (   0,    0) (   0,    0) (   0,    0)
          (   3,    0) (   0,    2) (   0,    0) (   0,    0) (   0,    0) (   3,    0) (   0,    2) (   0,    0) (   0,    0) (   0,    0)
          (   3,    0) (   0,    6) (   0,    0) (   0,    0) (   0,    0) (   3,    0) (   0,    4) (   0,    0) (   0,    0) (   0,    0)
         
node  10 sent_total    397  recv_total    392

