#
# A fatal error has been detected by the Java Runtime Environment:
#
#  Internal Error (generateOopMap.cpp:2164), pid=20382, tid=20391
#  fatal error: Illegal class file encountered. Try running with -Xverify:all in method schedule
#
# JRE version: Java(TM) SE Runtime Environment (11.0.1+13) (build 11.0.1+13-LTS)
# Java VM: Java HotSpot(TM) 64-Bit Server VM (11.0.1+13-LTS, mixed mode, tiered, compressed oops, g1 gc, linux-amd64)
# Core dump will be written. Default location: Core dumps may be processed with "/usr/share/apport/apport %p %s %c %d %P" (or dumping to /home/nathan/Dropbox/School/UIUC/CS427/Debugging/Debugging/core.20382)
#
# If you would like to submit a bug report, please visit:
#   http://bugreport.java.com/bugreport/crash.jsp
#

---------------  S U M M A R Y ------------

Command Line: -agentlib:jdwp=transport=dt_socket,address=127.0.0.1:42877,suspend=y,server=n -ea -Didea.test.cyclic.buffer.size=1048576 -javaagent:/home/nathan/Extracts/idea-IU-182.4892.20/lib/rt/debugger-agent.jar=file:/tmp/capture.props -Dfile.encoding=UTF-8 com.intellij.rt.execution.junit.JUnitStarter -ideVersion5 -junit4 office.MeetingSchedulerTest,shouldNotBookMeetingRoomOutsideOfficeHours

Host: Intel(R) Core(TM) i7-7700K CPU @ 4.20GHz, 8 cores, 15G, Ubuntu 18.04.1 LTS
Time: Fri Dec  7 00:54:33 2018 CST elapsed time: 226 seconds (0d 0h 3m 46s)

---------------  T H R E A D  ---------------

Current thread (0x00007fd26026a800):  VMThread "VM Thread" [stack: 0x00007fd232df5000,0x00007fd232ef5000] [id=20391]

Stack: [0x00007fd232df5000,0x00007fd232ef5000],  sp=0x00007fd232ef2dd0,  free space=1015k
Native frames: (J=compiled Java code, A=aot compiled Java code, j=interpreted, Vv=VM code, C=native code)
V  [libjvm.so+0xe591d7]  VMError::report_and_die(int, char const*, char const*, __va_list_tag*, Thread*, unsigned char*, void*, void*, char const*, int, unsigned long)+0x2c7
V  [libjvm.so+0xe59dff]  VMError::report_and_die(Thread*, void*, char const*, int, char const*, char const*, __va_list_tag*)+0x2f
V  [libjvm.so+0x6cae9a]  report_fatal(char const*, int, char const*, ...)+0x10a
V  [libjvm.so+0x826a78]  GenerateOopMap::error_work(char const*, __va_list_tag*)+0xb8
V  [libjvm.so+0x826b4b]  GenerateOopMap::report_error(char const*, ...) [clone .constprop.79]+0x8b
V  [libjvm.so+0x829607]  GenerateOopMap::interp1(BytecodeStream*)+0x7f7
V  [libjvm.so+0x82b72c]  GenerateOopMap::interp_bb(BasicBlock*)+0x15c
V  [libjvm.so+0x82e29d]  GenerateOopMap::do_interpretation()+0xbd
V  [libjvm.so+0x82e649]  GenerateOopMap::compute_map(Thread*)+0x269
V  [libjvm.so+0xc22dfa]  OopMapCacheEntry::fill(methodHandle const&, int)+0x20a
V  [libjvm.so+0xc2337b]  OopMapCache::compute_one_oop_map(methodHandle const&, int, InterpreterOopMap*)+0x6b
V  [libjvm.so+0xbb2376]  Method::mask_for(int, InterpreterOopMap*)+0x76
V  [libjvm.so+0xa41fec]  VM_GetOrSetLocal::doit()+0x4c
V  [libjvm.so+0xe6ba48]  VM_Operation::evaluate()+0xd8
V  [libjvm.so+0xe6927f]  VMThread::evaluate_operation(VM_Operation*) [clone .constprop.54]+0xff
V  [libjvm.so+0xe6978e]  VMThread::loop()+0x3be
V  [libjvm.so+0xe69bbb]  VMThread::run()+0x7b
V  [libjvm.so+0xc3a900]  thread_native_entry(Thread*)+0xf0

VM_Operation (0x00007fd2324e48f0): GetOrSetLocal, mode: safepoint, requested by thread 0x00007fd26036f800


---------------  P R O C E S S  ---------------

Threads class SMR info:
_java_thread_list=0x00007fd2604017b0, length=12, elements={
0x00007fd260015800, 0x00007fd260272800, 0x00007fd260276800, 0x00007fd260288000,
0x00007fd26028a000, 0x00007fd26028c000, 0x00007fd26028e000, 0x00007fd260311000,
0x00007fd26036f800, 0x00007fd260373000, 0x00007fd204001800, 0x00007fd260400000
}

Java Threads: ( => current thread )
  0x00007fd260015800 JavaThread "main" [_thread_blocked, id=20383, stack(0x00007fd267731000,0x00007fd267832000)]
  0x00007fd260272800 JavaThread "Reference Handler" daemon [_thread_blocked, id=20393, stack(0x00007fd232cf2000,0x00007fd232df3000)]
  0x00007fd260276800 JavaThread "Finalizer" daemon [_thread_blocked, id=20394, stack(0x00007fd232bf1000,0x00007fd232cf2000)]
  0x00007fd260288000 JavaThread "Signal Dispatcher" daemon [_thread_blocked, id=20395, stack(0x00007fd232af0000,0x00007fd232bf1000)]
  0x00007fd26028a000 JavaThread "C2 CompilerThread0" daemon [_thread_blocked, id=20398, stack(0x00007fd2329ef000,0x00007fd232af0000)]
  0x00007fd26028c000 JavaThread "C1 CompilerThread0" daemon [_thread_blocked, id=20401, stack(0x00007fd2328ee000,0x00007fd2329ef000)]
  0x00007fd26028e000 JavaThread "Sweeper thread" daemon [_thread_blocked, id=20402, stack(0x00007fd2327ed000,0x00007fd2328ee000)]
  0x00007fd260311000 JavaThread "Common-Cleaner" daemon [_thread_blocked, id=20406, stack(0x00007fd2326ec000,0x00007fd2327ed000)]
  0x00007fd26036f800 JavaThread "JDWP Transport Listener: dt_socket" daemon [_thread_blocked, id=20407, stack(0x00007fd2323e5000,0x00007fd2324e6000)] _threads_hazard_ptr=0x00007fd2604017b0
  0x00007fd260373000 JavaThread "JDWP Event Helper Thread" daemon [_thread_blocked, id=20410, stack(0x00007fd2322e4000,0x00007fd2323e5000)]
  0x00007fd204001800 JavaThread "JDWP Command Reader" daemon [_thread_in_native, id=20411, stack(0x00007fd2321e3000,0x00007fd2322e4000)]
  0x00007fd260400000 JavaThread "Service Thread" daemon [_thread_blocked, id=20412, stack(0x00007fd231cba000,0x00007fd231dbb000)]

Other Threads:
=>0x00007fd26026a800 VMThread "VM Thread" [stack: 0x00007fd232df5000,0x00007fd232ef5000] [id=20391]
  0x00007fd260403800 WatcherThread [stack: 0x00007fd231bba000,0x00007fd231cba000] [id=20413]
  0x00007fd26003f800 GCTaskThread "GC Thread#0" [stack: 0x00007fd24811e000,0x00007fd24821e000] [id=20384]
  0x00007fd26009d800 ConcurrentGCThread "G1 Main Marker" [stack: 0x00007fd23a287000,0x00007fd23a387000] [id=20385]
  0x00007fd26009f800 ConcurrentGCThread "G1 Conc#0" [stack: 0x00007fd23a185000,0x00007fd23a285000] [id=20386]
  0x00007fd26019f000 ConcurrentGCThread "G1 Refine#0" [stack: 0x00007fd2337f9000,0x00007fd2338f9000] [id=20388]
  0x00007fd2601a1000 ConcurrentGCThread "G1 Young RemSet Sampling" [stack: 0x00007fd2336f7000,0x00007fd2337f7000] [id=20389]

Threads with active compile tasks:

VM state:at safepoint (normal execution)

VM Mutex/Monitor currently owned by a thread:  ([mutex/lock_event])
[0x00007fd2600115e0] Threads_lock - owner thread: 0x00007fd26026a800

Heap address: 0x0000000706000000, size: 4000 MB, Compressed Oops mode: Zero based, Oop shift amount: 3
Narrow klass base: 0x0000000800000000, Narrow klass shift: 0
Compressed class space size: 1073741824 Address: 0x0000000800000000

Heap:
 garbage-first heap   total 256000K, used 9216K [0x0000000706000000, 0x0000000800000000)
  region size 1024K, 10 young (10240K), 0 survivors (0K)
 Metaspace       used 9472K, capacity 9608K, committed 9984K, reserved 1058816K
  class space    used 884K, capacity 920K, committed 1024K, reserved 1048576K
Heap Regions: E=young(eden), S=young(survivor), O=old, HS=humongous(starts), HC=humongous(continues), CS=collection set, F=free, A=archive, TAMS=top-at-mark-start (previous, next)
|   0|0x0000000706000000, 0x0000000706000000, 0x0000000706100000|  0%| F|  |TAMS 0x0000000706000000, 0x0000000706000000| Untracked 
|   1|0x0000000706100000, 0x0000000706100000, 0x0000000706200000|  0%| F|  |TAMS 0x0000000706100000, 0x0000000706100000| Untracked 
|   2|0x0000000706200000, 0x0000000706200000, 0x0000000706300000|  0%| F|  |TAMS 0x0000000706200000, 0x0000000706200000| Untracked 
|   3|0x0000000706300000, 0x0000000706300000, 0x0000000706400000|  0%| F|  |TAMS 0x0000000706300000, 0x0000000706300000| Untracked 
|   4|0x0000000706400000, 0x0000000706400000, 0x0000000706500000|  0%| F|  |TAMS 0x0000000706400000, 0x0000000706400000| Untracked 
|   5|0x0000000706500000, 0x0000000706500000, 0x0000000706600000|  0%| F|  |TAMS 0x0000000706500000, 0x0000000706500000| Untracked 
|   6|0x0000000706600000, 0x0000000706600000, 0x0000000706700000|  0%| F|  |TAMS 0x0000000706600000, 0x0000000706600000| Untracked 
|   7|0x0000000706700000, 0x0000000706700000, 0x0000000706800000|  0%| F|  |TAMS 0x0000000706700000, 0x0000000706700000| Untracked 
|   8|0x0000000706800000, 0x0000000706800000, 0x0000000706900000|  0%| F|  |TAMS 0x0000000706800000, 0x0000000706800000| Untracked 
|   9|0x0000000706900000, 0x0000000706900000, 0x0000000706a00000|  0%| F|  |TAMS 0x0000000706900000, 0x0000000706900000| Untracked 
|  10|0x0000000706a00000, 0x0000000706a00000, 0x0000000706b00000|  0%| F|  |TAMS 0x0000000706a00000, 0x0000000706a00000| Untracked 
|  11|0x0000000706b00000, 0x0000000706b00000, 0x0000000706c00000|  0%| F|  |TAMS 0x0000000706b00000, 0x0000000706b00000| Untracked 
|  12|0x0000000706c00000, 0x0000000706c00000, 0x0000000706d00000|  0%| F|  |TAMS 0x0000000706c00000, 0x0000000706c00000| Untracked 
|  13|0x0000000706d00000, 0x0000000706d00000, 0x0000000706e00000|  0%| F|  |TAMS 0x0000000706d00000, 0x0000000706d00000| Untracked 
|  14|0x0000000706e00000, 0x0000000706e00000, 0x0000000706f00000|  0%| F|  |TAMS 0x0000000706e00000, 0x0000000706e00000| Untracked 
|  15|0x0000000706f00000, 0x0000000706f00000, 0x0000000707000000|  0%| F|  |TAMS 0x0000000706f00000, 0x0000000706f00000| Untracked 
|  16|0x0000000707000000, 0x0000000707000000, 0x0000000707100000|  0%| F|  |TAMS 0x0000000707000000, 0x0000000707000000| Untracked 
|  17|0x0000000707100000, 0x0000000707100000, 0x0000000707200000|  0%| F|  |TAMS 0x0000000707100000, 0x0000000707100000| Untracked 
|  18|0x0000000707200000, 0x0000000707200000, 0x0000000707300000|  0%| F|  |TAMS 0x0000000707200000, 0x0000000707200000| Untracked 
|  19|0x0000000707300000, 0x0000000707300000, 0x0000000707400000|  0%| F|  |TAMS 0x0000000707300000, 0x0000000707300000| Untracked 
|  20|0x0000000707400000, 0x0000000707400000, 0x0000000707500000|  0%| F|  |TAMS 0x0000000707400000, 0x0000000707400000| Untracked 
|  21|0x0000000707500000, 0x0000000707500000, 0x0000000707600000|  0%| F|  |TAMS 0x0000000707500000, 0x0000000707500000| Untracked 
|  22|0x0000000707600000, 0x0000000707600000, 0x0000000707700000|  0%| F|  |TAMS 0x0000000707600000, 0x0000000707600000| Untracked 
|  23|0x0000000707700000, 0x0000000707700000, 0x0000000707800000|  0%| F|  |TAMS 0x0000000707700000, 0x0000000707700000| Untracked 
|  24|0x0000000707800000, 0x0000000707800000, 0x0000000707900000|  0%| F|  |TAMS 0x0000000707800000, 0x0000000707800000| Untracked 
|  25|0x0000000707900000, 0x0000000707900000, 0x0000000707a00000|  0%| F|  |TAMS 0x0000000707900000, 0x0000000707900000| Untracked 
|  26|0x0000000707a00000, 0x0000000707a00000, 0x0000000707b00000|  0%| F|  |TAMS 0x0000000707a00000, 0x0000000707a00000| Untracked 
|  27|0x0000000707b00000, 0x0000000707b00000, 0x0000000707c00000|  0%| F|  |TAMS 0x0000000707b00000, 0x0000000707b00000| Untracked 
|  28|0x0000000707c00000, 0x0000000707c00000, 0x0000000707d00000|  0%| F|  |TAMS 0x0000000707c00000, 0x0000000707c00000| Untracked 
|  29|0x0000000707d00000, 0x0000000707d00000, 0x0000000707e00000|  0%| F|  |TAMS 0x0000000707d00000, 0x0000000707d00000| Untracked 
|  30|0x0000000707e00000, 0x0000000707e00000, 0x0000000707f00000|  0%| F|  |TAMS 0x0000000707e00000, 0x0000000707e00000| Untracked 
|  31|0x0000000707f00000, 0x0000000707f00000, 0x0000000708000000|  0%| F|  |TAMS 0x0000000707f00000, 0x0000000707f00000| Untracked 
|  32|0x0000000708000000, 0x0000000708000000, 0x0000000708100000|  0%| F|  |TAMS 0x0000000708000000, 0x0000000708000000| Untracked 
|  33|0x0000000708100000, 0x0000000708100000, 0x0000000708200000|  0%| F|  |TAMS 0x0000000708100000, 0x0000000708100000| Untracked 
|  34|0x0000000708200000, 0x0000000708200000, 0x0000000708300000|  0%| F|  |TAMS 0x0000000708200000, 0x0000000708200000| Untracked 
|  35|0x0000000708300000, 0x0000000708300000, 0x0000000708400000|  0%| F|  |TAMS 0x0000000708300000, 0x0000000708300000| Untracked 
|  36|0x0000000708400000, 0x0000000708400000, 0x0000000708500000|  0%| F|  |TAMS 0x0000000708400000, 0x0000000708400000| Untracked 
|  37|0x0000000708500000, 0x0000000708500000, 0x0000000708600000|  0%| F|  |TAMS 0x0000000708500000, 0x0000000708500000| Untracked 
|  38|0x0000000708600000, 0x0000000708600000, 0x0000000708700000|  0%| F|  |TAMS 0x0000000708600000, 0x0000000708600000| Untracked 
|  39|0x0000000708700000, 0x0000000708700000, 0x0000000708800000|  0%| F|  |TAMS 0x0000000708700000, 0x0000000708700000| Untracked 
|  40|0x0000000708800000, 0x0000000708800000, 0x0000000708900000|  0%| F|  |TAMS 0x0000000708800000, 0x0000000708800000| Untracked 
|  41|0x0000000708900000, 0x0000000708900000, 0x0000000708a00000|  0%| F|  |TAMS 0x0000000708900000, 0x0000000708900000| Untracked 
|  42|0x0000000708a00000, 0x0000000708a00000, 0x0000000708b00000|  0%| F|  |TAMS 0x0000000708a00000, 0x0000000708a00000| Untracked 
|  43|0x0000000708b00000, 0x0000000708b00000, 0x0000000708c00000|  0%| F|  |TAMS 0x0000000708b00000, 0x0000000708b00000| Untracked 
|  44|0x0000000708c00000, 0x0000000708c00000, 0x0000000708d00000|  0%| F|  |TAMS 0x0000000708c00000, 0x0000000708c00000| Untracked 
|  45|0x0000000708d00000, 0x0000000708d00000, 0x0000000708e00000|  0%| F|  |TAMS 0x0000000708d00000, 0x0000000708d00000| Untracked 
|  46|0x0000000708e00000, 0x0000000708e00000, 0x0000000708f00000|  0%| F|  |TAMS 0x0000000708e00000, 0x0000000708e00000| Untracked 
|  47|0x0000000708f00000, 0x0000000708f00000, 0x0000000709000000|  0%| F|  |TAMS 0x0000000708f00000, 0x0000000708f00000| Untracked 
|  48|0x0000000709000000, 0x0000000709000000, 0x0000000709100000|  0%| F|  |TAMS 0x0000000709000000, 0x0000000709000000| Untracked 
|  49|0x0000000709100000, 0x0000000709100000, 0x0000000709200000|  0%| F|  |TAMS 0x0000000709100000, 0x0000000709100000| Untracked 
|  50|0x0000000709200000, 0x0000000709200000, 0x0000000709300000|  0%| F|  |TAMS 0x0000000709200000, 0x0000000709200000| Untracked 
|  51|0x0000000709300000, 0x0000000709300000, 0x0000000709400000|  0%| F|  |TAMS 0x0000000709300000, 0x0000000709300000| Untracked 
|  52|0x0000000709400000, 0x0000000709400000, 0x0000000709500000|  0%| F|  |TAMS 0x0000000709400000, 0x0000000709400000| Untracked 
|  53|0x0000000709500000, 0x0000000709500000, 0x0000000709600000|  0%| F|  |TAMS 0x0000000709500000, 0x0000000709500000| Untracked 
|  54|0x0000000709600000, 0x0000000709600000, 0x0000000709700000|  0%| F|  |TAMS 0x0000000709600000, 0x0000000709600000| Untracked 
|  55|0x0000000709700000, 0x0000000709700000, 0x0000000709800000|  0%| F|  |TAMS 0x0000000709700000, 0x0000000709700000| Untracked 
|  56|0x0000000709800000, 0x0000000709800000, 0x0000000709900000|  0%| F|  |TAMS 0x0000000709800000, 0x0000000709800000| Untracked 
|  57|0x0000000709900000, 0x0000000709900000, 0x0000000709a00000|  0%| F|  |TAMS 0x0000000709900000, 0x0000000709900000| Untracked 
|  58|0x0000000709a00000, 0x0000000709a00000, 0x0000000709b00000|  0%| F|  |TAMS 0x0000000709a00000, 0x0000000709a00000| Untracked 
|  59|0x0000000709b00000, 0x0000000709b00000, 0x0000000709c00000|  0%| F|  |TAMS 0x0000000709b00000, 0x0000000709b00000| Untracked 
|  60|0x0000000709c00000, 0x0000000709c00000, 0x0000000709d00000|  0%| F|  |TAMS 0x0000000709c00000, 0x0000000709c00000| Untracked 
|  61|0x0000000709d00000, 0x0000000709d00000, 0x0000000709e00000|  0%| F|  |TAMS 0x0000000709d00000, 0x0000000709d00000| Untracked 
|  62|0x0000000709e00000, 0x0000000709e00000, 0x0000000709f00000|  0%| F|  |TAMS 0x0000000709e00000, 0x0000000709e00000| Untracked 
|  63|0x0000000709f00000, 0x0000000709f00000, 0x000000070a000000|  0%| F|  |TAMS 0x0000000709f00000, 0x0000000709f00000| Untracked 
|  64|0x000000070a000000, 0x000000070a000000, 0x000000070a100000|  0%| F|  |TAMS 0x000000070a000000, 0x000000070a000000| Untracked 
|  65|0x000000070a100000, 0x000000070a100000, 0x000000070a200000|  0%| F|  |TAMS 0x000000070a100000, 0x000000070a100000| Untracked 
|  66|0x000000070a200000, 0x000000070a200000, 0x000000070a300000|  0%| F|  |TAMS 0x000000070a200000, 0x000000070a200000| Untracked 
|  67|0x000000070a300000, 0x000000070a300000, 0x000000070a400000|  0%| F|  |TAMS 0x000000070a300000, 0x000000070a300000| Untracked 
|  68|0x000000070a400000, 0x000000070a400000, 0x000000070a500000|  0%| F|  |TAMS 0x000000070a400000, 0x000000070a400000| Untracked 
|  69|0x000000070a500000, 0x000000070a500000, 0x000000070a600000|  0%| F|  |TAMS 0x000000070a500000, 0x000000070a500000| Untracked 
|  70|0x000000070a600000, 0x000000070a600000, 0x000000070a700000|  0%| F|  |TAMS 0x000000070a600000, 0x000000070a600000| Untracked 
|  71|0x000000070a700000, 0x000000070a700000, 0x000000070a800000|  0%| F|  |TAMS 0x000000070a700000, 0x000000070a700000| Untracked 
|  72|0x000000070a800000, 0x000000070a800000, 0x000000070a900000|  0%| F|  |TAMS 0x000000070a800000, 0x000000070a800000| Untracked 
|  73|0x000000070a900000, 0x000000070a900000, 0x000000070aa00000|  0%| F|  |TAMS 0x000000070a900000, 0x000000070a900000| Untracked 
|  74|0x000000070aa00000, 0x000000070aa00000, 0x000000070ab00000|  0%| F|  |TAMS 0x000000070aa00000, 0x000000070aa00000| Untracked 
|  75|0x000000070ab00000, 0x000000070ab00000, 0x000000070ac00000|  0%| F|  |TAMS 0x000000070ab00000, 0x000000070ab00000| Untracked 
|  76|0x000000070ac00000, 0x000000070ac00000, 0x000000070ad00000|  0%| F|  |TAMS 0x000000070ac00000, 0x000000070ac00000| Untracked 
|  77|0x000000070ad00000, 0x000000070ad00000, 0x000000070ae00000|  0%| F|  |TAMS 0x000000070ad00000, 0x000000070ad00000| Untracked 
|  78|0x000000070ae00000, 0x000000070ae00000, 0x000000070af00000|  0%| F|  |TAMS 0x000000070ae00000, 0x000000070ae00000| Untracked 
|  79|0x000000070af00000, 0x000000070af00000, 0x000000070b000000|  0%| F|  |TAMS 0x000000070af00000, 0x000000070af00000| Untracked 
|  80|0x000000070b000000, 0x000000070b000000, 0x000000070b100000|  0%| F|  |TAMS 0x000000070b000000, 0x000000070b000000| Untracked 
|  81|0x000000070b100000, 0x000000070b100000, 0x000000070b200000|  0%| F|  |TAMS 0x000000070b100000, 0x000000070b100000| Untracked 
|  82|0x000000070b200000, 0x000000070b200000, 0x000000070b300000|  0%| F|  |TAMS 0x000000070b200000, 0x000000070b200000| Untracked 
|  83|0x000000070b300000, 0x000000070b300000, 0x000000070b400000|  0%| F|  |TAMS 0x000000070b300000, 0x000000070b300000| Untracked 
|  84|0x000000070b400000, 0x000000070b400000, 0x000000070b500000|  0%| F|  |TAMS 0x000000070b400000, 0x000000070b400000| Untracked 
|  85|0x000000070b500000, 0x000000070b500000, 0x000000070b600000|  0%| F|  |TAMS 0x000000070b500000, 0x000000070b500000| Untracked 
|  86|0x000000070b600000, 0x000000070b600000, 0x000000070b700000|  0%| F|  |TAMS 0x000000070b600000, 0x000000070b600000| Untracked 
|  87|0x000000070b700000, 0x000000070b700000, 0x000000070b800000|  0%| F|  |TAMS 0x000000070b700000, 0x000000070b700000| Untracked 
|  88|0x000000070b800000, 0x000000070b800000, 0x000000070b900000|  0%| F|  |TAMS 0x000000070b800000, 0x000000070b800000| Untracked 
|  89|0x000000070b900000, 0x000000070b900000, 0x000000070ba00000|  0%| F|  |TAMS 0x000000070b900000, 0x000000070b900000| Untracked 
|  90|0x000000070ba00000, 0x000000070ba00000, 0x000000070bb00000|  0%| F|  |TAMS 0x000000070ba00000, 0x000000070ba00000| Untracked 
|  91|0x000000070bb00000, 0x000000070bb00000, 0x000000070bc00000|  0%| F|  |TAMS 0x000000070bb00000, 0x000000070bb00000| Untracked 
|  92|0x000000070bc00000, 0x000000070bc00000, 0x000000070bd00000|  0%| F|  |TAMS 0x000000070bc00000, 0x000000070bc00000| Untracked 
|  93|0x000000070bd00000, 0x000000070bd00000, 0x000000070be00000|  0%| F|  |TAMS 0x000000070bd00000, 0x000000070bd00000| Untracked 
|  94|0x000000070be00000, 0x000000070be00000, 0x000000070bf00000|  0%| F|  |TAMS 0x000000070be00000, 0x000000070be00000| Untracked 
|  95|0x000000070bf00000, 0x000000070bf00000, 0x000000070c000000|  0%| F|  |TAMS 0x000000070bf00000, 0x000000070bf00000| Untracked 
|  96|0x000000070c000000, 0x000000070c000000, 0x000000070c100000|  0%| F|  |TAMS 0x000000070c000000, 0x000000070c000000| Untracked 
|  97|0x000000070c100000, 0x000000070c100000, 0x000000070c200000|  0%| F|  |TAMS 0x000000070c100000, 0x000000070c100000| Untracked 
|  98|0x000000070c200000, 0x000000070c200000, 0x000000070c300000|  0%| F|  |TAMS 0x000000070c200000, 0x000000070c200000| Untracked 
|  99|0x000000070c300000, 0x000000070c300000, 0x000000070c400000|  0%| F|  |TAMS 0x000000070c300000, 0x000000070c300000| Untracked 
| 100|0x000000070c400000, 0x000000070c400000, 0x000000070c500000|  0%| F|  |TAMS 0x000000070c400000, 0x000000070c400000| Untracked 
| 101|0x000000070c500000, 0x000000070c500000, 0x000000070c600000|  0%| F|  |TAMS 0x000000070c500000, 0x000000070c500000| Untracked 
| 102|0x000000070c600000, 0x000000070c600000, 0x000000070c700000|  0%| F|  |TAMS 0x000000070c600000, 0x000000070c600000| Untracked 
| 103|0x000000070c700000, 0x000000070c700000, 0x000000070c800000|  0%| F|  |TAMS 0x000000070c700000, 0x000000070c700000| Untracked 
| 104|0x000000070c800000, 0x000000070c800000, 0x000000070c900000|  0%| F|  |TAMS 0x000000070c800000, 0x000000070c800000| Untracked 
| 105|0x000000070c900000, 0x000000070c900000, 0x000000070ca00000|  0%| F|  |TAMS 0x000000070c900000, 0x000000070c900000| Untracked 
| 106|0x000000070ca00000, 0x000000070ca00000, 0x000000070cb00000|  0%| F|  |TAMS 0x000000070ca00000, 0x000000070ca00000| Untracked 
| 107|0x000000070cb00000, 0x000000070cb00000, 0x000000070cc00000|  0%| F|  |TAMS 0x000000070cb00000, 0x000000070cb00000| Untracked 
| 108|0x000000070cc00000, 0x000000070cc00000, 0x000000070cd00000|  0%| F|  |TAMS 0x000000070cc00000, 0x000000070cc00000| Untracked 
| 109|0x000000070cd00000, 0x000000070cd00000, 0x000000070ce00000|  0%| F|  |TAMS 0x000000070cd00000, 0x000000070cd00000| Untracked 
| 110|0x000000070ce00000, 0x000000070ce00000, 0x000000070cf00000|  0%| F|  |TAMS 0x000000070ce00000, 0x000000070ce00000| Untracked 
| 111|0x000000070cf00000, 0x000000070cf00000, 0x000000070d000000|  0%| F|  |TAMS 0x000000070cf00000, 0x000000070cf00000| Untracked 
| 112|0x000000070d000000, 0x000000070d000000, 0x000000070d100000|  0%| F|  |TAMS 0x000000070d000000, 0x000000070d000000| Untracked 
| 113|0x000000070d100000, 0x000000070d100000, 0x000000070d200000|  0%| F|  |TAMS 0x000000070d100000, 0x000000070d100000| Untracked 
| 114|0x000000070d200000, 0x000000070d200000, 0x000000070d300000|  0%| F|  |TAMS 0x000000070d200000, 0x000000070d200000| Untracked 
| 115|0x000000070d300000, 0x000000070d300000, 0x000000070d400000|  0%| F|  |TAMS 0x000000070d300000, 0x000000070d300000| Untracked 
| 116|0x000000070d400000, 0x000000070d400000, 0x000000070d500000|  0%| F|  |TAMS 0x000000070d400000, 0x000000070d400000| Untracked 
| 117|0x000000070d500000, 0x000000070d500000, 0x000000070d600000|  0%| F|  |TAMS 0x000000070d500000, 0x000000070d500000| Untracked 
| 118|0x000000070d600000, 0x000000070d600000, 0x000000070d700000|  0%| F|  |TAMS 0x000000070d600000, 0x000000070d600000| Untracked 
| 119|0x000000070d700000, 0x000000070d700000, 0x000000070d800000|  0%| F|  |TAMS 0x000000070d700000, 0x000000070d700000| Untracked 
| 120|0x000000070d800000, 0x000000070d800000, 0x000000070d900000|  0%| F|  |TAMS 0x000000070d800000, 0x000000070d800000| Untracked 
| 121|0x000000070d900000, 0x000000070d900000, 0x000000070da00000|  0%| F|  |TAMS 0x000000070d900000, 0x000000070d900000| Untracked 
| 122|0x000000070da00000, 0x000000070da00000, 0x000000070db00000|  0%| F|  |TAMS 0x000000070da00000, 0x000000070da00000| Untracked 
| 123|0x000000070db00000, 0x000000070db00000, 0x000000070dc00000|  0%| F|  |TAMS 0x000000070db00000, 0x000000070db00000| Untracked 
| 124|0x000000070dc00000, 0x000000070dc00000, 0x000000070dd00000|  0%| F|  |TAMS 0x000000070dc00000, 0x000000070dc00000| Untracked 
| 125|0x000000070dd00000, 0x000000070dd00000, 0x000000070de00000|  0%| F|  |TAMS 0x000000070dd00000, 0x000000070dd00000| Untracked 
| 126|0x000000070de00000, 0x000000070de00000, 0x000000070df00000|  0%| F|  |TAMS 0x000000070de00000, 0x000000070de00000| Untracked 
| 127|0x000000070df00000, 0x000000070df00000, 0x000000070e000000|  0%| F|  |TAMS 0x000000070df00000, 0x000000070df00000| Untracked 
| 128|0x000000070e000000, 0x000000070e000000, 0x000000070e100000|  0%| F|  |TAMS 0x000000070e000000, 0x000000070e000000| Untracked 
| 129|0x000000070e100000, 0x000000070e100000, 0x000000070e200000|  0%| F|  |TAMS 0x000000070e100000, 0x000000070e100000| Untracked 
| 130|0x000000070e200000, 0x000000070e200000, 0x000000070e300000|  0%| F|  |TAMS 0x000000070e200000, 0x000000070e200000| Untracked 
| 131|0x000000070e300000, 0x000000070e300000, 0x000000070e400000|  0%| F|  |TAMS 0x000000070e300000, 0x000000070e300000| Untracked 
| 132|0x000000070e400000, 0x000000070e400000, 0x000000070e500000|  0%| F|  |TAMS 0x000000070e400000, 0x000000070e400000| Untracked 
| 133|0x000000070e500000, 0x000000070e500000, 0x000000070e600000|  0%| F|  |TAMS 0x000000070e500000, 0x000000070e500000| Untracked 
| 134|0x000000070e600000, 0x000000070e600000, 0x000000070e700000|  0%| F|  |TAMS 0x000000070e600000, 0x000000070e600000| Untracked 
| 135|0x000000070e700000, 0x000000070e700000, 0x000000070e800000|  0%| F|  |TAMS 0x000000070e700000, 0x000000070e700000| Untracked 
| 136|0x000000070e800000, 0x000000070e800000, 0x000000070e900000|  0%| F|  |TAMS 0x000000070e800000, 0x000000070e800000| Untracked 
| 137|0x000000070e900000, 0x000000070e900000, 0x000000070ea00000|  0%| F|  |TAMS 0x000000070e900000, 0x000000070e900000| Untracked 
| 138|0x000000070ea00000, 0x000000070ea00000, 0x000000070eb00000|  0%| F|  |TAMS 0x000000070ea00000, 0x000000070ea00000| Untracked 
| 139|0x000000070eb00000, 0x000000070eb00000, 0x000000070ec00000|  0%| F|  |TAMS 0x000000070eb00000, 0x000000070eb00000| Untracked 
| 140|0x000000070ec00000, 0x000000070ec00000, 0x000000070ed00000|  0%| F|  |TAMS 0x000000070ec00000, 0x000000070ec00000| Untracked 
| 141|0x000000070ed00000, 0x000000070ed00000, 0x000000070ee00000|  0%| F|  |TAMS 0x000000070ed00000, 0x000000070ed00000| Untracked 
| 142|0x000000070ee00000, 0x000000070ee00000, 0x000000070ef00000|  0%| F|  |TAMS 0x000000070ee00000, 0x000000070ee00000| Untracked 
| 143|0x000000070ef00000, 0x000000070ef00000, 0x000000070f000000|  0%| F|  |TAMS 0x000000070ef00000, 0x000000070ef00000| Untracked 
| 144|0x000000070f000000, 0x000000070f000000, 0x000000070f100000|  0%| F|  |TAMS 0x000000070f000000, 0x000000070f000000| Untracked 
| 145|0x000000070f100000, 0x000000070f100000, 0x000000070f200000|  0%| F|  |TAMS 0x000000070f100000, 0x000000070f100000| Untracked 
| 146|0x000000070f200000, 0x000000070f200000, 0x000000070f300000|  0%| F|  |TAMS 0x000000070f200000, 0x000000070f200000| Untracked 
| 147|0x000000070f300000, 0x000000070f300000, 0x000000070f400000|  0%| F|  |TAMS 0x000000070f300000, 0x000000070f300000| Untracked 
| 148|0x000000070f400000, 0x000000070f400000, 0x000000070f500000|  0%| F|  |TAMS 0x000000070f400000, 0x000000070f400000| Untracked 
| 149|0x000000070f500000, 0x000000070f500000, 0x000000070f600000|  0%| F|  |TAMS 0x000000070f500000, 0x000000070f500000| Untracked 
| 150|0x000000070f600000, 0x000000070f600000, 0x000000070f700000|  0%| F|  |TAMS 0x000000070f600000, 0x000000070f600000| Untracked 
| 151|0x000000070f700000, 0x000000070f700000, 0x000000070f800000|  0%| F|  |TAMS 0x000000070f700000, 0x000000070f700000| Untracked 
| 152|0x000000070f800000, 0x000000070f800000, 0x000000070f900000|  0%| F|  |TAMS 0x000000070f800000, 0x000000070f800000| Untracked 
| 153|0x000000070f900000, 0x000000070f900000, 0x000000070fa00000|  0%| F|  |TAMS 0x000000070f900000, 0x000000070f900000| Untracked 
| 154|0x000000070fa00000, 0x000000070fa00000, 0x000000070fb00000|  0%| F|  |TAMS 0x000000070fa00000, 0x000000070fa00000| Untracked 
| 155|0x000000070fb00000, 0x000000070fb00000, 0x000000070fc00000|  0%| F|  |TAMS 0x000000070fb00000, 0x000000070fb00000| Untracked 
| 156|0x000000070fc00000, 0x000000070fc00000, 0x000000070fd00000|  0%| F|  |TAMS 0x000000070fc00000, 0x000000070fc00000| Untracked 
| 157|0x000000070fd00000, 0x000000070fd00000, 0x000000070fe00000|  0%| F|  |TAMS 0x000000070fd00000, 0x000000070fd00000| Untracked 
| 158|0x000000070fe00000, 0x000000070fe00000, 0x000000070ff00000|  0%| F|  |TAMS 0x000000070fe00000, 0x000000070fe00000| Untracked 
| 159|0x000000070ff00000, 0x000000070ff00000, 0x0000000710000000|  0%| F|  |TAMS 0x000000070ff00000, 0x000000070ff00000| Untracked 
| 160|0x0000000710000000, 0x0000000710000000, 0x0000000710100000|  0%| F|  |TAMS 0x0000000710000000, 0x0000000710000000| Untracked 
| 161|0x0000000710100000, 0x0000000710100000, 0x0000000710200000|  0%| F|  |TAMS 0x0000000710100000, 0x0000000710100000| Untracked 
| 162|0x0000000710200000, 0x0000000710200000, 0x0000000710300000|  0%| F|  |TAMS 0x0000000710200000, 0x0000000710200000| Untracked 
| 163|0x0000000710300000, 0x0000000710300000, 0x0000000710400000|  0%| F|  |TAMS 0x0000000710300000, 0x0000000710300000| Untracked 
| 164|0x0000000710400000, 0x0000000710400000, 0x0000000710500000|  0%| F|  |TAMS 0x0000000710400000, 0x0000000710400000| Untracked 
| 165|0x0000000710500000, 0x0000000710500000, 0x0000000710600000|  0%| F|  |TAMS 0x0000000710500000, 0x0000000710500000| Untracked 
| 166|0x0000000710600000, 0x0000000710600000, 0x0000000710700000|  0%| F|  |TAMS 0x0000000710600000, 0x0000000710600000| Untracked 
| 167|0x0000000710700000, 0x0000000710700000, 0x0000000710800000|  0%| F|  |TAMS 0x0000000710700000, 0x0000000710700000| Untracked 
| 168|0x0000000710800000, 0x0000000710800000, 0x0000000710900000|  0%| F|  |TAMS 0x0000000710800000, 0x0000000710800000| Untracked 
| 169|0x0000000710900000, 0x0000000710900000, 0x0000000710a00000|  0%| F|  |TAMS 0x0000000710900000, 0x0000000710900000| Untracked 
| 170|0x0000000710a00000, 0x0000000710a00000, 0x0000000710b00000|  0%| F|  |TAMS 0x0000000710a00000, 0x0000000710a00000| Untracked 
| 171|0x0000000710b00000, 0x0000000710b00000, 0x0000000710c00000|  0%| F|  |TAMS 0x0000000710b00000, 0x0000000710b00000| Untracked 
| 172|0x0000000710c00000, 0x0000000710c00000, 0x0000000710d00000|  0%| F|  |TAMS 0x0000000710c00000, 0x0000000710c00000| Untracked 
| 173|0x0000000710d00000, 0x0000000710d00000, 0x0000000710e00000|  0%| F|  |TAMS 0x0000000710d00000, 0x0000000710d00000| Untracked 
| 174|0x0000000710e00000, 0x0000000710e00000, 0x0000000710f00000|  0%| F|  |TAMS 0x0000000710e00000, 0x0000000710e00000| Untracked 
| 175|0x0000000710f00000, 0x0000000710f00000, 0x0000000711000000|  0%| F|  |TAMS 0x0000000710f00000, 0x0000000710f00000| Untracked 
| 176|0x0000000711000000, 0x0000000711000000, 0x0000000711100000|  0%| F|  |TAMS 0x0000000711000000, 0x0000000711000000| Untracked 
| 177|0x0000000711100000, 0x0000000711100000, 0x0000000711200000|  0%| F|  |TAMS 0x0000000711100000, 0x0000000711100000| Untracked 
| 178|0x0000000711200000, 0x0000000711200000, 0x0000000711300000|  0%| F|  |TAMS 0x0000000711200000, 0x0000000711200000| Untracked 
| 179|0x0000000711300000, 0x0000000711300000, 0x0000000711400000|  0%| F|  |TAMS 0x0000000711300000, 0x0000000711300000| Untracked 
| 180|0x0000000711400000, 0x0000000711400000, 0x0000000711500000|  0%| F|  |TAMS 0x0000000711400000, 0x0000000711400000| Untracked 
| 181|0x0000000711500000, 0x0000000711500000, 0x0000000711600000|  0%| F|  |TAMS 0x0000000711500000, 0x0000000711500000| Untracked 
| 182|0x0000000711600000, 0x0000000711600000, 0x0000000711700000|  0%| F|  |TAMS 0x0000000711600000, 0x0000000711600000| Untracked 
| 183|0x0000000711700000, 0x0000000711700000, 0x0000000711800000|  0%| F|  |TAMS 0x0000000711700000, 0x0000000711700000| Untracked 
| 184|0x0000000711800000, 0x0000000711800000, 0x0000000711900000|  0%| F|  |TAMS 0x0000000711800000, 0x0000000711800000| Untracked 
| 185|0x0000000711900000, 0x0000000711900000, 0x0000000711a00000|  0%| F|  |TAMS 0x0000000711900000, 0x0000000711900000| Untracked 
| 186|0x0000000711a00000, 0x0000000711a00000, 0x0000000711b00000|  0%| F|  |TAMS 0x0000000711a00000, 0x0000000711a00000| Untracked 
| 187|0x0000000711b00000, 0x0000000711b00000, 0x0000000711c00000|  0%| F|  |TAMS 0x0000000711b00000, 0x0000000711b00000| Untracked 
| 188|0x0000000711c00000, 0x0000000711c00000, 0x0000000711d00000|  0%| F|  |TAMS 0x0000000711c00000, 0x0000000711c00000| Untracked 
| 189|0x0000000711d00000, 0x0000000711d00000, 0x0000000711e00000|  0%| F|  |TAMS 0x0000000711d00000, 0x0000000711d00000| Untracked 
| 190|0x0000000711e00000, 0x0000000711e00000, 0x0000000711f00000|  0%| F|  |TAMS 0x0000000711e00000, 0x0000000711e00000| Untracked 
| 191|0x0000000711f00000, 0x0000000711f00000, 0x0000000712000000|  0%| F|  |TAMS 0x0000000711f00000, 0x0000000711f00000| Untracked 
| 192|0x0000000712000000, 0x0000000712000000, 0x0000000712100000|  0%| F|  |TAMS 0x0000000712000000, 0x0000000712000000| Untracked 
| 193|0x0000000712100000, 0x0000000712100000, 0x0000000712200000|  0%| F|  |TAMS 0x0000000712100000, 0x0000000712100000| Untracked 
| 194|0x0000000712200000, 0x0000000712200000, 0x0000000712300000|  0%| F|  |TAMS 0x0000000712200000, 0x0000000712200000| Untracked 
| 195|0x0000000712300000, 0x0000000712300000, 0x0000000712400000|  0%| F|  |TAMS 0x0000000712300000, 0x0000000712300000| Untracked 
| 196|0x0000000712400000, 0x0000000712400000, 0x0000000712500000|  0%| F|  |TAMS 0x0000000712400000, 0x0000000712400000| Untracked 
| 197|0x0000000712500000, 0x0000000712500000, 0x0000000712600000|  0%| F|  |TAMS 0x0000000712500000, 0x0000000712500000| Untracked 
| 198|0x0000000712600000, 0x0000000712600000, 0x0000000712700000|  0%| F|  |TAMS 0x0000000712600000, 0x0000000712600000| Untracked 
| 199|0x0000000712700000, 0x0000000712700000, 0x0000000712800000|  0%| F|  |TAMS 0x0000000712700000, 0x0000000712700000| Untracked 
| 200|0x0000000712800000, 0x0000000712800000, 0x0000000712900000|  0%| F|  |TAMS 0x0000000712800000, 0x0000000712800000| Untracked 
| 201|0x0000000712900000, 0x0000000712900000, 0x0000000712a00000|  0%| F|  |TAMS 0x0000000712900000, 0x0000000712900000| Untracked 
| 202|0x0000000712a00000, 0x0000000712a00000, 0x0000000712b00000|  0%| F|  |TAMS 0x0000000712a00000, 0x0000000712a00000| Untracked 
| 203|0x0000000712b00000, 0x0000000712b00000, 0x0000000712c00000|  0%| F|  |TAMS 0x0000000712b00000, 0x0000000712b00000| Untracked 
| 204|0x0000000712c00000, 0x0000000712c00000, 0x0000000712d00000|  0%| F|  |TAMS 0x0000000712c00000, 0x0000000712c00000| Untracked 
| 205|0x0000000712d00000, 0x0000000712d00000, 0x0000000712e00000|  0%| F|  |TAMS 0x0000000712d00000, 0x0000000712d00000| Untracked 
| 206|0x0000000712e00000, 0x0000000712e00000, 0x0000000712f00000|  0%| F|  |TAMS 0x0000000712e00000, 0x0000000712e00000| Untracked 
| 207|0x0000000712f00000, 0x0000000712f00000, 0x0000000713000000|  0%| F|  |TAMS 0x0000000712f00000, 0x0000000712f00000| Untracked 
| 208|0x0000000713000000, 0x0000000713000000, 0x0000000713100000|  0%| F|  |TAMS 0x0000000713000000, 0x0000000713000000| Untracked 
| 209|0x0000000713100000, 0x0000000713100000, 0x0000000713200000|  0%| F|  |TAMS 0x0000000713100000, 0x0000000713100000| Untracked 
| 210|0x0000000713200000, 0x0000000713200000, 0x0000000713300000|  0%| F|  |TAMS 0x0000000713200000, 0x0000000713200000| Untracked 
| 211|0x0000000713300000, 0x0000000713300000, 0x0000000713400000|  0%| F|  |TAMS 0x0000000713300000, 0x0000000713300000| Untracked 
| 212|0x0000000713400000, 0x0000000713400000, 0x0000000713500000|  0%| F|  |TAMS 0x0000000713400000, 0x0000000713400000| Untracked 
| 213|0x0000000713500000, 0x0000000713500000, 0x0000000713600000|  0%| F|  |TAMS 0x0000000713500000, 0x0000000713500000| Untracked 
| 214|0x0000000713600000, 0x0000000713600000, 0x0000000713700000|  0%| F|  |TAMS 0x0000000713600000, 0x0000000713600000| Untracked 
| 215|0x0000000713700000, 0x0000000713700000, 0x0000000713800000|  0%| F|  |TAMS 0x0000000713700000, 0x0000000713700000| Untracked 
| 216|0x0000000713800000, 0x0000000713800000, 0x0000000713900000|  0%| F|  |TAMS 0x0000000713800000, 0x0000000713800000| Untracked 
| 217|0x0000000713900000, 0x0000000713900000, 0x0000000713a00000|  0%| F|  |TAMS 0x0000000713900000, 0x0000000713900000| Untracked 
| 218|0x0000000713a00000, 0x0000000713a00000, 0x0000000713b00000|  0%| F|  |TAMS 0x0000000713a00000, 0x0000000713a00000| Untracked 
| 219|0x0000000713b00000, 0x0000000713b00000, 0x0000000713c00000|  0%| F|  |TAMS 0x0000000713b00000, 0x0000000713b00000| Untracked 
| 220|0x0000000713c00000, 0x0000000713c00000, 0x0000000713d00000|  0%| F|  |TAMS 0x0000000713c00000, 0x0000000713c00000| Untracked 
| 221|0x0000000713d00000, 0x0000000713d00000, 0x0000000713e00000|  0%| F|  |TAMS 0x0000000713d00000, 0x0000000713d00000| Untracked 
| 222|0x0000000713e00000, 0x0000000713e00000, 0x0000000713f00000|  0%| F|  |TAMS 0x0000000713e00000, 0x0000000713e00000| Untracked 
| 223|0x0000000713f00000, 0x0000000713f00000, 0x0000000714000000|  0%| F|  |TAMS 0x0000000713f00000, 0x0000000713f00000| Untracked 
| 224|0x0000000714000000, 0x0000000714000000, 0x0000000714100000|  0%| F|  |TAMS 0x0000000714000000, 0x0000000714000000| Untracked 
| 225|0x0000000714100000, 0x0000000714100000, 0x0000000714200000|  0%| F|  |TAMS 0x0000000714100000, 0x0000000714100000| Untracked 
| 226|0x0000000714200000, 0x0000000714200000, 0x0000000714300000|  0%| F|  |TAMS 0x0000000714200000, 0x0000000714200000| Untracked 
| 227|0x0000000714300000, 0x0000000714300000, 0x0000000714400000|  0%| F|  |TAMS 0x0000000714300000, 0x0000000714300000| Untracked 
| 228|0x0000000714400000, 0x0000000714400000, 0x0000000714500000|  0%| F|  |TAMS 0x0000000714400000, 0x0000000714400000| Untracked 
| 229|0x0000000714500000, 0x0000000714500000, 0x0000000714600000|  0%| F|  |TAMS 0x0000000714500000, 0x0000000714500000| Untracked 
| 230|0x0000000714600000, 0x0000000714600000, 0x0000000714700000|  0%| F|  |TAMS 0x0000000714600000, 0x0000000714600000| Untracked 
| 231|0x0000000714700000, 0x0000000714700000, 0x0000000714800000|  0%| F|  |TAMS 0x0000000714700000, 0x0000000714700000| Untracked 
| 232|0x0000000714800000, 0x0000000714800000, 0x0000000714900000|  0%| F|  |TAMS 0x0000000714800000, 0x0000000714800000| Untracked 
| 233|0x0000000714900000, 0x0000000714900000, 0x0000000714a00000|  0%| F|  |TAMS 0x0000000714900000, 0x0000000714900000| Untracked 
| 234|0x0000000714a00000, 0x0000000714a00000, 0x0000000714b00000|  0%| F|  |TAMS 0x0000000714a00000, 0x0000000714a00000| Untracked 
| 235|0x0000000714b00000, 0x0000000714b00000, 0x0000000714c00000|  0%| F|  |TAMS 0x0000000714b00000, 0x0000000714b00000| Untracked 
| 236|0x0000000714c00000, 0x0000000714c00000, 0x0000000714d00000|  0%| F|  |TAMS 0x0000000714c00000, 0x0000000714c00000| Untracked 
| 237|0x0000000714d00000, 0x0000000714d00000, 0x0000000714e00000|  0%| F|  |TAMS 0x0000000714d00000, 0x0000000714d00000| Untracked 
| 238|0x0000000714e00000, 0x0000000714e00000, 0x0000000714f00000|  0%| F|  |TAMS 0x0000000714e00000, 0x0000000714e00000| Untracked 
| 239|0x0000000714f00000, 0x0000000714f00000, 0x0000000715000000|  0%| F|  |TAMS 0x0000000714f00000, 0x0000000714f00000| Untracked 
| 240|0x0000000715000000, 0x000000071507e760, 0x0000000715100000| 49%| E|  |TAMS 0x0000000715000000, 0x0000000715000000| Complete 
| 241|0x0000000715100000, 0x0000000715200000, 0x0000000715200000|100%| E|CS|TAMS 0x0000000715100000, 0x0000000715100000| Complete 
| 242|0x0000000715200000, 0x0000000715300000, 0x0000000715300000|100%| E|CS|TAMS 0x0000000715200000, 0x0000000715200000| Complete 
| 243|0x0000000715300000, 0x0000000715400000, 0x0000000715400000|100%| E|CS|TAMS 0x0000000715300000, 0x0000000715300000| Complete 
| 244|0x0000000715400000, 0x0000000715500000, 0x0000000715500000|100%| E|CS|TAMS 0x0000000715400000, 0x0000000715400000| Complete 
| 245|0x0000000715500000, 0x0000000715600000, 0x0000000715600000|100%| E|CS|TAMS 0x0000000715500000, 0x0000000715500000| Complete 
| 246|0x0000000715600000, 0x0000000715700000, 0x0000000715700000|100%| E|CS|TAMS 0x0000000715600000, 0x0000000715600000| Complete 
| 247|0x0000000715700000, 0x0000000715800000, 0x0000000715800000|100%| E|CS|TAMS 0x0000000715700000, 0x0000000715700000| Complete 
| 248|0x0000000715800000, 0x0000000715900000, 0x0000000715900000|100%| E|CS|TAMS 0x0000000715800000, 0x0000000715800000| Complete 
| 249|0x0000000715900000, 0x0000000715a00000, 0x0000000715a00000|100%| E|CS|TAMS 0x0000000715900000, 0x0000000715900000| Complete 

Card table byte_map: [0x00007fd242959000,0x00007fd243129000] _byte_map_base: 0x00007fd23f129000

Marking Bits (Prev, Next): (CMBitMap*) 0x00007fd26008d348, (CMBitMap*) 0x00007fd26008d380
 Prev Bits: [0x00007fd23e309000, 0x00007fd242189000)
 Next Bits: [0x00007fd23a489000, 0x00007fd23e309000)

Polling page: 0x00007fd267869000

Metaspace:

Usage:
  Non-class:      8.48 MB capacity,     8.39 MB ( 99%) used,    90.84 KB (  1%) free+waste,     9.75 KB ( <1%) overhead. 
      Class:    920.00 KB capacity,   884.98 KB ( 96%) used,    31.02 KB (  3%) free+waste,     4.00 KB ( <1%) overhead. 
       Both:      9.38 MB capacity,     9.25 MB ( 99%) used,   121.85 KB (  1%) free+waste,    13.75 KB ( <1%) overhead. 

Virtual space:
  Non-class space:       10.00 MB reserved,       8.75 MB ( 88%) committed 
      Class space:        1.00 GB reserved,       1.00 MB ( <1%) committed 
             Both:        1.01 GB reserved,       9.75 MB ( <1%) committed 

Chunk freelists:
   Non-Class:  14.00 KB
       Class:  1.00 KB
        Both:  15.00 KB

CodeHeap 'non-profiled nmethods': size=120032Kb used=195Kb max_used=195Kb free=119836Kb
 bounds [0x00007fd24febc000, 0x00007fd25012c000, 0x00007fd2573f4000]
CodeHeap 'profiled nmethods': size=120028Kb used=1055Kb max_used=1055Kb free=118972Kb
 bounds [0x00007fd248985000, 0x00007fd248bf5000, 0x00007fd24febc000]
CodeHeap 'non-nmethods': size=5700Kb used=1124Kb max_used=1135Kb free=4575Kb
 bounds [0x00007fd2483f4000, 0x00007fd248664000, 0x00007fd248985000]
 total_blobs=1086 nmethods=594 adapters=274
 compilation: enabled
              stopped_count=0, restarted_count=0
 full_count=0

Compilation events (10 events):
Event: 5.066 Thread 0x00007fd26028a000  590       4       java.util.Arrays::copyOfRange (63 bytes)
Event: 5.067 Thread 0x00007fd26028c000  591       1       org.joda.time.field.BaseDateTimeField::isSupported (2 bytes)
Event: 5.067 Thread 0x00007fd26028c000 nmethod 591 0x00007fd24feeb990 code [0x00007fd24feebb40, 0x00007fd24feebc50]
Event: 5.069 Thread 0x00007fd26028a000 nmethod 590 0x00007fd24feebd10 code [0x00007fd24feebec0, 0x00007fd24feec118]
Event: 5.088 Thread 0x00007fd26028c000  592       1       org.joda.time.field.BaseDurationField::isSupported (2 bytes)
Event: 5.088 Thread 0x00007fd26028c000 nmethod 592 0x00007fd24feec290 code [0x00007fd24feec440, 0x00007fd24feec550]
Event: 5.090 Thread 0x00007fd26028c000  593       1       org.joda.time.LocalTime::getChronology (5 bytes)
Event: 5.090 Thread 0x00007fd26028c000 nmethod 593 0x00007fd24feec610 code [0x00007fd24feec7c0, 0x00007fd24feec8d0]
Event: 8.986 Thread 0x00007fd26028c000  594       1       org.joda.time.field.PreciseDurationDateTimeField::getUnitMillis (5 bytes)
Event: 8.986 Thread 0x00007fd26028c000 nmethod 594 0x00007fd24feec990 code [0x00007fd24feecb40, 0x00007fd24feecc50]

GC Heap History (0 events):
No events

Deoptimization events (6 events):
Event: 0.156 Thread 0x00007fd260015800 Uncommon trap: reason=unstable_if action=reinterpret pc=0x00007fd24feca330 method=java.util.HashMap.putVal(ILjava/lang/Object;Ljava/lang/Object;ZZ)Ljava/lang/Object; @ 181 c2
Event: 0.319 Thread 0x00007fd260015800 Uncommon trap: reason=bimorphic_or_optimized_type_check action=maybe_recompile pc=0x00007fd24fee4e44 method=java.util.HashMap.getNode(ILjava/lang/Object;)Ljava/util/HashMap$Node; @ 126 c2
Event: 0.328 Thread 0x00007fd260015800 Uncommon trap: reason=class_check action=maybe_recompile pc=0x00007fd24fec77e8 method=java.lang.String.equals(Ljava/lang/Object;)Z @ 8 c2
Event: 0.344 Thread 0x00007fd260015800 Uncommon trap: reason=class_check action=maybe_recompile pc=0x00007fd24fec77e8 method=java.lang.String.equals(Ljava/lang/Object;)Z @ 8 c2
Event: 0.344 Thread 0x00007fd260015800 Uncommon trap: reason=class_check action=maybe_recompile pc=0x00007fd24fec77e8 method=java.lang.String.equals(Ljava/lang/Object;)Z @ 8 c2
Event: 0.345 Thread 0x00007fd260015800 Uncommon trap: reason=class_check action=maybe_recompile pc=0x00007fd24fec77e8 method=java.lang.String.equals(Ljava/lang/Object;)Z @ 8 c2

Classes redefined (2 events):
Event: 52.561 Thread 0x00007fd26026a800 redefined class name=office.MeetingScheduler, count=1
Event: 226.467 Thread 0x00007fd26026a800 redefined class name=office.MeetingScheduler, count=2

Internal exceptions (2 events):
Event: 0.123 Thread 0x00007fd260015800 Exception <a 'java/io/FileNotFoundException'{0x00000007157cf920}> (0x00000007157cf920) thrown at [/scratch/opt/mach5/mesos/work_dir/slaves/83bb4d84-382c-4ead-b585-d8ef0018fefe-S6551/frameworks/1735e8a2-a1db-478c-8104-60c8b0af87dd-0196/executors/69c12dab-0
Event: 0.144 Thread 0x00007fd260015800 Exception <a 'java/lang/NoSuchMethodError'{0x00000007156a0728}: java.lang.invoke.DirectMethodHandle$Holder.invokeSpecialIFC(Ljava/lang/Object;Ljava/lang/Object;I)I> (0x00000007156a0728) thrown at [/scratch/opt/mach5/mesos/work_dir/slaves/83bb4d84-382c-4ea

Events (10 events):
Event: 226.475 Executing VM operation: GetFrameLocation done
Event: 226.475 Executing VM operation: GetOrSetLocal
Event: 226.475 Executing VM operation: GetOrSetLocal done
Event: 226.475 Executing VM operation: GetFrameCount
Event: 226.475 Executing VM operation: GetFrameCount done
Event: 226.475 Executing VM operation: GetStackTrace
Event: 226.475 Executing VM operation: GetStackTrace done
Event: 226.476 Executing VM operation: GetFrameLocation
Event: 226.476 Executing VM operation: GetFrameLocation done
Event: 226.476 Executing VM operation: GetOrSetLocal


Dynamic libraries:
00400000-00401000 r-xp 00000000 08:01 12588381                           /usr/lib/jvm/jdk-11.0.1/bin/java
00600000-00601000 r--p 00000000 08:01 12588381                           /usr/lib/jvm/jdk-11.0.1/bin/java
00601000-00602000 rw-p 00001000 08:01 12588381                           /usr/lib/jvm/jdk-11.0.1/bin/java
02281000-022a2000 rw-p 00000000 00:00 0                                  [heap]
706000000-715a00000 rw-p 00000000 00:00 0 
715a00000-800000000 ---p 00000000 00:00 0 
800000000-800100000 rw-p 00000000 00:00 0 
800100000-840000000 ---p 00000000 00:00 0 
7fd1f0000000-7fd1f0021000 rw-p 00000000 00:00 0 
7fd1f0021000-7fd1f4000000 ---p 00000000 00:00 0 
7fd1f4000000-7fd1f4021000 rw-p 00000000 00:00 0 
7fd1f4021000-7fd1f8000000 ---p 00000000 00:00 0 
7fd1f8000000-7fd1f8021000 rw-p 00000000 00:00 0 
7fd1f8021000-7fd1fc000000 ---p 00000000 00:00 0 
7fd1fc000000-7fd1fc021000 rw-p 00000000 00:00 0 
7fd1fc021000-7fd200000000 ---p 00000000 00:00 0 
7fd200000000-7fd200021000 rw-p 00000000 00:00 0 
7fd200021000-7fd204000000 ---p 00000000 00:00 0 
7fd204000000-7fd204030000 rw-p 00000000 00:00 0 
7fd204030000-7fd208000000 ---p 00000000 00:00 0 
7fd208000000-7fd20832a000 rw-p 00000000 00:00 0 
7fd20832a000-7fd20c000000 ---p 00000000 00:00 0 
7fd20c000000-7fd20c021000 rw-p 00000000 00:00 0 
7fd20c021000-7fd210000000 ---p 00000000 00:00 0 
7fd210000000-7fd210021000 rw-p 00000000 00:00 0 
7fd210021000-7fd214000000 ---p 00000000 00:00 0 
7fd214000000-7fd214392000 rw-p 00000000 00:00 0 
7fd214392000-7fd218000000 ---p 00000000 00:00 0 
7fd218000000-7fd218021000 rw-p 00000000 00:00 0 
7fd218021000-7fd21c000000 ---p 00000000 00:00 0 
7fd21c000000-7fd21c021000 rw-p 00000000 00:00 0 
7fd21c021000-7fd220000000 ---p 00000000 00:00 0 
7fd220000000-7fd220021000 rw-p 00000000 00:00 0 
7fd220021000-7fd224000000 ---p 00000000 00:00 0 
7fd224000000-7fd224021000 rw-p 00000000 00:00 0 
7fd224021000-7fd228000000 ---p 00000000 00:00 0 
7fd228000000-7fd228021000 rw-p 00000000 00:00 0 
7fd228021000-7fd22c000000 ---p 00000000 00:00 0 
7fd22c000000-7fd22c021000 rw-p 00000000 00:00 0 
7fd22c021000-7fd230000000 ---p 00000000 00:00 0 
7fd23160e000-7fd231a78000 rw-p 00000000 00:00 0 
7fd231a78000-7fd231bb8000 ---p 00000000 00:00 0 
7fd231bb8000-7fd231bb9000 ---p 00000000 00:00 0 
7fd231bb9000-7fd231cba000 rw-p 00000000 00:00 0 
7fd231cba000-7fd231cbe000 ---p 00000000 00:00 0 
7fd231cbe000-7fd231dbb000 rw-p 00000000 00:00 0 
7fd231dbb000-7fd231dd1000 r-xp 00000000 08:01 12191495                   /usr/lib/jvm/jdk-11.0.1/lib/libnet.so
7fd231dd1000-7fd231fd0000 ---p 00016000 08:01 12191495                   /usr/lib/jvm/jdk-11.0.1/lib/libnet.so
7fd231fd0000-7fd231fd1000 r--p 00015000 08:01 12191495                   /usr/lib/jvm/jdk-11.0.1/lib/libnet.so
7fd231fd1000-7fd231fd2000 rw-p 00016000 08:01 12191495                   /usr/lib/jvm/jdk-11.0.1/lib/libnet.so
7fd231fd2000-7fd231fe2000 r-xp 00000000 08:01 12191484                   /usr/lib/jvm/jdk-11.0.1/lib/libnio.so
7fd231fe2000-7fd2321e1000 ---p 00010000 08:01 12191484                   /usr/lib/jvm/jdk-11.0.1/lib/libnio.so
7fd2321e1000-7fd2321e2000 r--p 0000f000 08:01 12191484                   /usr/lib/jvm/jdk-11.0.1/lib/libnio.so
7fd2321e2000-7fd2321e3000 rw-p 00010000 08:01 12191484                   /usr/lib/jvm/jdk-11.0.1/lib/libnio.so
7fd2321e3000-7fd2321e7000 ---p 00000000 00:00 0 
7fd2321e7000-7fd2322e4000 rw-p 00000000 00:00 0 
7fd2322e4000-7fd2322e8000 ---p 00000000 00:00 0 
7fd2322e8000-7fd2323e5000 rw-p 00000000 00:00 0 
7fd2323e5000-7fd2323e9000 ---p 00000000 00:00 0 
7fd2323e9000-7fd2324e6000 rw-p 00000000 00:00 0 
7fd2324e6000-7fd2324ea000 r-xp 00000000 08:01 12191473                   /usr/lib/jvm/jdk-11.0.1/lib/libdt_socket.so
7fd2324ea000-7fd2326ea000 ---p 00004000 08:01 12191473                   /usr/lib/jvm/jdk-11.0.1/lib/libdt_socket.so
7fd2326ea000-7fd2326eb000 r--p 00004000 08:01 12191473                   /usr/lib/jvm/jdk-11.0.1/lib/libdt_socket.so
7fd2326eb000-7fd2326ec000 rw-p 00005000 08:01 12191473                   /usr/lib/jvm/jdk-11.0.1/lib/libdt_socket.so
7fd2326ec000-7fd2326f0000 ---p 00000000 00:00 0 
7fd2326f0000-7fd2327ed000 rw-p 00000000 00:00 0 
7fd2327ed000-7fd2327f1000 ---p 00000000 00:00 0 
7fd2327f1000-7fd2328ee000 rw-p 00000000 00:00 0 
7fd2328ee000-7fd2328f2000 ---p 00000000 00:00 0 
7fd2328f2000-7fd2329ef000 rw-p 00000000 00:00 0 
7fd2329ef000-7fd2329f3000 ---p 00000000 00:00 0 
7fd2329f3000-7fd232af0000 rw-p 00000000 00:00 0 
7fd232af0000-7fd232af4000 ---p 00000000 00:00 0 
7fd232af4000-7fd232bf1000 rw-p 00000000 00:00 0 
7fd232bf1000-7fd232bf5000 ---p 00000000 00:00 0 
7fd232bf5000-7fd232cf2000 rw-p 00000000 00:00 0 
7fd232cf2000-7fd232cf6000 ---p 00000000 00:00 0 
7fd232cf6000-7fd232df3000 rw-p 00000000 00:00 0 
7fd232df3000-7fd232df4000 ---p 00000000 00:00 0 
7fd232df4000-7fd2336f5000 rw-p 00000000 00:00 0 
7fd2336f5000-7fd2336f6000 ---p 00000000 00:00 0 
7fd2336f6000-7fd2337f7000 rw-p 00000000 00:00 0 
7fd2337f7000-7fd2337f8000 ---p 00000000 00:00 0 
7fd2337f8000-7fd234000000 rw-p 00000000 00:00 0 
7fd234000000-7fd234021000 rw-p 00000000 00:00 0 
7fd234021000-7fd238000000 ---p 00000000 00:00 0 
7fd238001000-7fd23a183000 rw-p 00000000 00:00 0 
7fd23a183000-7fd23a184000 ---p 00000000 00:00 0 
7fd23a184000-7fd23a285000 rw-p 00000000 00:00 0 
7fd23a285000-7fd23a286000 ---p 00000000 00:00 0 
7fd23a286000-7fd23a871000 rw-p 00000000 00:00 0 
7fd23a871000-7fd23e309000 ---p 00000000 00:00 0 
7fd23e309000-7fd23e6f1000 rw-p 00000000 00:00 0 
7fd23e6f1000-7fd242189000 ---p 00000000 00:00 0 
7fd242189000-7fd242206000 rw-p 00000000 00:00 0 
7fd242206000-7fd242959000 ---p 00000000 00:00 0 
7fd242959000-7fd2429d6000 rw-p 00000000 00:00 0 
7fd2429d6000-7fd243129000 ---p 00000000 00:00 0 
7fd243129000-7fd2431a6000 rw-p 00000000 00:00 0 
7fd2431a6000-7fd2438f9000 ---p 00000000 00:00 0 
7fd2438f9000-7fd244000000 rw-p 00000000 00:00 0 
7fd244000000-7fd244021000 rw-p 00000000 00:00 0 
7fd244021000-7fd248000000 ---p 00000000 00:00 0 
7fd24801b000-7fd24811c000 rw-p 00000000 00:00 0 
7fd24811c000-7fd24811d000 ---p 00000000 00:00 0 
7fd24811d000-7fd248223000 rw-p 00000000 00:00 0 
7fd248223000-7fd248309000 ---p 00000000 00:00 0 
7fd248309000-7fd24830e000 rw-p 00000000 00:00 0 
7fd24830e000-7fd2483f4000 ---p 00000000 00:00 0 
7fd2483f4000-7fd248664000 rwxp 00000000 00:00 0 
7fd248664000-7fd248985000 ---p 00000000 00:00 0 
7fd248985000-7fd248bf5000 rwxp 00000000 00:00 0 
7fd248bf5000-7fd24febc000 ---p 00000000 00:00 0 
7fd24febc000-7fd25012c000 rwxp 00000000 00:00 0 
7fd25012c000-7fd2573f4000 ---p 00000000 00:00 0 
7fd2573f4000-7fd25f7af000 r--s 00000000 08:01 12195005                   /usr/lib/jvm/jdk-11.0.1/lib/modules
7fd25f7af000-7fd25f7ca000 r-xp 00000000 08:01 12191483                   /usr/lib/jvm/jdk-11.0.1/lib/libjimage.so
7fd25f7ca000-7fd25f9c9000 ---p 0001b000 08:01 12191483                   /usr/lib/jvm/jdk-11.0.1/lib/libjimage.so
7fd25f9c9000-7fd25f9cb000 r--p 0001a000 08:01 12191483                   /usr/lib/jvm/jdk-11.0.1/lib/libjimage.so
7fd25f9cb000-7fd25f9cc000 rw-p 0001c000 08:01 12191483                   /usr/lib/jvm/jdk-11.0.1/lib/libjimage.so
7fd25f9cc000-7fd25f9d3000 r-xp 00000000 08:01 12191496                   /usr/lib/jvm/jdk-11.0.1/lib/libzip.so
7fd25f9d3000-7fd25fbd2000 ---p 00007000 08:01 12191496                   /usr/lib/jvm/jdk-11.0.1/lib/libzip.so
7fd25fbd2000-7fd25fbd3000 r--p 00006000 08:01 12191496                   /usr/lib/jvm/jdk-11.0.1/lib/libzip.so
7fd25fbd3000-7fd25fbd4000 rw-p 00007000 08:01 12191496                   /usr/lib/jvm/jdk-11.0.1/lib/libzip.so
7fd25fbd4000-7fd25fbdf000 r-xp 00000000 08:01 4985550                    /lib/x86_64-linux-gnu/libnss_files-2.27.so
7fd25fbdf000-7fd25fdde000 ---p 0000b000 08:01 4985550                    /lib/x86_64-linux-gnu/libnss_files-2.27.so
7fd25fdde000-7fd25fddf000 r--p 0000a000 08:01 4985550                    /lib/x86_64-linux-gnu/libnss_files-2.27.so
7fd25fddf000-7fd25fde0000 rw-p 0000b000 08:01 4985550                    /lib/x86_64-linux-gnu/libnss_files-2.27.so
7fd25fde0000-7fd25fde6000 rw-p 00000000 00:00 0 
7fd25fde6000-7fd25fdfd000 r-xp 00000000 08:01 4985544                    /lib/x86_64-linux-gnu/libnsl-2.27.so
7fd25fdfd000-7fd25fffc000 ---p 00017000 08:01 4985544                    /lib/x86_64-linux-gnu/libnsl-2.27.so
7fd25fffc000-7fd25fffd000 r--p 00016000 08:01 4985544                    /lib/x86_64-linux-gnu/libnsl-2.27.so
7fd25fffd000-7fd25fffe000 rw-p 00017000 08:01 4985544                    /lib/x86_64-linux-gnu/libnsl-2.27.so
7fd25fffe000-7fd260000000 rw-p 00000000 00:00 0 
7fd260000000-7fd260539000 rw-p 00000000 00:00 0 
7fd260539000-7fd264000000 ---p 00000000 00:00 0 
7fd264003000-7fd26400e000 r-xp 00000000 08:01 4985560                    /lib/x86_64-linux-gnu/libnss_nis-2.27.so
7fd26400e000-7fd26420d000 ---p 0000b000 08:01 4985560                    /lib/x86_64-linux-gnu/libnss_nis-2.27.so
7fd26420d000-7fd26420e000 r--p 0000a000 08:01 4985560                    /lib/x86_64-linux-gnu/libnss_nis-2.27.so
7fd26420e000-7fd26420f000 rw-p 0000b000 08:01 4985560                    /lib/x86_64-linux-gnu/libnss_nis-2.27.so
7fd26420f000-7fd264217000 r-xp 00000000 08:01 4985546                    /lib/x86_64-linux-gnu/libnss_compat-2.27.so
7fd264217000-7fd264417000 ---p 00008000 08:01 4985546                    /lib/x86_64-linux-gnu/libnss_compat-2.27.so
7fd264417000-7fd264418000 r--p 00008000 08:01 4985546                    /lib/x86_64-linux-gnu/libnss_compat-2.27.so
7fd264418000-7fd264419000 rw-p 00009000 08:01 4985546                    /lib/x86_64-linux-gnu/libnss_compat-2.27.so
7fd264419000-7fd2646f7000 r--p 00000000 08:01 12065266                   /usr/lib/locale/locale-archive
7fd2646f7000-7fd264701000 r-xp 00000000 08:01 12191490                   /usr/lib/jvm/jdk-11.0.1/lib/libinstrument.so
7fd264701000-7fd264900000 ---p 0000a000 08:01 12191490                   /usr/lib/jvm/jdk-11.0.1/lib/libinstrument.so
7fd264900000-7fd264901000 r--p 00009000 08:01 12191490                   /usr/lib/jvm/jdk-11.0.1/lib/libinstrument.so
7fd264901000-7fd264902000 rw-p 0000a000 08:01 12191490                   /usr/lib/jvm/jdk-11.0.1/lib/libinstrument.so
7fd264902000-7fd26493d000 r-xp 00000000 08:01 12191492                   /usr/lib/jvm/jdk-11.0.1/lib/libjdwp.so
7fd26493d000-7fd264b3c000 ---p 0003b000 08:01 12191492                   /usr/lib/jvm/jdk-11.0.1/lib/libjdwp.so
7fd264b3c000-7fd264b3d000 r--p 0003a000 08:01 12191492                   /usr/lib/jvm/jdk-11.0.1/lib/libjdwp.so
7fd264b3d000-7fd264b3e000 rw-p 0003b000 08:01 12191492                   /usr/lib/jvm/jdk-11.0.1/lib/libjdwp.so
7fd264b3e000-7fd264b69000 r-xp 00000000 08:01 12191497                   /usr/lib/jvm/jdk-11.0.1/lib/libjava.so
7fd264b69000-7fd264d68000 ---p 0002b000 08:01 12191497                   /usr/lib/jvm/jdk-11.0.1/lib/libjava.so
7fd264d68000-7fd264d69000 r--p 0002a000 08:01 12191497                   /usr/lib/jvm/jdk-11.0.1/lib/libjava.so
7fd264d69000-7fd264d6b000 rw-p 0002b000 08:01 12191497                   /usr/lib/jvm/jdk-11.0.1/lib/libjava.so
7fd264d6b000-7fd264d78000 r-xp 00000000 08:01 12191493                   /usr/lib/jvm/jdk-11.0.1/lib/libverify.so
7fd264d78000-7fd264f77000 ---p 0000d000 08:01 12191493                   /usr/lib/jvm/jdk-11.0.1/lib/libverify.so
7fd264f77000-7fd264f79000 r--p 0000c000 08:01 12191493                   /usr/lib/jvm/jdk-11.0.1/lib/libverify.so
7fd264f79000-7fd264f7a000 rw-p 0000e000 08:01 12191493                   /usr/lib/jvm/jdk-11.0.1/lib/libverify.so
7fd264f7a000-7fd264f81000 r-xp 00000000 08:01 4985600                    /lib/x86_64-linux-gnu/librt-2.27.so
7fd264f81000-7fd265180000 ---p 00007000 08:01 4985600                    /lib/x86_64-linux-gnu/librt-2.27.so
7fd265180000-7fd265181000 r--p 00006000 08:01 4985600                    /lib/x86_64-linux-gnu/librt-2.27.so
7fd265181000-7fd265182000 rw-p 00007000 08:01 4985600                    /lib/x86_64-linux-gnu/librt-2.27.so
7fd265182000-7fd26531f000 r-xp 00000000 08:01 4985523                    /lib/x86_64-linux-gnu/libm-2.27.so
7fd26531f000-7fd26551e000 ---p 0019d000 08:01 4985523                    /lib/x86_64-linux-gnu/libm-2.27.so
7fd26551e000-7fd26551f000 r--p 0019c000 08:01 4985523                    /lib/x86_64-linux-gnu/libm-2.27.so
7fd26551f000-7fd265520000 rw-p 0019d000 08:01 4985523                    /lib/x86_64-linux-gnu/libm-2.27.so
7fd265520000-7fd2666a8000 r-xp 00000000 08:01 12191503                   /usr/lib/jvm/jdk-11.0.1/lib/server/libjvm.so
7fd2666a8000-7fd2668a8000 ---p 01188000 08:01 12191503                   /usr/lib/jvm/jdk-11.0.1/lib/server/libjvm.so
7fd2668a8000-7fd266972000 r--p 01188000 08:01 12191503                   /usr/lib/jvm/jdk-11.0.1/lib/server/libjvm.so
7fd266972000-7fd2669ac000 rw-p 01252000 08:01 12191503                   /usr/lib/jvm/jdk-11.0.1/lib/server/libjvm.so
7fd2669ac000-7fd266a02000 rw-p 00000000 00:00 0 
7fd266a02000-7fd266be9000 r-xp 00000000 08:01 4985460                    /lib/x86_64-linux-gnu/libc-2.27.so
7fd266be9000-7fd266de9000 ---p 001e7000 08:01 4985460                    /lib/x86_64-linux-gnu/libc-2.27.so
7fd266de9000-7fd266ded000 r--p 001e7000 08:01 4985460                    /lib/x86_64-linux-gnu/libc-2.27.so
7fd266ded000-7fd266def000 rw-p 001eb000 08:01 4985460                    /lib/x86_64-linux-gnu/libc-2.27.so
7fd266def000-7fd266df3000 rw-p 00000000 00:00 0 
7fd266df3000-7fd266df6000 r-xp 00000000 08:01 4985483                    /lib/x86_64-linux-gnu/libdl-2.27.so
7fd266df6000-7fd266ff5000 ---p 00003000 08:01 4985483                    /lib/x86_64-linux-gnu/libdl-2.27.so
7fd266ff5000-7fd266ff6000 r--p 00002000 08:01 4985483                    /lib/x86_64-linux-gnu/libdl-2.27.so
7fd266ff6000-7fd266ff7000 rw-p 00003000 08:01 4985483                    /lib/x86_64-linux-gnu/libdl-2.27.so
7fd266ff7000-7fd267006000 r-xp 00000000 08:01 12195014                   /usr/lib/jvm/jdk-11.0.1/lib/jli/libjli.so
7fd267006000-7fd267206000 ---p 0000f000 08:01 12195014                   /usr/lib/jvm/jdk-11.0.1/lib/jli/libjli.so
7fd267206000-7fd267207000 r--p 0000f000 08:01 12195014                   /usr/lib/jvm/jdk-11.0.1/lib/jli/libjli.so
7fd267207000-7fd267208000 rw-p 00010000 08:01 12195014                   /usr/lib/jvm/jdk-11.0.1/lib/jli/libjli.so
7fd267208000-7fd267222000 r-xp 00000000 08:01 4985592                    /lib/x86_64-linux-gnu/libpthread-2.27.so
7fd267222000-7fd267421000 ---p 0001a000 08:01 4985592                    /lib/x86_64-linux-gnu/libpthread-2.27.so
7fd267421000-7fd267422000 r--p 00019000 08:01 4985592                    /lib/x86_64-linux-gnu/libpthread-2.27.so
7fd267422000-7fd267423000 rw-p 0001a000 08:01 4985592                    /lib/x86_64-linux-gnu/libpthread-2.27.so
7fd267423000-7fd267427000 rw-p 00000000 00:00 0 
7fd267427000-7fd267443000 r-xp 00000000 08:01 4985631                    /lib/x86_64-linux-gnu/libz.so.1.2.11
7fd267443000-7fd267642000 ---p 0001c000 08:01 4985631                    /lib/x86_64-linux-gnu/libz.so.1.2.11
7fd267642000-7fd267643000 r--p 0001b000 08:01 4985631                    /lib/x86_64-linux-gnu/libz.so.1.2.11
7fd267643000-7fd267644000 rw-p 0001c000 08:01 4985631                    /lib/x86_64-linux-gnu/libz.so.1.2.11
7fd267644000-7fd26766b000 r-xp 00000000 08:01 4985432                    /lib/x86_64-linux-gnu/ld-2.27.so
7fd2676d6000-7fd267731000 rw-p 00000000 00:00 0 
7fd267731000-7fd267735000 ---p 00000000 00:00 0 
7fd267735000-7fd267836000 rw-p 00000000 00:00 0 
7fd26784c000-7fd267853000 r--s 00000000 08:01 12321721                   /usr/lib/x86_64-linux-gnu/gconv/gconv-modules.cache
7fd267853000-7fd267858000 rw-p 00000000 00:00 0 
7fd267858000-7fd26785f000 ---p 00000000 00:00 0 
7fd26785f000-7fd267861000 r--s 00001000 08:01 9053494                    /home/nathan/Extracts/idea-IU-182.4892.20/lib/rt/debugger-agent-storage.jar
7fd267861000-7fd267869000 rw-s 00000000 08:01 2364490                    /tmp/hsperfdata_nathan/20382
7fd267869000-7fd26786a000 ---p 00000000 00:00 0 
7fd26786a000-7fd26786b000 r--p 00000000 00:00 0 
7fd26786b000-7fd26786c000 r--p 00027000 08:01 4985432                    /lib/x86_64-linux-gnu/ld-2.27.so
7fd26786c000-7fd26786d000 rw-p 00028000 08:01 4985432                    /lib/x86_64-linux-gnu/ld-2.27.so
7fd26786d000-7fd26786e000 rw-p 00000000 00:00 0 
7ffc449b0000-7ffc449d1000 rw-p 00000000 00:00 0                          [stack]
7ffc449ea000-7ffc449ed000 r--p 00000000 00:00 0                          [vvar]
7ffc449ed000-7ffc449ef000 r-xp 00000000 00:00 0                          [vdso]
ffffffffff600000-ffffffffff601000 r-xp 00000000 00:00 0                  [vsyscall]


VM Arguments:
jvm_args: -agentlib:jdwp=transport=dt_socket,address=127.0.0.1:42877,suspend=y,server=n -ea -Didea.test.cyclic.buffer.size=1048576 -javaagent:/home/nathan/Extracts/idea-IU-182.4892.20/lib/rt/debugger-agent.jar=file:/tmp/capture.props -Dfile.encoding=UTF-8 
java_command: com.intellij.rt.execution.junit.JUnitStarter -ideVersion5 -junit4 office.MeetingSchedulerTest,shouldNotBookMeetingRoomOutsideOfficeHours
java_class_path (initial): /home/nathan/Extracts/idea-IU-182.4892.20/lib/idea_rt.jar:/home/nathan/Extracts/idea-IU-182.4892.20/plugins/junit/lib/junit-rt.jar:/home/nathan/Extracts/idea-IU-182.4892.20/plugins/junit/lib/junit5-rt.jar:/home/nathan/Dropbox/School/UIUC/CS427/Debugging/Debugging/target/test-classes:/home/nathan/Dropbox/School/UIUC/CS427/Debugging/Debugging/target/classes:/home/nathan/.m2/repository/junit/junit/4.12/junit-4.12.jar:/home/nathan/.m2/repository/org/hamcrest/hamcrest-core/1.3/hamcrest-core-1.3.jar:/home/nathan/.m2/repository/joda-time/joda-time/2.2/joda-time-2.2.jar
Launcher Type: SUN_STANDARD

[Global flags]
     intx CICompilerCount                          = 4                                         {product} {ergonomic}
     uint ConcGCThreads                            = 2                                         {product} {ergonomic}
     uint G1ConcRefinementThreads                  = 8                                         {product} {ergonomic}
   size_t G1HeapRegionSize                         = 1048576                                   {product} {ergonomic}
    uintx GCDrainStackTargetSize                   = 64                                        {product} {ergonomic}
   size_t InitialHeapSize                          = 262144000                                 {product} {ergonomic}
   size_t MarkStackSize                            = 4194304                                   {product} {ergonomic}
   size_t MaxHeapSize                              = 4194304000                                {product} {ergonomic}
   size_t MaxNewSize                               = 2516582400                                {product} {ergonomic}
   size_t MinHeapDeltaBytes                        = 1048576                                   {product} {ergonomic}
    uintx NonNMethodCodeHeapSize                   = 5835340                                {pd product} {ergonomic}
    uintx NonProfiledCodeHeapSize                  = 122911450                              {pd product} {ergonomic}
    uintx ProfiledCodeHeapSize                     = 122911450                              {pd product} {ergonomic}
    uintx ReservedCodeCacheSize                    = 251658240                              {pd product} {ergonomic}
     bool SegmentedCodeCache                       = true                                      {product} {ergonomic}
     bool UseCompressedClassPointers               = true                                 {lp64_product} {ergonomic}
     bool UseCompressedOops                        = true                                 {lp64_product} {ergonomic}
     bool UseG1GC                                  = true                                      {product} {ergonomic}

Logging:
Log output configuration:
 #0: stdout all=warning uptime,level,tags
 #1: stderr all=off uptime,level,tags

Environment Variables:
JAVA_HOME=/usr/lib/jvm/java-8-oracle
PATH=/home/nathan/.local/bin:/home/nathan/bin:/usr/local/sbin:/usr/local/bin:/usr/sbin:/usr/bin:/sbin:/bin:/usr/games:/usr/local/games:/snap/bin:/usr/lib/jvm/java-8-oracle/bin:/usr/lib/jvm/java-8-oracle/db/bin:/usr/lib/jvm/java-8-oracle/jre/bin
SHELL=/bin/bash
DISPLAY=:0

Signal Handlers:
SIGSEGV: [libjvm.so+0xe5ac10], sa_mask[0]=11111111011111111101111111111110, sa_flags=SA_RESTART|SA_SIGINFO
SIGBUS: [libjvm.so+0xe5ac10], sa_mask[0]=11111111011111111101111111111110, sa_flags=SA_RESTART|SA_SIGINFO
SIGFPE: [libjvm.so+0xe5ac10], sa_mask[0]=11111111011111111101111111111110, sa_flags=SA_RESTART|SA_SIGINFO
SIGPIPE: [libjvm.so+0xc30d00], sa_mask[0]=11111111011111111101111111111110, sa_flags=SA_RESTART|SA_SIGINFO
SIGXFSZ: [libjvm.so+0xc30d00], sa_mask[0]=11111111011111111101111111111110, sa_flags=SA_RESTART|SA_SIGINFO
SIGILL: [libjvm.so+0xe5ac10], sa_mask[0]=11111111011111111101111111111110, sa_flags=SA_RESTART|SA_SIGINFO
SIGUSR2: [libjvm.so+0xc30ba0], sa_mask[0]=00100000000000000000000000000000, sa_flags=SA_RESTART|SA_SIGINFO
SIGHUP: [libjvm.so+0xc30f00], sa_mask[0]=11111111011111111101111111111110, sa_flags=SA_RESTART|SA_SIGINFO
SIGINT: [libjvm.so+0xc30f00], sa_mask[0]=11111111011111111101111111111110, sa_flags=SA_RESTART|SA_SIGINFO
SIGTERM: [libjvm.so+0xc30f00], sa_mask[0]=11111111011111111101111111111110, sa_flags=SA_RESTART|SA_SIGINFO
SIGQUIT: [libjvm.so+0xc30f00], sa_mask[0]=11111111011111111101111111111110, sa_flags=SA_RESTART|SA_SIGINFO


---------------  S Y S T E M  ---------------

OS:DISTRIB_ID=Ubuntu
DISTRIB_RELEASE=18.04
DISTRIB_CODENAME=bionic
DISTRIB_DESCRIPTION="Ubuntu 18.04.1 LTS"
uname:Linux 4.15.0-42-generic #45-Ubuntu SMP Thu Nov 15 19:32:57 UTC 2018 x86_64
libc:glibc 2.27 NPTL 2.27 
rlimit: STACK 8192k, CORE 0k, NPROC 63761, NOFILE 1048576, AS infinity, DATA infinity, FSIZE infinity
load average:2.10 1.98 2.09

/proc/meminfo:
MemTotal:       16383568 kB
MemFree:         4802860 kB
MemAvailable:    8592212 kB
Buffers:          619324 kB
Cached:          3422048 kB
SwapCached:            0 kB
Active:          8601596 kB
Inactive:        2240268 kB
Active(anon):    6814260 kB
Inactive(anon):   220236 kB
Active(file):    1787336 kB
Inactive(file):  2020032 kB
Unevictable:           0 kB
Mlocked:               0 kB
SwapTotal:       2097148 kB
SwapFree:        2097148 kB
Dirty:              5112 kB
Writeback:             0 kB
AnonPages:       6800824 kB
Mapped:           914700 kB
Shmem:            233896 kB
Slab:             402316 kB
SReclaimable:     323192 kB
SUnreclaim:        79124 kB
KernelStack:       25984 kB
PageTables:       110704 kB
NFS_Unstable:          0 kB
Bounce:                0 kB
WritebackTmp:          0 kB
CommitLimit:    10288932 kB
Committed_AS:   22013644 kB
VmallocTotal:   34359738367 kB
VmallocUsed:           0 kB
VmallocChunk:          0 kB
HardwareCorrupted:     0 kB
AnonHugePages:         0 kB
ShmemHugePages:        0 kB
ShmemPmdMapped:        0 kB
CmaTotal:              0 kB
CmaFree:               0 kB
HugePages_Total:       0
HugePages_Free:        0
HugePages_Rsvd:        0
HugePages_Surp:        0
Hugepagesize:       2048 kB
DirectMap4k:      435428 kB
DirectMap2M:    12105728 kB
DirectMap1G:     4194304 kB


/proc/sys/kernel/threads-max (system-wide limit on the number of threads):
127523


/proc/sys/vm/max_map_count (maximum number of memory map areas a process may have):
65530


/proc/sys/kernel/pid_max (system-wide limit on number of process identifiers):
32768


container (cgroup) information:
container_type: cgroupv1
cpu_cpuset_cpus: 0-7
cpu_memory_nodes: 0
active_processor_count: 8
cpu_quota: -1
cpu_period: 100000
cpu_shares: -1
memory_limit_in_bytes: -1
memory_and_swap_limit_in_bytes: -2
memory_soft_limit_in_bytes: -1
memory_usage_in_bytes: 11102515200
memory_max_usage_in_bytes: 0


CPU:total 8 (initial active 8) (4 cores per cpu, 2 threads per core) family 6 model 158 stepping 9, cmov, cx8, fxsr, mmx, sse, sse2, sse3, ssse3, sse4.1, sse4.2, popcnt, avx, avx2, aes, clmul, erms, rtm, 3dnowpref, lzcnt, ht, tsc, tscinvbit, bmi1, bmi2, adx, fma
CPU Model and flags from /proc/cpuinfo:
model name	: Intel(R) Core(TM) i7-7700K CPU @ 4.20GHz
flags		: fpu vme de pse tsc msr pae mce cx8 apic sep mtrr pge mca cmov pat pse36 clflush dts acpi mmx fxsr sse sse2 ss ht tm pbe syscall nx pdpe1gb rdtscp lm constant_tsc art arch_perfmon pebs bts rep_good nopl xtopology nonstop_tsc cpuid aperfmperf tsc_known_freq pni pclmulqdq dtes64 monitor ds_cpl vmx est tm2 ssse3 sdbg fma cx16 xtpr pdcm pcid sse4_1 sse4_2 x2apic movbe popcnt tsc_deadline_timer aes xsave avx f16c rdrand lahf_lm abm 3dnowprefetch cpuid_fault epb invpcid_single pti ssbd ibrs ibpb stibp tpr_shadow vnmi flexpriority ept vpid fsgsbase tsc_adjust bmi1 hle avx2 smep bmi2 erms invpcid rtm mpx rdseed adx smap clflushopt intel_pt xsaveopt xsavec xgetbv1 xsaves dtherm ida arat pln pts hwp hwp_notify hwp_act_window hwp_epp flush_l1d

Memory: 4k page, physical 16383568k(4802860k free), swap 2097148k(2097148k free)

vm_info: Java HotSpot(TM) 64-Bit Server VM (11.0.1+13-LTS) for linux-amd64 JRE (11.0.1+13-LTS), built on Oct  6 2018 05:13:05 by "mach5one" with gcc 7.3.0

END.
